#
# There is insufficient memory for the Java Runtime Environment to continue.
# Native memory allocation (malloc) failed to allocate 1048576 bytes for AllocateHeap
# Possible reasons:
#   The system is out of physical RAM or swap space
#   The process is running with CompressedOops enabled, and the Java Heap may be blocking the growth of the native heap
# Possible solutions:
#   Reduce memory load on the system
#   Increase physical memory or swap space
#   Check if swap backing store is full
#   Decrease Java heap size (-Xmx/-Xms)
#   Decrease number of Java threads
#   Decrease Java thread stack sizes (-Xss)
#   Set larger code cache with -XX:ReservedCodeCacheSize=
#   JVM is running with Unscaled Compressed Oops mode in which the Java heap is
#     placed in the first 4GB address space. The Java Heap base address is the
#     maximum limit for the native heap growth. Please use -XX:HeapBaseMinAddress
#     to set the Java Heap base and to place the Java Heap above 4GB virtual address.
# This output file may be truncated or incomplete.
#
#  Out of Memory Error (allocation.cpp:46), pid=26404, tid=10980
#
# JRE version: OpenJDK Runtime Environment Microsoft-8035250 (11.0.20+8) (build 11.0.20+8-LTS)
# Java VM: OpenJDK 64-Bit Server VM Microsoft-8035250 (11.0.20+8-LTS, mixed mode, tiered, compressed oops, g1 gc, windows-amd64)
# No core dump will be written. Minidumps are not enabled by default on client versions of Windows
#

---------------  S U M M A R Y ------------

Command Line: -XX:MaxMetaspaceSize=512m --add-opens=java.base/java.util=ALL-UNNAMED --add-opens=java.base/java.lang=ALL-UNNAMED --add-opens=java.base/java.lang.invoke=ALL-UNNAMED --add-opens=java.prefs/java.util.prefs=ALL-UNNAMED --add-opens=java.base/java.nio.charset=ALL-UNNAMED --add-opens=java.base/java.net=ALL-UNNAMED --add-opens=java.base/java.util.concurrent.atomic=ALL-UNNAMED -Xmx2048m -Dfile.encoding=windows-1252 -Duser.country=IN -Duser.language=en -Duser.variant org.gradle.launcher.daemon.bootstrap.GradleDaemon 8.0.1

Host: Intel(R) Core(TM) i5-6300U CPU @ 2.40GHz, 4 cores, 7G,  Windows 10 , 64 bit Build 19041 (10.0.19041.1151)
Time: Tue Sep 12 10:59:53 2023 India Standard Time elapsed time: 219.826403 seconds (0d 0h 3m 39s)

---------------  T H R E A D  ---------------

Current thread (0x000001d2e411a800):  VMThread "VM Thread" [stack: 0x0000004405900000,0x0000004405a00000] [id=10980]

Stack: [0x0000004405900000,0x0000004405a00000]
[error occurred during error reporting (printing stack bounds), id 0xc0000005, EXCEPTION_ACCESS_VIOLATION (0xc0000005) at pc=0x000001d2cd8d112d]

Native frames: (J=compiled Java code, j=interpreted, Vv=VM code, C=native code)
V  [jvm.dll+0x62e9da]
V  [jvm.dll+0x7bc4e9]
V  [jvm.dll+0x7bdbd8]
V  [jvm.dll+0x7be215]
V  [jvm.dll+0x7be1cb]
V  [jvm.dll+0x62dd67]
V  [jvm.dll+0x62e478]
C  [ntdll.dll+0xa217f]
C  [ntdll.dll+0x51454]
C  [ntdll.dll+0xa0cae]
C  0x000001d2cd8d112d

VM_Operation (0x0000004406ef95a0): CollectForMetadataAllocation, mode: safepoint, requested by thread 0x000001d2e6352800


---------------  P R O C E S S  ---------------

Threads class SMR info:
_java_thread_list=0x000001d2e6911f10, length=20, elements={
0x000001d2c3980800, 0x000001d2e4131000, 0x000001d2e4132000, 0x000001d2e417f800,
0x000001d2e4181800, 0x000001d2e4183000, 0x000001d2e4186000, 0x000001d2e4187800,
0x000001d2e4b08000, 0x000001d2e4c09000, 0x000001d2e645b800, 0x000001d2e5b1f000,
0x000001d2e68a9800, 0x000001d2e54d4800, 0x000001d2e5a42800, 0x000001d2e610f800,
0x000001d2e6352800, 0x000001d2e6353800, 0x000001d2e6b03800, 0x000001d2e6a23000
}

Java Threads: ( => current thread )
  0x000001d2c3980800 JavaThread "main" [_thread_blocked, id=25932, stack(0x0000004405300000,0x0000004405400000)]
  0x000001d2e4131000 JavaThread "Reference Handler" daemon [_thread_blocked, id=22148, stack(0x0000004405a00000,0x0000004405b00000)]
  0x000001d2e4132000 JavaThread "Finalizer" daemon [_thread_blocked, id=4964, stack(0x0000004405b00000,0x0000004405c00000)]
  0x000001d2e417f800 JavaThread "Signal Dispatcher" daemon [_thread_blocked, id=24124, stack(0x0000004405c00000,0x0000004405d00000)]
  0x000001d2e4181800 JavaThread "Attach Listener" daemon [_thread_blocked, id=24132, stack(0x0000004405d00000,0x0000004405e00000)]
  0x000001d2e4183000 JavaThread "Service Thread" daemon [_thread_blocked, id=24128, stack(0x0000004405e00000,0x0000004405f00000)]
  0x000001d2e4186000 JavaThread "C2 CompilerThread0" daemon [_thread_blocked, id=11568, stack(0x0000004405f00000,0x0000004406000000)]
  0x000001d2e4187800 JavaThread "C1 CompilerThread0" daemon [_thread_blocked, id=23740, stack(0x0000004406000000,0x0000004406100000)]
  0x000001d2e4b08000 JavaThread "Sweeper thread" daemon [_thread_blocked, id=23760, stack(0x0000004406100000,0x0000004406200000)]
  0x000001d2e4c09000 JavaThread "Common-Cleaner" daemon [_thread_blocked, id=26728, stack(0x0000004406200000,0x0000004406300000)]
  0x000001d2e645b800 JavaThread "Daemon health stats" [_thread_blocked, id=20292, stack(0x0000004405100000,0x0000004405200000)]
  0x000001d2e5b1f000 JavaThread "Incoming local TCP Connector on port 63812" [_thread_in_native, id=5308, stack(0x0000004406700000,0x0000004406800000)]
  0x000001d2e68a9800 JavaThread "Daemon periodic checks" [_thread_blocked, id=17792, stack(0x0000004406800000,0x0000004406900000)]
  0x000001d2e54d4800 JavaThread "Daemon" [_thread_blocked, id=23024, stack(0x0000004406b00000,0x0000004406c00000)]
  0x000001d2e5a42800 JavaThread "Handler for socket connection from /127.0.0.1:63812 to /127.0.0.1:63821" [_thread_in_native, id=22240, stack(0x0000004406c00000,0x0000004406d00000)]
  0x000001d2e610f800 JavaThread "Cancel handler" [_thread_blocked, id=6796, stack(0x0000004406d00000,0x0000004406e00000)]
  0x000001d2e6352800 JavaThread "Daemon worker" [_thread_blocked, id=25116, stack(0x0000004406e00000,0x0000004406f00000)]
  0x000001d2e6353800 JavaThread "Asynchronous log dispatcher for DefaultDaemonConnection: socket connection from /127.0.0.1:63812 to /127.0.0.1:63821" [_thread_blocked, id=25440, stack(0x0000004406f00000,0x0000004407000000)]
  0x000001d2e6b03800 JavaThread "Stdin handler" [_thread_blocked, id=16316, stack(0x0000004407000000,0x0000004407100000)]
  0x000001d2e6a23000 JavaThread "Daemon client event forwarder" [_thread_blocked, id=26704, stack(0x0000004407100000,0x0000004407200000)]

Other Threads:
=>0x000001d2e411a800 VMThread "VM Thread" [stack: 0x0000004405900000,0x0000004405a00000] [id=10980]
  0x000001d2e4c31800 WatcherThread [stack: 0x0000004406300000,0x0000004406400000] [id=26740]
  0x000001d2c3999800 GCTaskThread "GC Thread#0" [stack: 0x0000004405400000,0x0000004405500000] [id=1424]
  0x000001d2e4c76800 GCTaskThread "GC Thread#1" [stack: 0x0000004406400000,0x0000004406500000] [id=26756]
  0x000001d2e4c77000 GCTaskThread "GC Thread#2" [stack: 0x0000004406500000,0x0000004406600000] [id=26760]
  0x000001d2e6754000 GCTaskThread "GC Thread#3" [stack: 0x0000004405200000,0x0000004405300000] [id=440]
  0x000001d2c39c9000 ConcurrentGCThread "G1 Main Marker" [stack: 0x0000004405500000,0x0000004405600000] [id=412]
  0x000001d2c39ca000 ConcurrentGCThread "G1 Conc#0" [stack: 0x0000004405600000,0x0000004405700000] [id=5148]
  0x000001d2c3a56800 ConcurrentGCThread "G1 Refine#0" [stack: 0x0000004405700000,0x0000004405800000] [id=15860]
  0x000001d2e55d2000 ConcurrentGCThread "G1 Refine#1" [stack: 0x0000004406600000,0x0000004406700000] [id=2036]
  0x000001d2c3a57800 ConcurrentGCThread "G1 Young RemSet Sampling" [stack: 0x0000004405800000,0x0000004405900000] [id=17892]

Threads with active compile tasks:

VM state:at safepoint (normal execution)

VM Mutex/Monitor currently owned by a thread:  ([mutex/lock_event])
[0x000001d2c397e580] Threads_lock - owner thread: 0x000001d2e411a800
[0x000001d2c397e2b0] Heap_lock - owner thread: 0x000001d2e6352800

Heap address: 0x0000000080000000, size: 2048 MB, Compressed Oops mode: 32-bit
Narrow klass base: 0x0000000000000000, Narrow klass shift: 3
Compressed class space size: 528482304 Address: 0x0000000100000000

Heap:
 garbage-first heap   total 129024K, used 17689K [0x0000000080000000, 0x0000000100000000)
  region size 1024K, 2 young (2048K), 2 survivors (2048K)
 Metaspace       used 17933K, capacity 18226K, committed 18304K, reserved 548864K
  class space    used 2019K, capacity 2140K, committed 2176K, reserved 516096K
Heap Regions: E=young(eden), S=young(survivor), O=old, HS=humongous(starts), HC=humongous(continues), CS=collection set, F=free, A=archive, TAMS=top-at-mark-start (previous, next)
|   0|0x0000000080000000, 0x0000000080100000, 0x0000000080100000|100%|HS|  |TAMS 0x0000000080000000, 0x0000000080100000| Complete 
|   1|0x0000000080100000, 0x0000000080200000, 0x0000000080200000|100%|HC|  |TAMS 0x0000000080100000, 0x0000000080200000| Complete 
|   2|0x0000000080200000, 0x0000000080300000, 0x0000000080300000|100%|HC|  |TAMS 0x0000000080200000, 0x0000000080300000| Complete 
|   3|0x0000000080300000, 0x0000000080400000, 0x0000000080400000|100%|HC|  |TAMS 0x0000000080300000, 0x0000000080400000| Complete 
|   4|0x0000000080400000, 0x0000000080500000, 0x0000000080500000|100%| O|  |TAMS 0x0000000080400000, 0x0000000080500000| Untracked 
|   5|0x0000000080500000, 0x0000000080600000, 0x0000000080600000|100%| O|  |TAMS 0x0000000080500000, 0x0000000080600000| Untracked 
|   6|0x0000000080600000, 0x0000000080700000, 0x0000000080700000|100%| O|  |TAMS 0x0000000080600000, 0x0000000080700000| Untracked 
|   7|0x0000000080700000, 0x0000000080800000, 0x0000000080800000|100%| O|  |TAMS 0x0000000080700000, 0x0000000080800000| Untracked 
|   8|0x0000000080800000, 0x0000000080900000, 0x0000000080900000|100%| O|  |TAMS 0x0000000080800000, 0x0000000080900000| Untracked 
|   9|0x0000000080900000, 0x0000000080a00000, 0x0000000080a00000|100%| O|  |TAMS 0x0000000080900000, 0x0000000080a00000| Untracked 
|  10|0x0000000080a00000, 0x0000000080b00000, 0x0000000080b00000|100%| O|  |TAMS 0x0000000080a00000, 0x0000000080b00000| Untracked 
|  11|0x0000000080b00000, 0x0000000080c00000, 0x0000000080c00000|100%| O|  |TAMS 0x0000000080b00000, 0x0000000080c00000| Untracked 
|  12|0x0000000080c00000, 0x0000000080d00000, 0x0000000080d00000|100%| O|  |TAMS 0x0000000080c00000, 0x0000000080d00000| Untracked 
|  13|0x0000000080d00000, 0x0000000080e00000, 0x0000000080e00000|100%| O|  |TAMS 0x0000000080d00000, 0x0000000080e00000| Untracked 
|  14|0x0000000080e00000, 0x0000000080f00000, 0x0000000080f00000|100%| O|  |TAMS 0x0000000080e00000, 0x0000000080f00000| Untracked 
|  15|0x0000000080f00000, 0x0000000080ff4600, 0x0000000081000000| 95%| O|  |TAMS 0x0000000080f00000, 0x0000000080ff4600| Untracked 
|  16|0x0000000081000000, 0x0000000081000000, 0x0000000081100000|  0%| F|  |TAMS 0x0000000081000000, 0x0000000081000000| Untracked 
|  17|0x0000000081100000, 0x0000000081100000, 0x0000000081200000|  0%| F|  |TAMS 0x0000000081100000, 0x0000000081100000| Untracked 
|  18|0x0000000081200000, 0x0000000081200000, 0x0000000081300000|  0%| F|  |TAMS 0x0000000081200000, 0x0000000081200000| Untracked 
|  19|0x0000000081300000, 0x0000000081300000, 0x0000000081400000|  0%| F|  |TAMS 0x0000000081300000, 0x0000000081300000| Untracked 
|  20|0x0000000081400000, 0x0000000081400000, 0x0000000081500000|  0%| F|  |TAMS 0x0000000081400000, 0x0000000081400000| Untracked 
|  21|0x0000000081500000, 0x0000000081500000, 0x0000000081600000|  0%| F|  |TAMS 0x0000000081500000, 0x0000000081500000| Untracked 
|  22|0x0000000081600000, 0x0000000081600000, 0x0000000081700000|  0%| F|  |TAMS 0x0000000081600000, 0x0000000081600000| Untracked 
|  23|0x0000000081700000, 0x0000000081700000, 0x0000000081800000|  0%| F|  |TAMS 0x0000000081700000, 0x0000000081700000| Untracked 
|  24|0x0000000081800000, 0x0000000081800000, 0x0000000081900000|  0%| F|  |TAMS 0x0000000081800000, 0x0000000081800000| Untracked 
|  25|0x0000000081900000, 0x0000000081900000, 0x0000000081a00000|  0%| F|  |TAMS 0x0000000081900000, 0x0000000081900000| Untracked 
|  26|0x0000000081a00000, 0x0000000081a00000, 0x0000000081b00000|  0%| F|  |TAMS 0x0000000081a00000, 0x0000000081a00000| Untracked 
|  27|0x0000000081b00000, 0x0000000081b00000, 0x0000000081c00000|  0%| F|  |TAMS 0x0000000081b00000, 0x0000000081b00000| Untracked 
|  28|0x0000000081c00000, 0x0000000081c00000, 0x0000000081d00000|  0%| F|  |TAMS 0x0000000081c00000, 0x0000000081c00000| Untracked 
|  29|0x0000000081d00000, 0x0000000081d00000, 0x0000000081e00000|  0%| F|  |TAMS 0x0000000081d00000, 0x0000000081d00000| Untracked 
|  30|0x0000000081e00000, 0x0000000081e00000, 0x0000000081f00000|  0%| F|  |TAMS 0x0000000081e00000, 0x0000000081e00000| Untracked 
|  31|0x0000000081f00000, 0x0000000081f00000, 0x0000000082000000|  0%| F|  |TAMS 0x0000000081f00000, 0x0000000081f00000| Untracked 
|  32|0x0000000082000000, 0x0000000082000000, 0x0000000082100000|  0%| F|  |TAMS 0x0000000082000000, 0x0000000082000000| Untracked 
|  33|0x0000000082100000, 0x0000000082100000, 0x0000000082200000|  0%| F|  |TAMS 0x0000000082100000, 0x0000000082100000| Untracked 
|  34|0x0000000082200000, 0x0000000082200000, 0x0000000082300000|  0%| F|  |TAMS 0x0000000082200000, 0x0000000082200000| Untracked 
|  35|0x0000000082300000, 0x0000000082300000, 0x0000000082400000|  0%| F|  |TAMS 0x0000000082300000, 0x0000000082300000| Untracked 
|  36|0x0000000082400000, 0x0000000082400000, 0x0000000082500000|  0%| F|  |TAMS 0x0000000082400000, 0x0000000082400000| Untracked 
|  37|0x0000000082500000, 0x0000000082500000, 0x0000000082600000|  0%| F|  |TAMS 0x0000000082500000, 0x0000000082500000| Untracked 
|  38|0x0000000082600000, 0x0000000082600000, 0x0000000082700000|  0%| F|  |TAMS 0x0000000082600000, 0x0000000082600000| Untracked 
|  39|0x0000000082700000, 0x0000000082700000, 0x0000000082800000|  0%| F|  |TAMS 0x0000000082700000, 0x0000000082700000| Untracked 
|  40|0x0000000082800000, 0x0000000082800000, 0x0000000082900000|  0%| F|  |TAMS 0x0000000082800000, 0x0000000082800000| Untracked 
|  41|0x0000000082900000, 0x0000000082900000, 0x0000000082a00000|  0%| F|  |TAMS 0x0000000082900000, 0x0000000082900000| Untracked 
|  42|0x0000000082a00000, 0x0000000082a00000, 0x0000000082b00000|  0%| F|  |TAMS 0x0000000082a00000, 0x0000000082a00000| Untracked 
|  43|0x0000000082b00000, 0x0000000082b00000, 0x0000000082c00000|  0%| F|  |TAMS 0x0000000082b00000, 0x0000000082b00000| Untracked 
|  44|0x0000000082c00000, 0x0000000082c00000, 0x0000000082d00000|  0%| F|  |TAMS 0x0000000082c00000, 0x0000000082c00000| Untracked 
|  45|0x0000000082d00000, 0x0000000082d00000, 0x0000000082e00000|  0%| F|  |TAMS 0x0000000082d00000, 0x0000000082d00000| Untracked 
|  46|0x0000000082e00000, 0x0000000082e00000, 0x0000000082f00000|  0%| F|  |TAMS 0x0000000082e00000, 0x0000000082e00000| Untracked 
|  47|0x0000000082f00000, 0x0000000082f00000, 0x0000000083000000|  0%| F|  |TAMS 0x0000000082f00000, 0x0000000082f00000| Untracked 
|  48|0x0000000083000000, 0x0000000083000000, 0x0000000083100000|  0%| F|  |TAMS 0x0000000083000000, 0x0000000083000000| Untracked 
|  49|0x0000000083100000, 0x0000000083100000, 0x0000000083200000|  0%| F|  |TAMS 0x0000000083100000, 0x0000000083100000| Untracked 
|  50|0x0000000083200000, 0x0000000083200000, 0x0000000083300000|  0%| F|  |TAMS 0x0000000083200000, 0x0000000083200000| Untracked 
|  51|0x0000000083300000, 0x0000000083300000, 0x0000000083400000|  0%| F|  |TAMS 0x0000000083300000, 0x0000000083300000| Untracked 
|  52|0x0000000083400000, 0x0000000083400000, 0x0000000083500000|  0%| F|  |TAMS 0x0000000083400000, 0x0000000083400000| Untracked 
|  53|0x0000000083500000, 0x0000000083500000, 0x0000000083600000|  0%| F|  |TAMS 0x0000000083500000, 0x0000000083500000| Untracked 
|  54|0x0000000083600000, 0x0000000083600000, 0x0000000083700000|  0%| F|  |TAMS 0x0000000083600000, 0x0000000083600000| Untracked 
|  55|0x0000000083700000, 0x0000000083700000, 0x0000000083800000|  0%| F|  |TAMS 0x0000000083700000, 0x0000000083700000| Untracked 
|  56|0x0000000083800000, 0x0000000083800000, 0x0000000083900000|  0%| F|  |TAMS 0x0000000083800000, 0x0000000083800000| Untracked 
|  57|0x0000000083900000, 0x0000000083900000, 0x0000000083a00000|  0%| F|  |TAMS 0x0000000083900000, 0x0000000083900000| Untracked 
|  58|0x0000000083a00000, 0x0000000083a00000, 0x0000000083b00000|  0%| F|  |TAMS 0x0000000083a00000, 0x0000000083a00000| Untracked 
|  59|0x0000000083b00000, 0x0000000083b00000, 0x0000000083c00000|  0%| F|  |TAMS 0x0000000083b00000, 0x0000000083b00000| Untracked 
|  60|0x0000000083c00000, 0x0000000083c00000, 0x0000000083d00000|  0%| F|  |TAMS 0x0000000083c00000, 0x0000000083c00000| Untracked 
|  61|0x0000000083d00000, 0x0000000083d00000, 0x0000000083e00000|  0%| F|  |TAMS 0x0000000083d00000, 0x0000000083d00000| Untracked 
|  62|0x0000000083e00000, 0x0000000083e00000, 0x0000000083f00000|  0%| F|  |TAMS 0x0000000083e00000, 0x0000000083e00000| Untracked 
|  63|0x0000000083f00000, 0x0000000083f00000, 0x0000000084000000|  0%| F|  |TAMS 0x0000000083f00000, 0x0000000083f00000| Untracked 
|  64|0x0000000084000000, 0x0000000084000000, 0x0000000084100000|  0%| F|  |TAMS 0x0000000084000000, 0x0000000084000000| Untracked 
|  65|0x0000000084100000, 0x0000000084100000, 0x0000000084200000|  0%| F|  |TAMS 0x0000000084100000, 0x0000000084100000| Untracked 
|  66|0x0000000084200000, 0x0000000084200000, 0x0000000084300000|  0%| F|  |TAMS 0x0000000084200000, 0x0000000084200000| Untracked 
|  67|0x0000000084300000, 0x0000000084300000, 0x0000000084400000|  0%| F|  |TAMS 0x0000000084300000, 0x0000000084300000| Untracked 
|  68|0x0000000084400000, 0x0000000084400000, 0x0000000084500000|  0%| F|  |TAMS 0x0000000084400000, 0x0000000084400000| Untracked 
|  69|0x0000000084500000, 0x0000000084500000, 0x0000000084600000|  0%| F|  |TAMS 0x0000000084500000, 0x0000000084500000| Untracked 
|  70|0x0000000084600000, 0x0000000084600000, 0x0000000084700000|  0%| F|  |TAMS 0x0000000084600000, 0x0000000084600000| Untracked 
|  71|0x0000000084700000, 0x0000000084700000, 0x0000000084800000|  0%| F|  |TAMS 0x0000000084700000, 0x0000000084700000| Untracked 
|  72|0x0000000084800000, 0x0000000084800000, 0x0000000084900000|  0%| F|  |TAMS 0x0000000084800000, 0x0000000084800000| Untracked 
|  73|0x0000000084900000, 0x0000000084900000, 0x0000000084a00000|  0%| F|  |TAMS 0x0000000084900000, 0x0000000084900000| Untracked 
|  74|0x0000000084a00000, 0x0000000084a00000, 0x0000000084b00000|  0%| F|  |TAMS 0x0000000084a00000, 0x0000000084a00000| Untracked 
|  75|0x0000000084b00000, 0x0000000084b00000, 0x0000000084c00000|  0%| F|  |TAMS 0x0000000084b00000, 0x0000000084b00000| Untracked 
|  76|0x0000000084c00000, 0x0000000084c00000, 0x0000000084d00000|  0%| F|  |TAMS 0x0000000084c00000, 0x0000000084c00000| Untracked 
|  77|0x0000000084d00000, 0x0000000084d00000, 0x0000000084e00000|  0%| F|  |TAMS 0x0000000084d00000, 0x0000000084d00000| Untracked 
|  78|0x0000000084e00000, 0x0000000084e00000, 0x0000000084f00000|  0%| F|  |TAMS 0x0000000084e00000, 0x0000000084e00000| Untracked 
|  79|0x0000000084f00000, 0x0000000084f00000, 0x0000000085000000|  0%| F|  |TAMS 0x0000000084f00000, 0x0000000084f00000| Untracked 
|  80|0x0000000085000000, 0x0000000085000000, 0x0000000085100000|  0%| F|  |TAMS 0x0000000085000000, 0x0000000085000000| Untracked 
|  81|0x0000000085100000, 0x0000000085100000, 0x0000000085200000|  0%| F|  |TAMS 0x0000000085100000, 0x0000000085100000| Untracked 
|  82|0x0000000085200000, 0x0000000085200000, 0x0000000085300000|  0%| F|  |TAMS 0x0000000085200000, 0x0000000085200000| Untracked 
|  83|0x0000000085300000, 0x0000000085300000, 0x0000000085400000|  0%| F|  |TAMS 0x0000000085300000, 0x0000000085300000| Untracked 
|  84|0x0000000085400000, 0x0000000085400000, 0x0000000085500000|  0%| F|  |TAMS 0x0000000085400000, 0x0000000085400000| Untracked 
|  85|0x0000000085500000, 0x0000000085500000, 0x0000000085600000|  0%| F|  |TAMS 0x0000000085500000, 0x0000000085500000| Untracked 
|  86|0x0000000085600000, 0x0000000085600000, 0x0000000085700000|  0%| F|  |TAMS 0x0000000085600000, 0x0000000085600000| Untracked 
|  87|0x0000000085700000, 0x0000000085700000, 0x0000000085800000|  0%| F|  |TAMS 0x0000000085700000, 0x0000000085700000| Untracked 
|  88|0x0000000085800000, 0x0000000085800000, 0x0000000085900000|  0%| F|  |TAMS 0x0000000085800000, 0x0000000085800000| Untracked 
|  89|0x0000000085900000, 0x0000000085900000, 0x0000000085a00000|  0%| F|  |TAMS 0x0000000085900000, 0x0000000085900000| Untracked 
|  90|0x0000000085a00000, 0x0000000085a00000, 0x0000000085b00000|  0%| F|  |TAMS 0x0000000085a00000, 0x0000000085a00000| Untracked 
|  91|0x0000000085b00000, 0x0000000085b00000, 0x0000000085c00000|  0%| F|  |TAMS 0x0000000085b00000, 0x0000000085b00000| Untracked 
|  92|0x0000000085c00000, 0x0000000085c00000, 0x0000000085d00000|  0%| F|  |TAMS 0x0000000085c00000, 0x0000000085c00000| Untracked 
|  93|0x0000000085d00000, 0x0000000085d00000, 0x0000000085e00000|  0%| F|  |TAMS 0x0000000085d00000, 0x0000000085d00000| Untracked 
|  94|0x0000000085e00000, 0x0000000085e00000, 0x0000000085f00000|  0%| F|  |TAMS 0x0000000085e00000, 0x0000000085e00000| Untracked 
|  95|0x0000000085f00000, 0x0000000085f00000, 0x0000000086000000|  0%| F|  |TAMS 0x0000000085f00000, 0x0000000085f00000| Untracked 
|  96|0x0000000086000000, 0x0000000086000000, 0x0000000086100000|  0%| F|  |TAMS 0x0000000086000000, 0x0000000086000000| Untracked 
|  97|0x0000000086100000, 0x0000000086100000, 0x0000000086200000|  0%| F|  |TAMS 0x0000000086100000, 0x0000000086100000| Untracked 
|  98|0x0000000086200000, 0x0000000086200000, 0x0000000086300000|  0%| F|  |TAMS 0x0000000086200000, 0x0000000086200000| Untracked 
|  99|0x0000000086300000, 0x0000000086300000, 0x0000000086400000|  0%| F|  |TAMS 0x0000000086300000, 0x0000000086300000| Untracked 
| 100|0x0000000086400000, 0x0000000086400000, 0x0000000086500000|  0%| F|  |TAMS 0x0000000086400000, 0x0000000086400000| Untracked 
| 101|0x0000000086500000, 0x0000000086500000, 0x0000000086600000|  0%| F|  |TAMS 0x0000000086500000, 0x0000000086500000| Untracked 
| 102|0x0000000086600000, 0x0000000086600000, 0x0000000086700000|  0%| F|  |TAMS 0x0000000086600000, 0x0000000086600000| Untracked 
| 103|0x0000000086700000, 0x0000000086700000, 0x0000000086800000|  0%| F|  |TAMS 0x0000000086700000, 0x0000000086700000| Untracked 
| 104|0x0000000086800000, 0x0000000086800000, 0x0000000086900000|  0%| F|  |TAMS 0x0000000086800000, 0x0000000086800000| Untracked 
| 105|0x0000000086900000, 0x0000000086900000, 0x0000000086a00000|  0%| F|  |TAMS 0x0000000086900000, 0x0000000086900000| Untracked 
| 106|0x0000000086a00000, 0x0000000086a00000, 0x0000000086b00000|  0%| F|  |TAMS 0x0000000086a00000, 0x0000000086a00000| Untracked 
| 107|0x0000000086b00000, 0x0000000086b00000, 0x0000000086c00000|  0%| F|  |TAMS 0x0000000086b00000, 0x0000000086b00000| Untracked 
| 108|0x0000000086c00000, 0x0000000086c00000, 0x0000000086d00000|  0%| F|  |TAMS 0x0000000086c00000, 0x0000000086c00000| Untracked 
| 109|0x0000000086d00000, 0x0000000086d51e58, 0x0000000086e00000| 31%| S|CS|TAMS 0x0000000086d00000, 0x0000000086d00000| Complete 
| 110|0x0000000086e00000, 0x0000000086f00000, 0x0000000086f00000|100%| S|CS|TAMS 0x0000000086e00000, 0x0000000086e00000| Complete 
| 111|0x0000000086f00000, 0x0000000086f00000, 0x0000000087000000|  0%| F|  |TAMS 0x0000000086f00000, 0x0000000086f00000| Untracked 
| 112|0x0000000087000000, 0x0000000087000000, 0x0000000087100000|  0%| F|  |TAMS 0x0000000087000000, 0x0000000087000000| Untracked 
| 113|0x0000000087100000, 0x0000000087100000, 0x0000000087200000|  0%| F|  |TAMS 0x0000000087100000, 0x0000000087100000| Untracked 
| 114|0x0000000087200000, 0x0000000087200000, 0x0000000087300000|  0%| F|  |TAMS 0x0000000087200000, 0x0000000087200000| Untracked 
| 115|0x0000000087300000, 0x0000000087300000, 0x0000000087400000|  0%| F|  |TAMS 0x0000000087300000, 0x0000000087300000| Untracked 
| 116|0x0000000087400000, 0x0000000087400000, 0x0000000087500000|  0%| F|  |TAMS 0x0000000087400000, 0x0000000087400000| Untracked 
| 117|0x0000000087500000, 0x0000000087500000, 0x0000000087600000|  0%| F|  |TAMS 0x0000000087500000, 0x0000000087500000| Untracked 
| 118|0x0000000087600000, 0x0000000087600000, 0x0000000087700000|  0%| F|  |TAMS 0x0000000087600000, 0x0000000087600000| Untracked 
| 119|0x0000000087700000, 0x0000000087700000, 0x0000000087800000|  0%| F|  |TAMS 0x0000000087700000, 0x0000000087700000| Untracked 
| 120|0x0000000087800000, 0x0000000087800000, 0x0000000087900000|  0%| F|  |TAMS 0x0000000087800000, 0x0000000087800000| Untracked 
| 121|0x0000000087900000, 0x0000000087900000, 0x0000000087a00000|  0%| F|  |TAMS 0x0000000087900000, 0x0000000087900000| Untracked 
| 122|0x0000000087a00000, 0x0000000087a00000, 0x0000000087b00000|  0%| F|  |TAMS 0x0000000087a00000, 0x0000000087a00000| Untracked 
| 123|0x0000000087b00000, 0x0000000087b00000, 0x0000000087c00000|  0%| F|  |TAMS 0x0000000087b00000, 0x0000000087b00000| Untracked 
| 124|0x0000000087c00000, 0x0000000087c00000, 0x0000000087d00000|  0%| F|  |TAMS 0x0000000087c00000, 0x0000000087c00000| Untracked 
| 125|0x0000000087d00000, 0x0000000087d00000, 0x0000000087e00000|  0%| F|  |TAMS 0x0000000087d00000, 0x0000000087d00000| Untracked 

Card table byte_map: [0x000001d2dd300000,0x000001d2dd700000] _byte_map_base: 0x000001d2dcf00000

Marking Bits (Prev, Next): (CMBitMap*) 0x000001d2c39c0040, (CMBitMap*) 0x000001d2c39c0008
 Prev Bits: [0x000001d2dfb00000, 0x000001d2e1b00000)
 Next Bits: [0x000001d2ddb00000, 0x000001d2dfb00000)

Polling page: 0x000001d2c3a60000

Metaspace:

Usage:
  Non-class:     15.71 MB capacity,    15.54 MB ( 99%) used,   142.83 KB ( <1%) free+waste,    29.25 KB ( <1%) overhead. 
      Class:      2.09 MB capacity,     1.97 MB ( 94%) used,   107.10 KB (  5%) free+waste,    13.75 KB ( <1%) overhead. 
       Both:     17.80 MB capacity,    17.51 MB ( 98%) used,   249.93 KB (  1%) free+waste,    43.00 KB ( <1%) overhead. 

Virtual space:
  Non-class space:       32.00 MB reserved,      15.75 MB ( 49%) committed 
      Class space:      504.00 MB reserved,       2.13 MB ( <1%) committed 
             Both:      536.00 MB reserved,      17.88 MB (  3%) committed 

Chunk freelists:
   Non-Class:  42.00 KB
       Class:  4.00 KB
        Both:  46.00 KB

MaxMetaspaceSize: 512.00 MB
CompressedClassSpaceSize: 504.00 MB
Initial GC threshold: 20.80 MB
Current GC threshold: 21.45 MB
CDS: off

CodeHeap 'non-profiled nmethods': size=120064Kb used=966Kb max_used=966Kb free=119097Kb
 bounds [0x000001d2d5390000, 0x000001d2d5600000, 0x000001d2dc8d0000]
CodeHeap 'profiled nmethods': size=120000Kb used=4229Kb max_used=4229Kb free=115770Kb
 bounds [0x000001d2cde60000, 0x000001d2ce290000, 0x000001d2d5390000]
CodeHeap 'non-nmethods': size=5696Kb used=1195Kb max_used=1209Kb free=4500Kb
 bounds [0x000001d2cd8d0000, 0x000001d2cdb40000, 0x000001d2cde60000]
 total_blobs=2484 nmethods=2019 adapters=377
 compilation: enabled
              stopped_count=0, restarted_count=0
 full_count=0

Compilation events (20 events):
Event: 219.471 Thread 0x000001d2e4187800 2018       3       java.lang.Package$VersionInfo::<init> (44 bytes)
Event: 219.471 Thread 0x000001d2e4187800 nmethod 2018 0x000001d2ce27d710 code [0x000001d2ce27d8e0, 0x000001d2ce27dcd8]
Event: 219.486 Thread 0x000001d2e4187800 2019       3       java.lang.StringBuilder::append (8 bytes)
Event: 219.486 Thread 0x000001d2e4187800 nmethod 2019 0x000001d2ce27dd90 code [0x000001d2ce27df40, 0x000001d2ce27e088]
Event: 219.488 Thread 0x000001d2e4187800 2020       3       java.util.concurrent.ConcurrentLinkedQueue::<init> (21 bytes)
Event: 219.489 Thread 0x000001d2e4187800 nmethod 2020 0x000001d2ce27e110 code [0x000001d2ce27e2e0, 0x000001d2ce27e6d8]
Event: 219.489 Thread 0x000001d2e4187800 2022       3       org.gradle.internal.service.DefaultServiceRegistry$OwnServices::collectProvidersForClassHierarchy (95 bytes)
Event: 219.491 Thread 0x000001d2e4187800 nmethod 2022 0x000001d2ce27e890 code [0x000001d2ce27ebc0, 0x000001d2ce27fe38]
Event: 219.491 Thread 0x000001d2e4187800 2023       3       java.lang.invoke.BoundMethodHandle::<init> (32 bytes)
Event: 219.492 Thread 0x000001d2e4187800 nmethod 2023 0x000001d2ce280490 code [0x000001d2ce280640, 0x000001d2ce280788]
Event: 219.492 Thread 0x000001d2e4187800 2021       3       java.util.concurrent.ConcurrentLinkedQueue$Node::<init> (5 bytes)
Event: 219.492 Thread 0x000001d2e4187800 nmethod 2021 0x000001d2ce280810 code [0x000001d2ce2809c0, 0x000001d2ce280b18]
Event: 219.492 Thread 0x000001d2e4187800 2025       3       java.lang.invoke.MemberName::getType (19 bytes)
Event: 219.492 Thread 0x000001d2e4187800 nmethod 2025 0x000001d2ce280c10 code [0x000001d2ce280e00, 0x000001d2ce281198]
Event: 219.493 Thread 0x000001d2e4186000 2026   !   4       java.nio.DirectLongBufferU::put (34 bytes)
Event: 219.495 Thread 0x000001d2e4186000 nmethod 2026 0x000001d2d5481590 code [0x000001d2d5481720, 0x000001d2d54817b8]
Event: 219.521 Thread 0x000001d2e4186000 2027       4       java.lang.String::checkIndex (46 bytes)
Event: 219.522 Thread 0x000001d2e4186000 nmethod 2027 0x000001d2d5481890 code [0x000001d2d5481a20, 0x000001d2d5481a98]
Event: 219.784 Thread 0x000001d2e4187800 2028       3       java.util.ArrayList::isEmpty (13 bytes)
Event: 219.784 Thread 0x000001d2e4187800 nmethod 2028 0x000001d2ce281310 code [0x000001d2ce2814c0, 0x000001d2ce281618]

GC Heap History (8 events):
Event: 5.806 GC heap before
{Heap before GC invocations=0 (full 0):
 garbage-first heap   total 129024K, used 1024K [0x0000000080000000, 0x0000000100000000)
  region size 1024K, 2 young (2048K), 0 survivors (0K)
 Metaspace       used 4953K, capacity 4983K, committed 5120K, reserved 530432K
  class space    used 401K, capacity 428K, committed 512K, reserved 516096K
}
Event: 6.598 GC heap after
{Heap after GC invocations=1 (full 0):
 garbage-first heap   total 129024K, used 682K [0x0000000080000000, 0x0000000100000000)
  region size 1024K, 1 young (1024K), 1 survivors (1024K)
 Metaspace       used 4953K, capacity 4983K, committed 5120K, reserved 530432K
  class space    used 401K, capacity 428K, committed 512K, reserved 516096K
}
Event: 136.191 GC heap before
{Heap before GC invocations=2 (full 0):
 garbage-first heap   total 129024K, used 80554K [0x0000000080000000, 0x0000000100000000)
  region size 1024K, 75 young (76800K), 1 survivors (1024K)
 Metaspace       used 13819K, capacity 14145K, committed 14464K, reserved 536576K
  class space    used 1495K, capacity 1592K, committed 1664K, reserved 516096K
}
Event: 136.585 GC heap after
{Heap after GC invocations=3 (full 0):
 garbage-first heap   total 129024K, used 16235K [0x0000000080000000, 0x0000000100000000)
  region size 1024K, 10 young (10240K), 10 survivors (10240K)
 Metaspace       used 13819K, capacity 14145K, committed 14464K, reserved 536576K
  class space    used 1495K, capacity 1592K, committed 1664K, reserved 516096K
}
Event: 137.166 GC heap before
{Heap before GC invocations=3 (full 0):
 garbage-first heap   total 129024K, used 18283K [0x0000000080000000, 0x0000000100000000)
  region size 1024K, 12 young (12288K), 10 survivors (10240K)
 Metaspace       used 14156K, capacity 14471K, committed 14720K, reserved 538624K
  class space    used 1545K, capacity 1657K, committed 1664K, reserved 516096K
}
Event: 137.177 GC heap after
{Heap after GC invocations=4 (full 0):
 garbage-first heap   total 129024K, used 16854K [0x0000000080000000, 0x0000000100000000)
  region size 1024K, 1 young (1024K), 1 survivors (1024K)
 Metaspace       used 14156K, capacity 14471K, committed 14720K, reserved 538624K
  class space    used 1545K, capacity 1657K, committed 1664K, reserved 516096K
}
Event: 219.799 GC heap before
{Heap before GC invocations=4 (full 0):
 garbage-first heap   total 129024K, used 30166K [0x0000000080000000, 0x0000000100000000)
  region size 1024K, 15 young (15360K), 1 survivors (1024K)
 Metaspace       used 17933K, capacity 18226K, committed 18304K, reserved 546816K
  class space    used 2019K, capacity 2140K, committed 2176K, reserved 516096K
}
Event: 219.823 GC heap after
{Heap after GC invocations=5 (full 0):
 garbage-first heap   total 129024K, used 17689K [0x0000000080000000, 0x0000000100000000)
  region size 1024K, 2 young (2048K), 2 survivors (2048K)
 Metaspace       used 17933K, capacity 18226K, committed 18304K, reserved 546816K
  class space    used 2019K, capacity 2140K, committed 2176K, reserved 516096K
}

Deoptimization events (20 events):
Event: 214.593 Thread 0x000001d2e68a9800 Uncommon trap: trap_request=0xffffffbe fr.pc=0x000001d2d546fbb8 relative=0x00000000000004b8
Event: 214.593 Thread 0x000001d2e68a9800 Uncommon trap: reason=profile_predicate action=maybe_recompile pc=0x000001d2d546fbb8 method=java.util.AbstractCollection.addAll(Ljava/util/Collection;)Z @ 15 c2
Event: 214.593 Thread 0x000001d2e68a9800 DEOPT PACKING pc=0x000001d2d546fbb8 sp=0x00000044068feff0
Event: 214.593 Thread 0x000001d2e68a9800 DEOPT UNPACKING pc=0x000001d2cd91a1af sp=0x00000044068fef98 mode 2
Event: 218.169 Thread 0x000001d2e6352800 Uncommon trap: trap_request=0xffffffc6 fr.pc=0x000001d2d53c6b8c relative=0x0000000000000a6c
Event: 218.169 Thread 0x000001d2e6352800 Uncommon trap: reason=bimorphic_or_optimized_type_check action=maybe_recompile pc=0x000001d2d53c6b8c method=java.util.HashMap.putVal(ILjava/lang/Object;Ljava/lang/Object;ZZ)Ljava/lang/Object; @ 253 c2
Event: 218.169 Thread 0x000001d2e6352800 DEOPT PACKING pc=0x000001d2d53c6b8c sp=0x0000004406efec60
Event: 218.169 Thread 0x000001d2e6352800 DEOPT UNPACKING pc=0x000001d2cd91a1af sp=0x0000004406efeb98 mode 2
Event: 218.170 Thread 0x000001d2e6352800 Uncommon trap: trap_request=0xffffffc6 fr.pc=0x000001d2d53c6b8c relative=0x0000000000000a6c
Event: 218.170 Thread 0x000001d2e6352800 Uncommon trap: reason=bimorphic_or_optimized_type_check action=maybe_recompile pc=0x000001d2d53c6b8c method=java.util.HashMap.putVal(ILjava/lang/Object;Ljava/lang/Object;ZZ)Ljava/lang/Object; @ 253 c2
Event: 218.170 Thread 0x000001d2e6352800 DEOPT PACKING pc=0x000001d2d53c6b8c sp=0x0000004406efed50
Event: 218.170 Thread 0x000001d2e6352800 DEOPT UNPACKING pc=0x000001d2cd91a1af sp=0x0000004406efec88 mode 2
Event: 218.510 Thread 0x000001d2e68a9800 Uncommon trap: trap_request=0xffffff4d fr.pc=0x000001d2d53cf390 relative=0x0000000000000550
Event: 218.510 Thread 0x000001d2e68a9800 Uncommon trap: reason=unstable_if action=reinterpret pc=0x000001d2d53cf390 method=java.lang.AbstractStringBuilder.append(Ljava/lang/String;)Ljava/lang/AbstractStringBuilder; @ 1 c2
Event: 218.510 Thread 0x000001d2e68a9800 DEOPT PACKING pc=0x000001d2d53cf390 sp=0x00000044068feb20
Event: 218.510 Thread 0x000001d2e68a9800 DEOPT UNPACKING pc=0x000001d2cd91a1af sp=0x00000044068feaa0 mode 2
Event: 218.511 Thread 0x000001d2e68a9800 Uncommon trap: trap_request=0xffffff4d fr.pc=0x000001d2d53c8b64 relative=0x0000000000000524
Event: 218.511 Thread 0x000001d2e68a9800 Uncommon trap: reason=unstable_if action=reinterpret pc=0x000001d2d53c8b64 method=java.lang.AbstractStringBuilder.append(Ljava/lang/String;)Ljava/lang/AbstractStringBuilder; @ 1 c2
Event: 218.511 Thread 0x000001d2e68a9800 DEOPT PACKING pc=0x000001d2d53c8b64 sp=0x00000044068feac0
Event: 218.511 Thread 0x000001d2e68a9800 DEOPT UNPACKING pc=0x000001d2cd91a1af sp=0x00000044068feaa8 mode 2

Classes redefined (0 events):
No events

Internal exceptions (16 events):
Event: 6.868 Thread 0x000001d2c3980800 Exception <a 'java/lang/NoSuchMethodError'{0x0000000087c51dd8}: 'int java.lang.invoke.DirectMethodHandle$Holder.invokeStaticInit(java.lang.Object, java.lang.Object)'> (0x0000000087c51dd8) thrown at [s\src\hotspot\share\interpreter\linkResolver.cpp, line 773]
Event: 7.328 Thread 0x000001d2c3980800 Exception <a 'java/lang/NoSuchMethodError'{0x0000000087a25200}: 'int java.lang.invoke.DirectMethodHandle$Holder.invokeSpecial(java.lang.Object, java.lang.Object, java.lang.Object, java.lang.Object)'> (0x0000000087a25200) thrown at [s\src\hotspot\share\interpreter\linkResolver.cpp, line 773]
Event: 7.673 Thread 0x000001d2c3980800 Exception <a 'java/lang/NoSuchMethodError'{0x0000000087a5daa0}: 'int java.lang.invoke.DirectMethodHandle$Holder.invokeSpecialIFC(java.lang.Object, java.lang.Object, int)'> (0x0000000087a5daa0) thrown at [s\src\hotspot\share\interpreter\linkResolver.cpp, line 773]
Event: 71.498 Thread 0x000001d2c3980800 Exception <a 'java/lang/NoClassDefFoundError'{0x0000000086e72050}: org/slf4j/impl/StaticMarkerBinder> (0x0000000086e72050) thrown at [s\src\hotspot\share\classfile\systemDictionary.cpp, line 219]
Event: 73.179 Thread 0x000001d2c3980800 Exception <a 'java/lang/NoSuchMethodError'{0x0000000086bbc7f8}: 'java.lang.Object java.lang.invoke.DirectMethodHandle$Holder.invokeVirtual(java.lang.Object, java.lang.Object, java.lang.Object, java.lang.Object, java.lang.Object, java.lang.Object, java.lang.Object)'> (0x0000000086bbc7f8) thrown at [s\src\hotspot\share\interpreter\linkResolver.cpp, line 773]
Event: 73.203 Thread 0x000001d2c3980800 Exception <a 'java/lang/NoSuchMethodError'{0x0000000086bd1330}: 'java.lang.Object java.lang.invoke.Invokers$Holder.invoker(java.lang.Object, java.lang.Object, java.lang.Object)'> (0x0000000086bd1330) thrown at [s\src\hotspot\share\interpreter\linkResolver.cpp, line 773]
Event: 73.216 Thread 0x000001d2c3980800 Exception <a 'java/lang/NoSuchMethodError'{0x0000000086be23a8}: 'void java.lang.invoke.DelegatingMethodHandle$Holder.delegate(java.lang.Object, java.lang.Object, int, java.lang.Object)'> (0x0000000086be23a8) thrown at [s\src\hotspot\share\interpreter\linkResolver.cpp, line 773]
Event: 123.488 Thread 0x000001d2c3980800 Exception <a 'java/security/PrivilegedActionException'{0x000000008463ccc0}> (0x000000008463ccc0) thrown at [s\src\hotspot\share\prims\jvm.cpp, line 1306]
Event: 123.488 Thread 0x000001d2c3980800 Exception <a 'java/security/PrivilegedActionException'{0x000000008463d238}> (0x000000008463d238) thrown at [s\src\hotspot\share\prims\jvm.cpp, line 1306]
Event: 134.744 Thread 0x000001d2c3980800 Exception <a 'java/lang/NoSuchMethodError'{0x000000008344dd80}: 'java.lang.Object java.lang.invoke.DirectMethodHandle$Holder.invokeStaticInit(java.lang.Object, java.lang.Object, java.lang.Object)'> (0x000000008344dd80) thrown at [s\src\hotspot\share\interpreter\linkResolver.cpp, line 773]
Event: 140.144 Thread 0x000001d2c3980800 Exception <a 'java/lang/NoSuchMethodError'{0x000000008796d580}: 'java.lang.Object java.lang.invoke.DirectMethodHandle$Holder.invokeStaticInit(java.lang.Object, int, int, int, int)'> (0x000000008796d580) thrown at [s\src\hotspot\share\interpreter\linkResolver.cpp, line 773]
Event: 162.243 Thread 0x000001d2c3980800 Exception <a 'java/lang/NoSuchMethodError'{0x00000000879fbad8}: 'java.lang.Object java.lang.invoke.DirectMethodHandle$Holder.invokeStaticInit(java.lang.Object, java.lang.Object, int, int, int, int)'> (0x00000000879fbad8) thrown at [s\src\hotspot\share\interpreter\linkResolver.cpp, line 773]
Event: 204.092 Thread 0x000001d2c3980800 Exception <a 'java/lang/NoSuchMethodError'{0x00000000876b4810}: 'void java.lang.invoke.DirectMethodHandle$Holder.invokeSpecial(java.lang.Object, java.lang.Object)'> (0x00000000876b4810) thrown at [s\src\hotspot\share\interpreter\linkResolver.cpp, line 773]
Event: 204.103 Thread 0x000001d2c3980800 Exception <a 'java/io/IOException'{0x00000000876cd8d8}> (0x00000000876cd8d8) thrown at [s\src\hotspot\share\prims\jni.cpp, line 617]
Event: 218.510 Thread 0x000001d2e68a9800 Implicit null exception at 0x000001d2d53cee74 to 0x000001d2d53cf378
Event: 218.510 Thread 0x000001d2e68a9800 Implicit null exception at 0x000001d2d53c8674 to 0x000001d2d53c8b4c

Events (20 events):
Event: 219.516 loading class org/gradle/cache/CacheAccess done
Event: 219.518 loading class org/gradle/cache/CleanableStore
Event: 219.518 loading class org/gradle/cache/CleanableStore done
Event: 219.519 loading class org/gradle/cache/HasCleanupAction
Event: 219.519 loading class org/gradle/cache/HasCleanupAction done
Event: 219.520 loading class org/gradle/cache/internal/DefaultCacheRepository
Event: 219.520 loading class org/gradle/cache/internal/DefaultCacheRepository done
Event: 219.520 loading class org/gradle/cache/CacheBuilder
Event: 219.520 loading class org/gradle/cache/CacheBuilder done
Event: 219.521 loading class org/gradle/cache/internal/scopes/DefaultCacheScopeMapping
Event: 219.521 loading class org/gradle/cache/internal/scopes/DefaultCacheScopeMapping done
Event: 219.786 loading class org/gradle/internal/file/impl/DefaultDeleter
Event: 219.786 loading class org/gradle/internal/file/impl/DefaultDeleter done
Event: 219.788 Executing VM operation: RevokeBias
Event: 219.788 Executing VM operation: RevokeBias done
Event: 219.789 Executing VM operation: RevokeBias
Event: 219.789 Executing VM operation: RevokeBias done
Event: 219.789 Executing VM operation: RevokeBias
Event: 219.789 Executing VM operation: RevokeBias done
Event: 219.799 Executing VM operation: CollectForMetadataAllocation


Dynamic libraries:
0x00007ff6f69e0000 - 0x00007ff6f69ed000 	C:\Program Files\Microsoft\jdk-11.0.20.8-hotspot\bin\java.exe
0x00007ffd50850000 - 0x00007ffd50a45000 	C:\Windows\SYSTEM32\ntdll.dll
0x00007ffd4e9b0000 - 0x00007ffd4ea6d000 	C:\Windows\System32\KERNEL32.DLL
0x00007ffd4e290000 - 0x00007ffd4e559000 	C:\Windows\System32\KERNELBASE.dll
0x00007ffd4e190000 - 0x00007ffd4e290000 	C:\Windows\System32\ucrtbase.dll
0x00007ffd38fe0000 - 0x00007ffd38ff5000 	C:\Program Files\Microsoft\jdk-11.0.20.8-hotspot\bin\VCRUNTIME140.dll
0x00007ffd3a720000 - 0x00007ffd3a737000 	C:\Program Files\Microsoft\jdk-11.0.20.8-hotspot\bin\jli.dll
0x00007ffd4fa90000 - 0x00007ffd4fc30000 	C:\Windows\System32\USER32.dll
0x00007ffd4e560000 - 0x00007ffd4e582000 	C:\Windows\System32\win32u.dll
0x00007ffd50410000 - 0x00007ffd5043a000 	C:\Windows\System32\GDI32.dll
0x00007ffd4e620000 - 0x00007ffd4e72b000 	C:\Windows\System32\gdi32full.dll
0x00007ffd4e810000 - 0x00007ffd4e8ad000 	C:\Windows\System32\msvcp_win.dll
0x00007ffd39a80000 - 0x00007ffd39d1a000 	C:\Windows\WinSxS\amd64_microsoft.windows.common-controls_6595b64144ccf1df_6.0.19041.1110_none_60b5254171f9507e\COMCTL32.dll
0x00007ffd4ecd0000 - 0x00007ffd4ed6e000 	C:\Windows\System32\msvcrt.dll
0x00007ffd4eb70000 - 0x00007ffd4eba0000 	C:\Windows\System32\IMM32.DLL
0x00007ffd02f00000 - 0x00007ffd02f9b000 	C:\Program Files\Microsoft\jdk-11.0.20.8-hotspot\bin\msvcp140.dll
0x00007ffcf0db0000 - 0x00007ffcf1946000 	C:\Program Files\Microsoft\jdk-11.0.20.8-hotspot\bin\server\jvm.dll
0x00007ffd50680000 - 0x00007ffd5072c000 	C:\Windows\System32\ADVAPI32.dll
0x00007ffd4e910000 - 0x00007ffd4e9ab000 	C:\Windows\System32\sechost.dll
0x00007ffd4f4c0000 - 0x00007ffd4f5ea000 	C:\Windows\System32\RPCRT4.dll
0x00007ffd4f4b0000 - 0x00007ffd4f4b8000 	C:\Windows\System32\PSAPI.DLL
0x00007ffd36750000 - 0x00007ffd36759000 	C:\Windows\SYSTEM32\WSOCK32.dll
0x00007ffd50390000 - 0x00007ffd503fb000 	C:\Windows\System32\WS2_32.dll
0x00007ffd4c610000 - 0x00007ffd4c637000 	C:\Windows\SYSTEM32\WINMM.dll
0x00007ffd4c600000 - 0x00007ffd4c60a000 	C:\Windows\SYSTEM32\VERSION.dll
0x00007ffd4c800000 - 0x00007ffd4c812000 	C:\Windows\SYSTEM32\kernel.appcore.dll
0x00007ffd476a0000 - 0x00007ffd476b0000 	C:\Program Files\Microsoft\jdk-11.0.20.8-hotspot\bin\verify.dll
0x00007ffd4c410000 - 0x00007ffd4c5f4000 	C:\Windows\SYSTEM32\DBGHELP.DLL
0x00007ffd4c3e0000 - 0x00007ffd4c40c000 	C:\Windows\SYSTEM32\dbgcore.DLL
0x00007ffd4e590000 - 0x00007ffd4e613000 	C:\Windows\System32\bcryptPrimitives.dll
0x00007ffd1f980000 - 0x00007ffd1f9a8000 	C:\Program Files\Microsoft\jdk-11.0.20.8-hotspot\bin\java.dll
0x00007ffd46c60000 - 0x00007ffd46c6a000 	C:\Program Files\Microsoft\jdk-11.0.20.8-hotspot\bin\jimage.dll
0x00007ffd26ae0000 - 0x00007ffd26af8000 	C:\Program Files\Microsoft\jdk-11.0.20.8-hotspot\bin\zip.dll
0x00007ffd4ed70000 - 0x00007ffd4f4af000 	C:\Windows\System32\SHELL32.dll
0x00007ffd4bc40000 - 0x00007ffd4c3d0000 	C:\Windows\SYSTEM32\windows.storage.dll
0x00007ffd4f6a0000 - 0x00007ffd4f9f5000 	C:\Windows\System32\combase.dll
0x00007ffd4d880000 - 0x00007ffd4d8ac000 	C:\Windows\SYSTEM32\Wldp.dll
0x00007ffd505d0000 - 0x00007ffd5067e000 	C:\Windows\System32\SHCORE.dll
0x00007ffd50440000 - 0x00007ffd50495000 	C:\Windows\System32\shlwapi.dll
0x00007ffd4dec0000 - 0x00007ffd4dedf000 	C:\Windows\SYSTEM32\profapi.dll
0x00007ffd23560000 - 0x00007ffd23579000 	C:\Program Files\Microsoft\jdk-11.0.20.8-hotspot\bin\net.dll
0x00007ffd38e20000 - 0x00007ffd38f28000 	C:\Windows\SYSTEM32\WINHTTP.dll
0x00007ffd4d610000 - 0x00007ffd4d67a000 	C:\Windows\system32\mswsock.dll
0x00007ffd232c0000 - 0x00007ffd232d3000 	C:\Program Files\Microsoft\jdk-11.0.20.8-hotspot\bin\nio.dll
0x00007ffd1f950000 - 0x00007ffd1f977000 	C:\Users\Admin\.gradle\native\68d5fa5c4cc2d200863cafc0d521ce42e7d3e7ee720ec0a83991735586a16f82\windows-amd64\native-platform.dll
0x00007ffcf5cb0000 - 0x00007ffcf5df4000 	C:\Users\Admin\.gradle\native\e376f236ea51e6404a007f0833ffe2c6e607c4080706a723a18a27aeea778392\windows-amd64\native-platform-file-events.dll
0x00007ffd46c20000 - 0x00007ffd46c29000 	C:\Program Files\Microsoft\jdk-11.0.20.8-hotspot\bin\management.dll
0x00007ffd45880000 - 0x00007ffd4588b000 	C:\Program Files\Microsoft\jdk-11.0.20.8-hotspot\bin\management_ext.dll
0x00007ffd4dbc0000 - 0x00007ffd4dbd8000 	C:\Windows\SYSTEM32\CRYPTSP.dll
0x00007ffd4cfb0000 - 0x00007ffd4cfe4000 	C:\Windows\system32\rsaenh.dll
0x00007ffd4e7e0000 - 0x00007ffd4e807000 	C:\Windows\System32\bcrypt.dll
0x00007ffd4de40000 - 0x00007ffd4de6e000 	C:\Windows\SYSTEM32\USERENV.dll
0x00007ffd4d920000 - 0x00007ffd4d92c000 	C:\Windows\SYSTEM32\CRYPTBASE.dll
0x00007ffd4d320000 - 0x00007ffd4d35b000 	C:\Windows\SYSTEM32\IPHLPAPI.DLL
0x00007ffd50400000 - 0x00007ffd50408000 	C:\Windows\System32\NSI.dll
0x00007ffd41070000 - 0x00007ffd41087000 	C:\Windows\SYSTEM32\dhcpcsvc6.DLL
0x00007ffd41f90000 - 0x00007ffd41fad000 	C:\Windows\SYSTEM32\dhcpcsvc.DLL
0x00007ffd4d360000 - 0x00007ffd4d42c000 	C:\Windows\SYSTEM32\DNSAPI.dll

dbghelp: loaded successfully - version: 4.0.5 - missing functions: none
symbol engine: initialized successfully - sym options: 0x614 - pdb path: .;C:\Program Files\Microsoft\jdk-11.0.20.8-hotspot\bin;C:\Windows\SYSTEM32;C:\Windows\WinSxS\amd64_microsoft.windows.common-controls_6595b64144ccf1df_6.0.19041.1110_none_60b5254171f9507e;C:\Program Files\Microsoft\jdk-11.0.20.8-hotspot\bin\server;C:\Users\Admin\.gradle\native\68d5fa5c4cc2d200863cafc0d521ce42e7d3e7ee720ec0a83991735586a16f82\windows-amd64;C:\Users\Admin\.gradle\native\e376f236ea51e6404a007f0833ffe2c6e607c4080706a723a18a27aeea778392\windows-amd64

VM Arguments:
jvm_args: -XX:MaxMetaspaceSize=512m --add-opens=java.base/java.util=ALL-UNNAMED --add-opens=java.base/java.lang=ALL-UNNAMED --add-opens=java.base/java.lang.invoke=ALL-UNNAMED --add-opens=java.prefs/java.util.prefs=ALL-UNNAMED --add-opens=java.base/java.nio.charset=ALL-UNNAMED --add-opens=java.base/java.net=ALL-UNNAMED --add-opens=java.base/java.util.concurrent.atomic=ALL-UNNAMED -Xmx2048m -Dfile.encoding=windows-1252 -Duser.country=IN -Duser.language=en -Duser.variant 
java_command: org.gradle.launcher.daemon.bootstrap.GradleDaemon 8.0.1
java_class_path (initial): C:\Users\Admin\.gradle\wrapper\dists\gradle-8.0.1-all\aro4hu1c3oeioove7l0i4i14o\gradle-8.0.1\lib\gradle-launcher-8.0.1.jar
Launcher Type: SUN_STANDARD

[Global flags]
     intx CICompilerCount                          = 3                                         {product} {ergonomic}
   size_t CompressedClassSpaceSize                 = 528482304                                 {product} {ergonomic}
     uint ConcGCThreads                            = 1                                         {product} {ergonomic}
     uint G1ConcRefinementThreads                  = 4                                         {product} {ergonomic}
   size_t G1HeapRegionSize                         = 1048576                                   {product} {ergonomic}
    uintx GCDrainStackTargetSize                   = 64                                        {product} {ergonomic}
   size_t InitialHeapSize                          = 132120576                                 {product} {ergonomic}
   size_t MarkStackSize                            = 4194304                                   {product} {ergonomic}
   size_t MaxHeapSize                              = 2147483648                                {product} {command line}
   size_t MaxMetaspaceSize                         = 536870912                                 {product} {command line}
   size_t MaxNewSize                               = 1287651328                                {product} {ergonomic}
   size_t MinHeapDeltaBytes                        = 1048576                                   {product} {ergonomic}
    uintx NonNMethodCodeHeapSize                   = 5830732                                {pd product} {ergonomic}
    uintx NonProfiledCodeHeapSize                  = 122913754                              {pd product} {ergonomic}
    uintx ProfiledCodeHeapSize                     = 122913754                              {pd product} {ergonomic}
    uintx ReservedCodeCacheSize                    = 251658240                              {pd product} {ergonomic}
     bool SegmentedCodeCache                       = true                                      {product} {ergonomic}
     bool UseCompressedClassPointers               = true                                 {lp64_product} {ergonomic}
     bool UseCompressedOops                        = true                                 {lp64_product} {ergonomic}
     bool UseG1GC                                  = true                                      {product} {ergonomic}
     bool UseLargePagesIndividualAllocation        = false                                  {pd product} {ergonomic}

Logging:
Log output configuration:
 #0: stdout all=warning uptime,level,tags
 #1: stderr all=off uptime,level,tags

Environment Variables:
JAVA_HOME=C:\Program Files\Microsoft\jdk-11.0.20.8-hotspot
CLASSPATH=E:\KitProject\App\eShopApp\android\\gradle\wrapper\gradle-wrapper.jar
PATH=E:\KitProject\App\eShopApp\node_modules\.bin;E:\KitProject\App\eShopApp\node_modules\.bin;E:\KitProject\App\node_modules\.bin;E:\KitProject\node_modules\.bin;E:\node_modules\.bin;C:\Program Files\nodejs\node_modules\npm\node_modules\@npmcli\run-script\lib\node-gyp-bin;E:\KitProject\App\eShopApp\node_modules\.bin;E:\KitProject\App\node_modules\.bin;E:\KitProject\node_modules\.bin;E:\node_modules\.bin;C:\Program Files\nodejs\node_modules\npm\node_modules\@npmcli\run-script\lib\node-gyp-bin;C:\Program Files\Microsoft\jdk-11.0.20.8-hotspot\bin;C:\Windows\system32;C:\Windows;C:\Windows\System32\Wbem;C:\Windows\System32\WindowsPowerShell\v1.0\;C:\Windows\System32\OpenSSH\;C:\ProgramData\chocolatey\bin;C:\Program Files\Git\cmd;C:\Users\Admin\AppData\Roaming\nvm;C:\Program Files\nodejs;C:\xampp\php;C:\ProgramData\ComposerSetup\bin;C:\Program Files\nodejs\;C:\Users\Admin\AppData\Local\Microsoft\WindowsApps;C:\Users\Admin\AppData\Local\Programs\Microsoft VS Code\bin;C:\Users\Admin\AppData\Roaming\nvm;C:\Program Files\nodejs;C:\Users\Admin\AppData\Roaming\Composer\vendor\bin;C:\Users\Admin\AppData\Local\Android\Sdk\platform-tools;C:\Users\Admin\AppData\Roaming\npm;C:\Program Files\Microsoft\jdk-11.0.20.8-hotspot;
USERNAME=Admin
LANG=en_US.UTF-8
OS=Windows_NT
PROCESSOR_IDENTIFIER=Intel64 Family 6 Model 78 Stepping 3, GenuineIntel
TMP=C:\Users\Admin\AppData\Local\Temp
TEMP=C:\Users\Admin\AppData\Local\Temp



---------------  S Y S T E M  ---------------

OS: Windows 10 , 64 bit Build 19041 (10.0.19041.1151)
OS uptime: 11 days 16:42 hours
Hyper-V role detected

CPU:total 4 (initial active 4) (2 cores per cpu, 2 threads per core) family 6 model 78 stepping 3 microcode 0xcc, cmov, cx8, fxsr, mmx, sse, sse2, sse3, ssse3, sse4.1, sse4.2, popcnt, avx, avx2, aes, clmul, erms, rtm, 3dnowpref, lzcnt, ht, tsc, tscinvbit, bmi1, bmi2, adx, fma

Memory: 4k page, system-wide physical 8011M (140M free)
TotalPageFile size 25532M (AvailPageFile size 0M)
current process WorkingSet (physical memory assigned to process): 56M, peak: 126M
current process commit charge ("private bytes"): 232M, peak: 252M

vm_info: OpenJDK 64-Bit Server VM (11.0.20+8-LTS) for windows-amd64 JRE (11.0.20+8-LTS), built on Jul  7 2023 17:05:21 by "MicrosoftCorporation" with MS VC++ 15.9 (VS2017)

END.
