#
# There is insufficient memory for the Java Runtime Environment to continue.
# Native memory allocation (malloc) failed to allocate 32744 bytes for ChunkPool::allocate
# Possible reasons:
#   The system is out of physical RAM or swap space
#   The process is running with CompressedOops enabled, and the Java Heap may be blocking the growth of the native heap
# Possible solutions:
#   Reduce memory load on the system
#   Increase physical memory or swap space
#   Check if swap backing store is full
#   Decrease Java heap size (-Xmx/-Xms)
#   Decrease number of Java threads
#   Decrease Java thread stack sizes (-Xss)
#   Set larger code cache with -XX:ReservedCodeCacheSize=
#   JVM is running with Unscaled Compressed Oops mode in which the Java heap is
#     placed in the first 4GB address space. The Java Heap base address is the
#     maximum limit for the native heap growth. Please use -XX:HeapBaseMinAddress
#     to set the Java Heap base and to place the Java Heap above 4GB virtual address.
# This output file may be truncated or incomplete.
#
#  Out of Memory Error (arena.cpp:81), pid=26320, tid=16264
#
# JRE version: OpenJDK Runtime Environment Microsoft-8035250 (11.0.20+8) (build 11.0.20+8-LTS)
# Java VM: OpenJDK 64-Bit Server VM Microsoft-8035250 (11.0.20+8-LTS, mixed mode, tiered, compressed oops, g1 gc, windows-amd64)
# No core dump will be written. Minidumps are not enabled by default on client versions of Windows
#

---------------  S U M M A R Y ------------

Command Line: -XX:MaxMetaspaceSize=512m --add-opens=java.base/java.util=ALL-UNNAMED --add-opens=java.base/java.lang=ALL-UNNAMED --add-opens=java.base/java.lang.invoke=ALL-UNNAMED --add-opens=java.prefs/java.util.prefs=ALL-UNNAMED --add-opens=java.base/java.nio.charset=ALL-UNNAMED --add-opens=java.base/java.net=ALL-UNNAMED --add-opens=java.base/java.util.concurrent.atomic=ALL-UNNAMED -Xmx2048m -Dfile.encoding=windows-1252 -Duser.country=IN -Duser.language=en -Duser.variant org.gradle.launcher.daemon.bootstrap.GradleDaemon 8.0.1

Host: Intel(R) Core(TM) i5-6300U CPU @ 2.40GHz, 4 cores, 7G,  Windows 10 , 64 bit Build 19041 (10.0.19041.1151)
Time: Tue Sep 12 10:59:52 2023 India Standard Time elapsed time: 219.997720 seconds (0d 0h 3m 39s)

---------------  T H R E A D  ---------------

Current thread (0x000001bc373c4000):  JavaThread "C2 CompilerThread0" daemon [_thread_in_native, id=16264, stack(0x00000072d8c00000,0x00000072d8d00000)]


Current CompileTask:
C2: 219997 1998   !   4       java.util.concurrent.ConcurrentHashMap::putVal (432 bytes)

Stack: [0x00000072d8c00000,0x00000072d8d00000]
Native frames: (J=compiled Java code, j=interpreted, Vv=VM code, C=native code)
V  [jvm.dll+0x62e9da]
V  [jvm.dll+0x7bc4e9]
V  [jvm.dll+0x7bdbd8]
V  [jvm.dll+0x7be2b3]
V  [jvm.dll+0x2505a8]
V  [jvm.dll+0xc289b]
V  [jvm.dll+0xc2bfc]
V  [jvm.dll+0xc274b]
V  [jvm.dll+0x60c2ff]
V  [jvm.dll+0x65ff24]
V  [jvm.dll+0x19f2cd]
V  [jvm.dll+0x2098c5]
V  [jvm.dll+0x20893d]
V  [jvm.dll+0x18a7de]
V  [jvm.dll+0x2181ec]
V  [jvm.dll+0x21642b]
V  [jvm.dll+0x77efc0]
V  [jvm.dll+0x777db4]
V  [jvm.dll+0x62d845]
C  [ucrtbase.dll+0x21bb2]
C  [KERNEL32.DLL+0x17034]
C  [ntdll.dll+0x52651]


---------------  P R O C E S S  ---------------

Threads class SMR info:
_java_thread_list=0x000001bc3948e090, length=20, elements={
0x000001bc18210000, 0x000001bc36a50000, 0x000001bc36a51000, 0x000001bc36ab1800,
0x000001bc373c0800, 0x000001bc373c1000, 0x000001bc373c4000, 0x000001bc37425000,
0x000001bc3742a800, 0x000001bc37521800, 0x000001bc394f0000, 0x000001bc38e42000,
0x000001bc37c9f000, 0x000001bc37d8a800, 0x000001bc384ee800, 0x000001bc38a5c800,
0x000001bc37f17800, 0x000001bc38a09000, 0x000001bc38f86800, 0x000001bc38f58800
}

Java Threads: ( => current thread )
  0x000001bc18210000 JavaThread "main" [_thread_blocked, id=4576, stack(0x00000072d8000000,0x00000072d8100000)]
  0x000001bc36a50000 JavaThread "Reference Handler" daemon [_thread_blocked, id=20396, stack(0x00000072d8700000,0x00000072d8800000)]
  0x000001bc36a51000 JavaThread "Finalizer" daemon [_thread_blocked, id=19940, stack(0x00000072d8800000,0x00000072d8900000)]
  0x000001bc36ab1800 JavaThread "Signal Dispatcher" daemon [_thread_blocked, id=9996, stack(0x00000072d8900000,0x00000072d8a00000)]
  0x000001bc373c0800 JavaThread "Attach Listener" daemon [_thread_blocked, id=22788, stack(0x00000072d8a00000,0x00000072d8b00000)]
  0x000001bc373c1000 JavaThread "Service Thread" daemon [_thread_blocked, id=22716, stack(0x00000072d8b00000,0x00000072d8c00000)]
=>0x000001bc373c4000 JavaThread "C2 CompilerThread0" daemon [_thread_in_native, id=16264, stack(0x00000072d8c00000,0x00000072d8d00000)]
  0x000001bc37425000 JavaThread "C1 CompilerThread0" daemon [_thread_blocked, id=23772, stack(0x00000072d8d00000,0x00000072d8e00000)]
  0x000001bc3742a800 JavaThread "Sweeper thread" daemon [_thread_blocked, id=23748, stack(0x00000072d8e00000,0x00000072d8f00000)]
  0x000001bc37521800 JavaThread "Common-Cleaner" daemon [_thread_blocked, id=20660, stack(0x00000072d8f00000,0x00000072d9000000)]
  0x000001bc394f0000 JavaThread "Daemon health stats" [_thread_blocked, id=27180, stack(0x00000072d7d00000,0x00000072d7e00000)]
  0x000001bc38e42000 JavaThread "Incoming local TCP Connector on port 63813" [_thread_in_native, id=6536, stack(0x00000072d7e00000,0x00000072d7f00000)]
  0x000001bc37c9f000 JavaThread "Daemon periodic checks" [_thread_blocked, id=27420, stack(0x00000072d7f00000,0x00000072d8000000)]
  0x000001bc37d8a800 JavaThread "Daemon" [_thread_blocked, id=8384, stack(0x00000072d9500000,0x00000072d9600000)]
  0x000001bc384ee800 JavaThread "Handler for socket connection from /127.0.0.1:63813 to /127.0.0.1:63836" [_thread_in_native, id=27616, stack(0x00000072d9600000,0x00000072d9700000)]
  0x000001bc38a5c800 JavaThread "Cancel handler" [_thread_blocked, id=6380, stack(0x00000072d9700000,0x00000072d9800000)]
  0x000001bc37f17800 JavaThread "Daemon worker" [_thread_blocked, id=7404, stack(0x00000072d9a00000,0x00000072d9b00000)]
  0x000001bc38a09000 JavaThread "Asynchronous log dispatcher for DefaultDaemonConnection: socket connection from /127.0.0.1:63813 to /127.0.0.1:63836" [_thread_blocked, id=1524, stack(0x00000072d9b00000,0x00000072d9c00000)]
  0x000001bc38f86800 JavaThread "Stdin handler" [_thread_blocked, id=14548, stack(0x00000072d9c00000,0x00000072d9d00000)]
  0x000001bc38f58800 JavaThread "Daemon client event forwarder" [_thread_blocked, id=3964, stack(0x00000072d9d00000,0x00000072d9e00000)]

Other Threads:
  0x000001bc36a4b000 VMThread "VM Thread" [stack: 0x00000072d8600000,0x00000072d8700000] [id=26500]
  0x000001bc37574800 WatcherThread [stack: 0x00000072d9000000,0x00000072d9100000] [id=25592]
  0x000001bc18229000 GCTaskThread "GC Thread#0" [stack: 0x00000072d8100000,0x00000072d8200000] [id=24276]
  0x000001bc379b0000 GCTaskThread "GC Thread#1" [stack: 0x00000072d9100000,0x00000072d9200000] [id=17184]
  0x000001bc37663800 GCTaskThread "GC Thread#2" [stack: 0x00000072d9200000,0x00000072d9300000] [id=13644]
  0x000001bc38020800 GCTaskThread "GC Thread#3" [stack: 0x00000072d9800000,0x00000072d9900000] [id=12824]
  0x000001bc1825a000 ConcurrentGCThread "G1 Main Marker" [stack: 0x00000072d8200000,0x00000072d8300000] [id=24120]
  0x000001bc1825b800 ConcurrentGCThread "G1 Conc#0" [stack: 0x00000072d8300000,0x00000072d8400000] [id=22872]
  0x000001bc182e8000 ConcurrentGCThread "G1 Refine#0" [stack: 0x00000072d8400000,0x00000072d8500000] [id=6392]
  0x000001bc38332000 ConcurrentGCThread "G1 Refine#1" [stack: 0x00000072d9900000,0x00000072d9a00000] [id=14636]
  0x000001bc182e9000 ConcurrentGCThread "G1 Young RemSet Sampling" [stack: 0x00000072d8500000,0x00000072d8600000] [id=24332]

Threads with active compile tasks:
C2 CompilerThread0   220064 1998   !   4       java.util.concurrent.ConcurrentHashMap::putVal (432 bytes)

VM state:not at safepoint (normal execution)

VM Mutex/Monitor currently owned by a thread: None

Heap address: 0x0000000080000000, size: 2048 MB, Compressed Oops mode: 32-bit
Narrow klass base: 0x0000000000000000, Narrow klass shift: 3
Compressed class space size: 528482304 Address: 0x0000000100000000

Heap:
 garbage-first heap   total 129024K, used 19646K [0x0000000080000000, 0x0000000100000000)
  region size 1024K, 14 young (14336K), 10 survivors (10240K)
 Metaspace       used 17953K, capacity 18298K, committed 18560K, reserved 532480K
  class space    used 2026K, capacity 2143K, committed 2176K, reserved 516096K
Heap Regions: E=young(eden), S=young(survivor), O=old, HS=humongous(starts), HC=humongous(continues), CS=collection set, F=free, A=archive, TAMS=top-at-mark-start (previous, next)
|   0|0x0000000080000000, 0x0000000080100000, 0x0000000080100000|100%| O|  |TAMS 0x0000000080000000, 0x0000000080000000| Untracked 
|   1|0x0000000080100000, 0x0000000080200000, 0x0000000080200000|100%| O|  |TAMS 0x0000000080100000, 0x0000000080100000| Untracked 
|   2|0x0000000080200000, 0x0000000080300000, 0x0000000080300000|100%| O|  |TAMS 0x0000000080200000, 0x0000000080200000| Untracked 
|   3|0x0000000080300000, 0x0000000080400000, 0x0000000080400000|100%|HS|  |TAMS 0x0000000080300000, 0x0000000080300000| Complete 
|   4|0x0000000080400000, 0x0000000080500000, 0x0000000080500000|100%|HC|  |TAMS 0x0000000080400000, 0x0000000080400000| Complete 
|   5|0x0000000080500000, 0x0000000080600000, 0x0000000080600000|100%|HC|  |TAMS 0x0000000080500000, 0x0000000080500000| Complete 
|   6|0x0000000080600000, 0x0000000080700000, 0x0000000080700000|100%|HC|  |TAMS 0x0000000080600000, 0x0000000080600000| Complete 
|   7|0x0000000080700000, 0x0000000080700000, 0x0000000080800000|  0%| F|  |TAMS 0x0000000080700000, 0x0000000080700000| Untracked 
|   8|0x0000000080800000, 0x000000008082f800, 0x0000000080900000| 18%| O|  |TAMS 0x0000000080800000, 0x0000000080800000| Untracked 
|   9|0x0000000080900000, 0x0000000080900000, 0x0000000080a00000|  0%| F|  |TAMS 0x0000000080900000, 0x0000000080900000| Untracked 
|  10|0x0000000080a00000, 0x0000000080a00000, 0x0000000080b00000|  0%| F|  |TAMS 0x0000000080a00000, 0x0000000080a00000| Untracked 
|  11|0x0000000080b00000, 0x0000000080b00000, 0x0000000080c00000|  0%| F|  |TAMS 0x0000000080b00000, 0x0000000080b00000| Untracked 
|  12|0x0000000080c00000, 0x0000000080c00000, 0x0000000080d00000|  0%| F|  |TAMS 0x0000000080c00000, 0x0000000080c00000| Untracked 
|  13|0x0000000080d00000, 0x0000000080d00000, 0x0000000080e00000|  0%| F|  |TAMS 0x0000000080d00000, 0x0000000080d00000| Untracked 
|  14|0x0000000080e00000, 0x0000000080e00000, 0x0000000080f00000|  0%| F|  |TAMS 0x0000000080e00000, 0x0000000080e00000| Untracked 
|  15|0x0000000080f00000, 0x0000000080f00000, 0x0000000081000000|  0%| F|  |TAMS 0x0000000080f00000, 0x0000000080f00000| Untracked 
|  16|0x0000000081000000, 0x0000000081000000, 0x0000000081100000|  0%| F|  |TAMS 0x0000000081000000, 0x0000000081000000| Untracked 
|  17|0x0000000081100000, 0x0000000081100000, 0x0000000081200000|  0%| F|  |TAMS 0x0000000081100000, 0x0000000081100000| Untracked 
|  18|0x0000000081200000, 0x0000000081200000, 0x0000000081300000|  0%| F|  |TAMS 0x0000000081200000, 0x0000000081200000| Untracked 
|  19|0x0000000081300000, 0x0000000081300000, 0x0000000081400000|  0%| F|  |TAMS 0x0000000081300000, 0x0000000081300000| Untracked 
|  20|0x0000000081400000, 0x0000000081400000, 0x0000000081500000|  0%| F|  |TAMS 0x0000000081400000, 0x0000000081400000| Untracked 
|  21|0x0000000081500000, 0x0000000081500000, 0x0000000081600000|  0%| F|  |TAMS 0x0000000081500000, 0x0000000081500000| Untracked 
|  22|0x0000000081600000, 0x0000000081600000, 0x0000000081700000|  0%| F|  |TAMS 0x0000000081600000, 0x0000000081600000| Untracked 
|  23|0x0000000081700000, 0x0000000081700000, 0x0000000081800000|  0%| F|  |TAMS 0x0000000081700000, 0x0000000081700000| Untracked 
|  24|0x0000000081800000, 0x0000000081800000, 0x0000000081900000|  0%| F|  |TAMS 0x0000000081800000, 0x0000000081800000| Untracked 
|  25|0x0000000081900000, 0x0000000081900000, 0x0000000081a00000|  0%| F|  |TAMS 0x0000000081900000, 0x0000000081900000| Untracked 
|  26|0x0000000081a00000, 0x0000000081a00000, 0x0000000081b00000|  0%| F|  |TAMS 0x0000000081a00000, 0x0000000081a00000| Untracked 
|  27|0x0000000081b00000, 0x0000000081b00000, 0x0000000081c00000|  0%| F|  |TAMS 0x0000000081b00000, 0x0000000081b00000| Untracked 
|  28|0x0000000081c00000, 0x0000000081c00000, 0x0000000081d00000|  0%| F|  |TAMS 0x0000000081c00000, 0x0000000081c00000| Untracked 
|  29|0x0000000081d00000, 0x0000000081d00000, 0x0000000081e00000|  0%| F|  |TAMS 0x0000000081d00000, 0x0000000081d00000| Untracked 
|  30|0x0000000081e00000, 0x0000000081e00000, 0x0000000081f00000|  0%| F|  |TAMS 0x0000000081e00000, 0x0000000081e00000| Untracked 
|  31|0x0000000081f00000, 0x0000000081f00000, 0x0000000082000000|  0%| F|  |TAMS 0x0000000081f00000, 0x0000000081f00000| Untracked 
|  32|0x0000000082000000, 0x0000000082000000, 0x0000000082100000|  0%| F|  |TAMS 0x0000000082000000, 0x0000000082000000| Untracked 
|  33|0x0000000082100000, 0x0000000082100000, 0x0000000082200000|  0%| F|  |TAMS 0x0000000082100000, 0x0000000082100000| Untracked 
|  34|0x0000000082200000, 0x0000000082200000, 0x0000000082300000|  0%| F|  |TAMS 0x0000000082200000, 0x0000000082200000| Untracked 
|  35|0x0000000082300000, 0x0000000082300000, 0x0000000082400000|  0%| F|  |TAMS 0x0000000082300000, 0x0000000082300000| Untracked 
|  36|0x0000000082400000, 0x0000000082400000, 0x0000000082500000|  0%| F|  |TAMS 0x0000000082400000, 0x0000000082400000| Untracked 
|  37|0x0000000082500000, 0x0000000082500000, 0x0000000082600000|  0%| F|  |TAMS 0x0000000082500000, 0x0000000082500000| Untracked 
|  38|0x0000000082600000, 0x0000000082600000, 0x0000000082700000|  0%| F|  |TAMS 0x0000000082600000, 0x0000000082600000| Untracked 
|  39|0x0000000082700000, 0x0000000082700000, 0x0000000082800000|  0%| F|  |TAMS 0x0000000082700000, 0x0000000082700000| Untracked 
|  40|0x0000000082800000, 0x0000000082800000, 0x0000000082900000|  0%| F|  |TAMS 0x0000000082800000, 0x0000000082800000| Untracked 
|  41|0x0000000082900000, 0x0000000082a00000, 0x0000000082a00000|100%| S|CS|TAMS 0x0000000082900000, 0x0000000082900000| Complete 
|  42|0x0000000082a00000, 0x0000000082b00000, 0x0000000082b00000|100%| S|CS|TAMS 0x0000000082a00000, 0x0000000082a00000| Complete 
|  43|0x0000000082b00000, 0x0000000082c00000, 0x0000000082c00000|100%| S|CS|TAMS 0x0000000082b00000, 0x0000000082b00000| Complete 
|  44|0x0000000082c00000, 0x0000000082d00000, 0x0000000082d00000|100%| S|CS|TAMS 0x0000000082c00000, 0x0000000082c00000| Complete 
|  45|0x0000000082d00000, 0x0000000082e00000, 0x0000000082e00000|100%| S|CS|TAMS 0x0000000082d00000, 0x0000000082d00000| Complete 
|  46|0x0000000082e00000, 0x0000000082f00000, 0x0000000082f00000|100%| S|CS|TAMS 0x0000000082e00000, 0x0000000082e00000| Complete 
|  47|0x0000000082f00000, 0x0000000083000000, 0x0000000083000000|100%| S|CS|TAMS 0x0000000082f00000, 0x0000000082f00000| Complete 
|  48|0x0000000083000000, 0x0000000083100000, 0x0000000083100000|100%| S|CS|TAMS 0x0000000083000000, 0x0000000083000000| Complete 
|  49|0x0000000083100000, 0x0000000083200000, 0x0000000083200000|100%| S|CS|TAMS 0x0000000083100000, 0x0000000083100000| Complete 
|  50|0x0000000083200000, 0x0000000083300000, 0x0000000083300000|100%| S|CS|TAMS 0x0000000083200000, 0x0000000083200000| Complete 
|  51|0x0000000083300000, 0x0000000083300000, 0x0000000083400000|  0%| F|  |TAMS 0x0000000083300000, 0x0000000083300000| Untracked 
|  52|0x0000000083400000, 0x0000000083400000, 0x0000000083500000|  0%| F|  |TAMS 0x0000000083400000, 0x0000000083400000| Untracked 
|  53|0x0000000083500000, 0x0000000083500000, 0x0000000083600000|  0%| F|  |TAMS 0x0000000083500000, 0x0000000083500000| Untracked 
|  54|0x0000000083600000, 0x0000000083600000, 0x0000000083700000|  0%| F|  |TAMS 0x0000000083600000, 0x0000000083600000| Untracked 
|  55|0x0000000083700000, 0x0000000083700000, 0x0000000083800000|  0%| F|  |TAMS 0x0000000083700000, 0x0000000083700000| Untracked 
|  56|0x0000000083800000, 0x0000000083800000, 0x0000000083900000|  0%| F|  |TAMS 0x0000000083800000, 0x0000000083800000| Untracked 
|  57|0x0000000083900000, 0x0000000083900000, 0x0000000083a00000|  0%| F|  |TAMS 0x0000000083900000, 0x0000000083900000| Untracked 
|  58|0x0000000083a00000, 0x0000000083a00000, 0x0000000083b00000|  0%| F|  |TAMS 0x0000000083a00000, 0x0000000083a00000| Untracked 
|  59|0x0000000083b00000, 0x0000000083b00000, 0x0000000083c00000|  0%| F|  |TAMS 0x0000000083b00000, 0x0000000083b00000| Untracked 
|  60|0x0000000083c00000, 0x0000000083c00000, 0x0000000083d00000|  0%| F|  |TAMS 0x0000000083c00000, 0x0000000083c00000| Untracked 
|  61|0x0000000083d00000, 0x0000000083d00000, 0x0000000083e00000|  0%| F|  |TAMS 0x0000000083d00000, 0x0000000083d00000| Untracked 
|  62|0x0000000083e00000, 0x0000000083e00000, 0x0000000083f00000|  0%| F|  |TAMS 0x0000000083e00000, 0x0000000083e00000| Untracked 
|  63|0x0000000083f00000, 0x0000000083f00000, 0x0000000084000000|  0%| F|  |TAMS 0x0000000083f00000, 0x0000000083f00000| Untracked 
|  64|0x0000000084000000, 0x0000000084000000, 0x0000000084100000|  0%| F|  |TAMS 0x0000000084000000, 0x0000000084000000| Untracked 
|  65|0x0000000084100000, 0x0000000084100000, 0x0000000084200000|  0%| F|  |TAMS 0x0000000084100000, 0x0000000084100000| Untracked 
|  66|0x0000000084200000, 0x0000000084200000, 0x0000000084300000|  0%| F|  |TAMS 0x0000000084200000, 0x0000000084200000| Untracked 
|  67|0x0000000084300000, 0x0000000084300000, 0x0000000084400000|  0%| F|  |TAMS 0x0000000084300000, 0x0000000084300000| Untracked 
|  68|0x0000000084400000, 0x0000000084400000, 0x0000000084500000|  0%| F|  |TAMS 0x0000000084400000, 0x0000000084400000| Untracked 
|  69|0x0000000084500000, 0x0000000084500000, 0x0000000084600000|  0%| F|  |TAMS 0x0000000084500000, 0x0000000084500000| Untracked 
|  70|0x0000000084600000, 0x0000000084600000, 0x0000000084700000|  0%| F|  |TAMS 0x0000000084600000, 0x0000000084600000| Untracked 
|  71|0x0000000084700000, 0x0000000084700000, 0x0000000084800000|  0%| F|  |TAMS 0x0000000084700000, 0x0000000084700000| Untracked 
|  72|0x0000000084800000, 0x0000000084800000, 0x0000000084900000|  0%| F|  |TAMS 0x0000000084800000, 0x0000000084800000| Untracked 
|  73|0x0000000084900000, 0x0000000084900000, 0x0000000084a00000|  0%| F|  |TAMS 0x0000000084900000, 0x0000000084900000| Untracked 
|  74|0x0000000084a00000, 0x0000000084a00000, 0x0000000084b00000|  0%| F|  |TAMS 0x0000000084a00000, 0x0000000084a00000| Untracked 
|  75|0x0000000084b00000, 0x0000000084b00000, 0x0000000084c00000|  0%| F|  |TAMS 0x0000000084b00000, 0x0000000084b00000| Untracked 
|  76|0x0000000084c00000, 0x0000000084c00000, 0x0000000084d00000|  0%| F|  |TAMS 0x0000000084c00000, 0x0000000084c00000| Untracked 
|  77|0x0000000084d00000, 0x0000000084d00000, 0x0000000084e00000|  0%| F|  |TAMS 0x0000000084d00000, 0x0000000084d00000| Untracked 
|  78|0x0000000084e00000, 0x0000000084e00000, 0x0000000084f00000|  0%| F|  |TAMS 0x0000000084e00000, 0x0000000084e00000| Untracked 
|  79|0x0000000084f00000, 0x0000000084f00000, 0x0000000085000000|  0%| F|  |TAMS 0x0000000084f00000, 0x0000000084f00000| Untracked 
|  80|0x0000000085000000, 0x0000000085000000, 0x0000000085100000|  0%| F|  |TAMS 0x0000000085000000, 0x0000000085000000| Untracked 
|  81|0x0000000085100000, 0x0000000085100000, 0x0000000085200000|  0%| F|  |TAMS 0x0000000085100000, 0x0000000085100000| Untracked 
|  82|0x0000000085200000, 0x0000000085200000, 0x0000000085300000|  0%| F|  |TAMS 0x0000000085200000, 0x0000000085200000| Untracked 
|  83|0x0000000085300000, 0x0000000085300000, 0x0000000085400000|  0%| F|  |TAMS 0x0000000085300000, 0x0000000085300000| Untracked 
|  84|0x0000000085400000, 0x0000000085400000, 0x0000000085500000|  0%| F|  |TAMS 0x0000000085400000, 0x0000000085400000| Untracked 
|  85|0x0000000085500000, 0x0000000085500000, 0x0000000085600000|  0%| F|  |TAMS 0x0000000085500000, 0x0000000085500000| Untracked 
|  86|0x0000000085600000, 0x0000000085600000, 0x0000000085700000|  0%| F|  |TAMS 0x0000000085600000, 0x0000000085600000| Untracked 
|  87|0x0000000085700000, 0x0000000085700000, 0x0000000085800000|  0%| F|  |TAMS 0x0000000085700000, 0x0000000085700000| Untracked 
|  88|0x0000000085800000, 0x0000000085800000, 0x0000000085900000|  0%| F|  |TAMS 0x0000000085800000, 0x0000000085800000| Untracked 
|  89|0x0000000085900000, 0x0000000085900000, 0x0000000085a00000|  0%| F|  |TAMS 0x0000000085900000, 0x0000000085900000| Untracked 
|  90|0x0000000085a00000, 0x0000000085a00000, 0x0000000085b00000|  0%| F|  |TAMS 0x0000000085a00000, 0x0000000085a00000| Untracked 
|  91|0x0000000085b00000, 0x0000000085b00000, 0x0000000085c00000|  0%| F|  |TAMS 0x0000000085b00000, 0x0000000085b00000| Untracked 
|  92|0x0000000085c00000, 0x0000000085c00000, 0x0000000085d00000|  0%| F|  |TAMS 0x0000000085c00000, 0x0000000085c00000| Untracked 
|  93|0x0000000085d00000, 0x0000000085d00000, 0x0000000085e00000|  0%| F|  |TAMS 0x0000000085d00000, 0x0000000085d00000| Untracked 
|  94|0x0000000085e00000, 0x0000000085e00000, 0x0000000085f00000|  0%| F|  |TAMS 0x0000000085e00000, 0x0000000085e00000| Untracked 
|  95|0x0000000085f00000, 0x0000000085f00000, 0x0000000086000000|  0%| F|  |TAMS 0x0000000085f00000, 0x0000000085f00000| Untracked 
|  96|0x0000000086000000, 0x0000000086000000, 0x0000000086100000|  0%| F|  |TAMS 0x0000000086000000, 0x0000000086000000| Untracked 
|  97|0x0000000086100000, 0x0000000086100000, 0x0000000086200000|  0%| F|  |TAMS 0x0000000086100000, 0x0000000086100000| Untracked 
|  98|0x0000000086200000, 0x0000000086200000, 0x0000000086300000|  0%| F|  |TAMS 0x0000000086200000, 0x0000000086200000| Untracked 
|  99|0x0000000086300000, 0x0000000086300000, 0x0000000086400000|  0%| F|  |TAMS 0x0000000086300000, 0x0000000086300000| Untracked 
| 100|0x0000000086400000, 0x0000000086400000, 0x0000000086500000|  0%| F|  |TAMS 0x0000000086400000, 0x0000000086400000| Untracked 
| 101|0x0000000086500000, 0x0000000086500000, 0x0000000086600000|  0%| F|  |TAMS 0x0000000086500000, 0x0000000086500000| Untracked 
| 102|0x0000000086600000, 0x0000000086600000, 0x0000000086700000|  0%| F|  |TAMS 0x0000000086600000, 0x0000000086600000| Untracked 
| 103|0x0000000086700000, 0x0000000086700000, 0x0000000086800000|  0%| F|  |TAMS 0x0000000086700000, 0x0000000086700000| Untracked 
| 104|0x0000000086800000, 0x0000000086800000, 0x0000000086900000|  0%| F|  |TAMS 0x0000000086800000, 0x0000000086800000| Untracked 
| 105|0x0000000086900000, 0x0000000086900000, 0x0000000086a00000|  0%| F|  |TAMS 0x0000000086900000, 0x0000000086900000| Untracked 
| 106|0x0000000086a00000, 0x0000000086a00000, 0x0000000086b00000|  0%| F|  |TAMS 0x0000000086a00000, 0x0000000086a00000| Untracked 
| 107|0x0000000086b00000, 0x0000000086b00000, 0x0000000086c00000|  0%| F|  |TAMS 0x0000000086b00000, 0x0000000086b00000| Untracked 
| 108|0x0000000086c00000, 0x0000000086c00000, 0x0000000086d00000|  0%| F|  |TAMS 0x0000000086c00000, 0x0000000086c00000| Untracked 
| 109|0x0000000086d00000, 0x0000000086d00000, 0x0000000086e00000|  0%| F|  |TAMS 0x0000000086d00000, 0x0000000086d00000| Untracked 
| 110|0x0000000086e00000, 0x0000000086e00000, 0x0000000086f00000|  0%| F|  |TAMS 0x0000000086e00000, 0x0000000086e00000| Untracked 
| 111|0x0000000086f00000, 0x0000000086f00000, 0x0000000087000000|  0%| F|  |TAMS 0x0000000086f00000, 0x0000000086f00000| Untracked 
| 112|0x0000000087000000, 0x0000000087000000, 0x0000000087100000|  0%| F|  |TAMS 0x0000000087000000, 0x0000000087000000| Untracked 
| 113|0x0000000087100000, 0x0000000087100000, 0x0000000087200000|  0%| F|  |TAMS 0x0000000087100000, 0x0000000087100000| Untracked 
| 114|0x0000000087200000, 0x0000000087200000, 0x0000000087300000|  0%| F|  |TAMS 0x0000000087200000, 0x0000000087200000| Untracked 
| 115|0x0000000087300000, 0x0000000087300000, 0x0000000087400000|  0%| F|  |TAMS 0x0000000087300000, 0x0000000087300000| Untracked 
| 116|0x0000000087400000, 0x0000000087400000, 0x0000000087500000|  0%| F|  |TAMS 0x0000000087400000, 0x0000000087400000| Untracked 
| 117|0x0000000087500000, 0x0000000087500000, 0x0000000087600000|  0%| F|  |TAMS 0x0000000087500000, 0x0000000087500000| Untracked 
| 118|0x0000000087600000, 0x0000000087600000, 0x0000000087700000|  0%| F|  |TAMS 0x0000000087600000, 0x0000000087600000| Untracked 
| 119|0x0000000087700000, 0x0000000087700000, 0x0000000087800000|  0%| F|  |TAMS 0x0000000087700000, 0x0000000087700000| Untracked 
| 120|0x0000000087800000, 0x0000000087800000, 0x0000000087900000|  0%| F|  |TAMS 0x0000000087800000, 0x0000000087800000| Untracked 
| 121|0x0000000087900000, 0x0000000087900000, 0x0000000087a00000|  0%| F|  |TAMS 0x0000000087900000, 0x0000000087900000| Untracked 
| 122|0x0000000087a00000, 0x0000000087af28c0, 0x0000000087b00000| 94%| E|  |TAMS 0x0000000087a00000, 0x0000000087a00000| Complete 
| 123|0x0000000087b00000, 0x0000000087c00000, 0x0000000087c00000|100%| E|CS|TAMS 0x0000000087b00000, 0x0000000087b00000| Complete 
| 124|0x0000000087c00000, 0x0000000087d00000, 0x0000000087d00000|100%| E|  |TAMS 0x0000000087c00000, 0x0000000087c00000| Complete 
| 125|0x0000000087d00000, 0x0000000087e00000, 0x0000000087e00000|100%| E|CS|TAMS 0x0000000087d00000, 0x0000000087d00000| Complete 

Card table byte_map: [0x000001bc2fd90000,0x000001bc30190000] _byte_map_base: 0x000001bc2f990000

Marking Bits (Prev, Next): (CMBitMap*) 0x000001bc18251698, (CMBitMap*) 0x000001bc182516d0
 Prev Bits: [0x000001bc30590000, 0x000001bc32590000)
 Next Bits: [0x000001bc32590000, 0x000001bc34590000)

Polling page: 0x000001bc16170000

Metaspace:

Usage:
  Non-class:     15.78 MB capacity,    15.55 MB ( 99%) used,   198.44 KB (  1%) free+waste,    29.63 KB ( <1%) overhead. 
      Class:      2.09 MB capacity,     1.98 MB ( 95%) used,   102.87 KB (  5%) free+waste,    13.94 KB ( <1%) overhead. 
       Both:     17.87 MB capacity,    17.53 MB ( 98%) used,   301.30 KB (  2%) free+waste,    43.56 KB ( <1%) overhead. 

Virtual space:
  Non-class space:       16.00 MB reserved,      16.00 MB (100%) committed 
      Class space:      504.00 MB reserved,       2.13 MB ( <1%) committed 
             Both:      520.00 MB reserved,      18.13 MB (  3%) committed 

Chunk freelists:
   Non-Class:  37.00 KB
       Class:  1.00 KB
        Both:  38.00 KB

MaxMetaspaceSize: 512.00 MB
CompressedClassSpaceSize: 504.00 MB
Initial GC threshold: 20.80 MB
Current GC threshold: 20.80 MB
CDS: off

CodeHeap 'non-profiled nmethods': size=120064Kb used=943Kb max_used=943Kb free=119120Kb
 bounds [0x000001bc28450000, 0x000001bc286c0000, 0x000001bc2f990000]
CodeHeap 'profiled nmethods': size=120000Kb used=4109Kb max_used=4109Kb free=115890Kb
 bounds [0x000001bc20f20000, 0x000001bc21330000, 0x000001bc28450000]
CodeHeap 'non-nmethods': size=5696Kb used=1197Kb max_used=1209Kb free=4498Kb
 bounds [0x000001bc20990000, 0x000001bc20c00000, 0x000001bc20f20000]
 total_blobs=2463 nmethods=1996 adapters=379
 compilation: enabled
              stopped_count=0, restarted_count=0
 full_count=0

Compilation events (20 events):
Event: 219.634 Thread 0x000001bc37425000 nmethod 1987 0x000001bc21320690 code [0x000001bc21320840, 0x000001bc213209f8]
Event: 219.635 Thread 0x000001bc37425000 1986       3       java.util.concurrent.ConcurrentLinkedQueue$Node::<init> (5 bytes)
Event: 219.635 Thread 0x000001bc37425000 nmethod 1986 0x000001bc21320b10 code [0x000001bc21320cc0, 0x000001bc21320e18]
Event: 219.636 Thread 0x000001bc37425000 1988       3       java.lang.invoke.BoundMethodHandle::<init> (32 bytes)
Event: 219.636 Thread 0x000001bc37425000 nmethod 1988 0x000001bc21320f10 code [0x000001bc213210c0, 0x000001bc21321208]
Event: 219.638 Thread 0x000001bc37425000 1989       3       java.lang.invoke.MethodTypeForm::pack (54 bytes)
Event: 219.638 Thread 0x000001bc37425000 nmethod 1989 0x000001bc21321290 code [0x000001bc21321440, 0x000001bc21321558]
Event: 219.639 Thread 0x000001bc37425000 1991       3       java.lang.invoke.MemberName::getType (19 bytes)
Event: 219.640 Thread 0x000001bc37425000 nmethod 1991 0x000001bc21321610 code [0x000001bc21321800, 0x000001bc21321b98]
Event: 219.913 Thread 0x000001bc373c4000 1992       4       java.lang.String::checkIndex (46 bytes)
Event: 219.914 Thread 0x000001bc373c4000 nmethod 1992 0x000001bc2853b910 code [0x000001bc2853baa0, 0x000001bc2853bb18]
Event: 219.923 Thread 0x000001bc37425000 1993       3       java.util.ArrayList::isEmpty (13 bytes)
Event: 219.923 Thread 0x000001bc37425000 nmethod 1993 0x000001bc21321d10 code [0x000001bc21321ec0, 0x000001bc21322018]
Event: 219.937 Thread 0x000001bc37425000 1994       3       java.lang.invoke.MethodHandleNatives::isCallerSensitive (29 bytes)
Event: 219.937 Thread 0x000001bc37425000 nmethod 1994 0x000001bc21322090 code [0x000001bc21322280, 0x000001bc213227e8]
Event: 219.937 Thread 0x000001bc37425000 1995       3       java.lang.invoke.MethodHandleNatives::canBeCalledVirtual (93 bytes)
Event: 219.938 Thread 0x000001bc37425000 nmethod 1995 0x000001bc21322990 code [0x000001bc21322ba0, 0x000001bc21323118]
Event: 219.941 Thread 0x000001bc37425000 1997       3       org.gradle.internal.service.DefaultServiceRegistry::access$900 (5 bytes)
Event: 219.941 Thread 0x000001bc373c4000 1998   !   4       java.util.concurrent.ConcurrentHashMap::putVal (432 bytes)
Event: 219.941 Thread 0x000001bc37425000 nmethod 1997 0x000001bc21323310 code [0x000001bc213234c0, 0x000001bc213235c8]

GC Heap History (4 events):
Event: 54.264 GC heap before
{Heap before GC invocations=0 (full 0):
 garbage-first heap   total 129024K, used 13312K [0x0000000080000000, 0x0000000100000000)
  region size 1024K, 14 young (14336K), 0 survivors (0K)
 Metaspace       used 6815K, capacity 7053K, committed 7424K, reserved 524288K
  class space    used 574K, capacity 650K, committed 768K, reserved 516096K
}
Event: 55.397 GC heap after
{Heap after GC invocations=1 (full 0):
 garbage-first heap   total 129024K, used 4285K [0x0000000080000000, 0x0000000100000000)
  region size 1024K, 2 young (2048K), 2 survivors (2048K)
 Metaspace       used 6815K, capacity 7053K, committed 7424K, reserved 524288K
  class space    used 574K, capacity 650K, committed 768K, reserved 516096K
}
Event: 215.047 GC heap before
{Heap before GC invocations=1 (full 0):
 garbage-first heap   total 129024K, used 84157K [0x0000000080000000, 0x0000000100000000)
  region size 1024K, 75 young (76800K), 2 survivors (2048K)
 Metaspace       used 17330K, capacity 17642K, committed 17792K, reserved 532480K
  class space    used 1938K, capacity 2073K, committed 2176K, reserved 516096K
}
Event: 215.402 GC heap after
{Heap after GC invocations=2 (full 0):
 garbage-first heap   total 129024K, used 17598K [0x0000000080000000, 0x0000000100000000)
  region size 1024K, 10 young (10240K), 10 survivors (10240K)
 Metaspace       used 17330K, capacity 17642K, committed 17792K, reserved 532480K
  class space    used 1938K, capacity 2073K, committed 2176K, reserved 516096K
}

Deoptimization events (20 events):
Event: 214.836 Thread 0x000001bc384ee800 Uncommon trap: trap_request=0xffffff4d fr.pc=0x000001bc285247cc relative=0x000000000000010c
Event: 214.836 Thread 0x000001bc384ee800 Uncommon trap: reason=unstable_if action=reinterpret pc=0x000001bc285247cc method=java.lang.ThreadLocal$ThreadLocalMap.getEntry(Ljava/lang/ThreadLocal;)Ljava/lang/ThreadLocal$ThreadLocalMap$Entry; @ 29 c2
Event: 214.836 Thread 0x000001bc384ee800 DEOPT PACKING pc=0x000001bc285247cc sp=0x00000072d96fbb80
Event: 214.836 Thread 0x000001bc384ee800 DEOPT UNPACKING pc=0x000001bc209da1af sp=0x00000072d96fbab8 mode 2
Event: 217.282 Thread 0x000001bc37c9f000 Uncommon trap: trap_request=0xffffff4d fr.pc=0x000001bc2848c410 relative=0x0000000000000550
Event: 217.282 Thread 0x000001bc37c9f000 Uncommon trap: reason=unstable_if action=reinterpret pc=0x000001bc2848c410 method=java.lang.AbstractStringBuilder.append(Ljava/lang/String;)Ljava/lang/AbstractStringBuilder; @ 1 c2
Event: 217.282 Thread 0x000001bc37c9f000 DEOPT PACKING pc=0x000001bc2848c410 sp=0x00000072d7ffe5c0
Event: 217.282 Thread 0x000001bc37c9f000 DEOPT UNPACKING pc=0x000001bc209da1af sp=0x00000072d7ffe540 mode 2
Event: 217.283 Thread 0x000001bc37c9f000 Uncommon trap: trap_request=0xffffff4d fr.pc=0x000001bc28484d64 relative=0x0000000000000524
Event: 217.283 Thread 0x000001bc37c9f000 Uncommon trap: reason=unstable_if action=reinterpret pc=0x000001bc28484d64 method=java.lang.AbstractStringBuilder.append(Ljava/lang/String;)Ljava/lang/AbstractStringBuilder; @ 1 c2
Event: 217.283 Thread 0x000001bc37c9f000 DEOPT PACKING pc=0x000001bc28484d64 sp=0x00000072d7ffe560
Event: 217.283 Thread 0x000001bc37c9f000 DEOPT UNPACKING pc=0x000001bc209da1af sp=0x00000072d7ffe548 mode 2
Event: 217.450 Thread 0x000001bc37f17800 Uncommon trap: trap_request=0xffffffc6 fr.pc=0x000001bc284cb560 relative=0x0000000000000e20
Event: 217.450 Thread 0x000001bc37f17800 Uncommon trap: reason=bimorphic_or_optimized_type_check action=maybe_recompile pc=0x000001bc284cb560 method=java.util.HashMap.putVal(ILjava/lang/Object;Ljava/lang/Object;ZZ)Ljava/lang/Object; @ 253 c2
Event: 217.450 Thread 0x000001bc37f17800 DEOPT PACKING pc=0x000001bc284cb560 sp=0x00000072d9afef90
Event: 217.450 Thread 0x000001bc37f17800 DEOPT UNPACKING pc=0x000001bc209da1af sp=0x00000072d9afef30 mode 2
Event: 217.452 Thread 0x000001bc37f17800 Uncommon trap: trap_request=0xffffffc6 fr.pc=0x000001bc284cb560 relative=0x0000000000000e20
Event: 217.452 Thread 0x000001bc37f17800 Uncommon trap: reason=bimorphic_or_optimized_type_check action=maybe_recompile pc=0x000001bc284cb560 method=java.util.HashMap.putVal(ILjava/lang/Object;Ljava/lang/Object;ZZ)Ljava/lang/Object; @ 253 c2
Event: 217.452 Thread 0x000001bc37f17800 DEOPT PACKING pc=0x000001bc284cb560 sp=0x00000072d9aff080
Event: 217.452 Thread 0x000001bc37f17800 DEOPT UNPACKING pc=0x000001bc209da1af sp=0x00000072d9aff020 mode 2

Classes redefined (0 events):
No events

Internal exceptions (17 events):
Event: 6.025 Thread 0x000001bc18210000 Exception <a 'java/lang/NoSuchMethodError'{0x0000000087b21de0}: 'int java.lang.invoke.DirectMethodHandle$Holder.invokeStaticInit(java.lang.Object, java.lang.Object)'> (0x0000000087b21de0) thrown at [s\src\hotspot\share\interpreter\linkResolver.cpp, line 773]
Event: 6.899 Thread 0x000001bc18210000 Exception <a 'java/lang/NoSuchMethodError'{0x0000000087bf5578}: 'int java.lang.invoke.DirectMethodHandle$Holder.invokeSpecial(java.lang.Object, java.lang.Object, java.lang.Object, java.lang.Object)'> (0x0000000087bf5578) thrown at [s\src\hotspot\share\interpreter\linkResolver.cpp, line 773]
Event: 7.158 Thread 0x000001bc18210000 Exception <a 'java/lang/NoSuchMethodError'{0x0000000087a2e118}: 'int java.lang.invoke.DirectMethodHandle$Holder.invokeSpecialIFC(java.lang.Object, java.lang.Object, int)'> (0x0000000087a2e118) thrown at [s\src\hotspot\share\interpreter\linkResolver.cpp, line 773]
Event: 57.043 Thread 0x000001bc18210000 Exception <a 'java/lang/NoClassDefFoundError'{0x0000000087c45780}: org/slf4j/impl/StaticMarkerBinder> (0x0000000087c45780) thrown at [s\src\hotspot\share\classfile\systemDictionary.cpp, line 219]
Event: 58.328 Thread 0x000001bc18210000 Exception <a 'java/lang/NoSuchMethodError'{0x0000000087991af8}: 'java.lang.Object java.lang.invoke.DirectMethodHandle$Holder.invokeVirtual(java.lang.Object, java.lang.Object, java.lang.Object, java.lang.Object, java.lang.Object, java.lang.Object, java.lang.Object)'> (0x0000000087991af8) thrown at [s\src\hotspot\share\interpreter\linkResolver.cpp, line 773]
Event: 58.333 Thread 0x000001bc18210000 Exception <a 'java/lang/NoSuchMethodError'{0x00000000879a5f88}: 'java.lang.Object java.lang.invoke.Invokers$Holder.invoker(java.lang.Object, java.lang.Object, java.lang.Object)'> (0x00000000879a5f88) thrown at [s\src\hotspot\share\interpreter\linkResolver.cpp, line 773]
Event: 58.340 Thread 0x000001bc18210000 Exception <a 'java/lang/NoSuchMethodError'{0x00000000879b7000}: 'void java.lang.invoke.DelegatingMethodHandle$Holder.delegate(java.lang.Object, java.lang.Object, int, java.lang.Object)'> (0x00000000879b7000) thrown at [s\src\hotspot\share\interpreter\linkResolver.cpp, line 773]
Event: 123.386 Thread 0x000001bc18210000 Exception <a 'java/security/PrivilegedActionException'{0x00000000852bd830}> (0x00000000852bd830) thrown at [s\src\hotspot\share\prims\jvm.cpp, line 1306]
Event: 123.387 Thread 0x000001bc18210000 Exception <a 'java/security/PrivilegedActionException'{0x00000000852bdda8}> (0x00000000852bdda8) thrown at [s\src\hotspot\share\prims\jvm.cpp, line 1306]
Event: 136.517 Thread 0x000001bc18210000 Exception <a 'java/lang/NoSuchMethodError'{0x0000000083f3b598}: 'java.lang.Object java.lang.invoke.DirectMethodHandle$Holder.invokeStaticInit(java.lang.Object, java.lang.Object, java.lang.Object)'> (0x0000000083f3b598) thrown at [s\src\hotspot\share\interpreter\linkResolver.cpp, line 773]
Event: 141.132 Thread 0x000001bc18210000 Exception <a 'java/lang/NoSuchMethodError'{0x00000000839d0290}: 'java.lang.Object java.lang.invoke.DirectMethodHandle$Holder.invokeStaticInit(java.lang.Object, int, int, int, int)'> (0x00000000839d0290) thrown at [s\src\hotspot\share\interpreter\linkResolver.cpp, line 773]
Event: 163.677 Thread 0x000001bc18210000 Exception <a 'java/lang/NoSuchMethodError'{0x000000008381b288}: 'java.lang.Object java.lang.invoke.DirectMethodHandle$Holder.invokeStaticInit(java.lang.Object, java.lang.Object, int, int, int, int)'> (0x000000008381b288) thrown at [s\src\hotspot\share\interpreter\linkResolver.cpp, line 773]
Event: 206.313 Thread 0x000001bc18210000 Exception <a 'java/lang/NoSuchMethodError'{0x0000000083548f90}: 'void java.lang.invoke.DirectMethodHandle$Holder.invokeSpecial(java.lang.Object, java.lang.Object)'> (0x0000000083548f90) thrown at [s\src\hotspot\share\interpreter\linkResolver.cpp, line 773]
Event: 206.332 Thread 0x000001bc18210000 Exception <a 'java/io/IOException'{0x00000000835624e8}> (0x00000000835624e8) thrown at [s\src\hotspot\share\prims\jni.cpp, line 617]
Event: 217.282 Thread 0x000001bc37c9f000 Implicit null exception at 0x000001bc2848bef4 to 0x000001bc2848c3f8
Event: 217.283 Thread 0x000001bc37c9f000 Implicit null exception at 0x000001bc28484874 to 0x000001bc28484d4c
Event: 219.937 Thread 0x000001bc37f17800 Exception <a 'java/lang/NoSuchMethodError'{0x0000000087aca368}: 'long java.lang.invoke.DirectMethodHandle$Holder.invokeInterface(java.lang.Object, java.lang.Object)'> (0x0000000087aca368) thrown at [s\src\hotspot\share\interpreter\linkResolver.cpp, line 773]

Events (20 events):
Event: 219.938 loading class java/util/function/LongSupplier
Event: 219.939 loading class java/util/function/LongSupplier done
Event: 219.940 loading class org/gradle/internal/nativeintegration/filesystem/FileSystem
Event: 219.940 loading class org/gradle/internal/nativeintegration/filesystem/FileSystem done
Event: 219.941 loading class org/gradle/internal/cache/MonitoredCleanupAction
Event: 219.941 loading class org/gradle/internal/cache/MonitoredCleanupAction done
Event: 219.942 loading class org/gradle/internal/service/DefaultServiceRegistry$CollectingVisitor
Event: 219.942 loading class org/gradle/internal/service/DefaultServiceRegistry$CollectingVisitor done
Event: 219.944 loading class org/gradle/internal/reflect/annotations/AnnotationCategory
Event: 219.944 loading class org/gradle/internal/reflect/annotations/AnnotationCategory done
Event: 219.945 Executing VM operation: RevokeBias
Event: 219.945 Executing VM operation: RevokeBias done
Event: 219.945 Executing VM operation: RevokeBias
Event: 219.945 Executing VM operation: RevokeBias done
Event: 219.946 Executing VM operation: RevokeBias
Event: 219.946 Executing VM operation: RevokeBias done
Event: 219.948 loading class org/gradle/internal/fingerprint/FileNormalizer
Event: 219.948 loading class org/gradle/internal/fingerprint/FileNormalizer done
Event: 219.948 Executing VM operation: RevokeBias
Event: 219.948 Executing VM operation: RevokeBias done


Dynamic libraries:
0x00007ff6f69e0000 - 0x00007ff6f69ed000 	C:\Program Files\Microsoft\jdk-11.0.20.8-hotspot\bin\java.exe
0x00007ffd50850000 - 0x00007ffd50a45000 	C:\Windows\SYSTEM32\ntdll.dll
0x00007ffd4e9b0000 - 0x00007ffd4ea6d000 	C:\Windows\System32\KERNEL32.DLL
0x00007ffd4e290000 - 0x00007ffd4e559000 	C:\Windows\System32\KERNELBASE.dll
0x00007ffd4e190000 - 0x00007ffd4e290000 	C:\Windows\System32\ucrtbase.dll
0x00007ffd3a720000 - 0x00007ffd3a737000 	C:\Program Files\Microsoft\jdk-11.0.20.8-hotspot\bin\jli.dll
0x00007ffd4fa90000 - 0x00007ffd4fc30000 	C:\Windows\System32\USER32.dll
0x00007ffd4e560000 - 0x00007ffd4e582000 	C:\Windows\System32\win32u.dll
0x00007ffd50410000 - 0x00007ffd5043a000 	C:\Windows\System32\GDI32.dll
0x00007ffd4e620000 - 0x00007ffd4e72b000 	C:\Windows\System32\gdi32full.dll
0x00007ffd4e810000 - 0x00007ffd4e8ad000 	C:\Windows\System32\msvcp_win.dll
0x00007ffd39a80000 - 0x00007ffd39d1a000 	C:\Windows\WinSxS\amd64_microsoft.windows.common-controls_6595b64144ccf1df_6.0.19041.1110_none_60b5254171f9507e\COMCTL32.dll
0x00007ffd4ecd0000 - 0x00007ffd4ed6e000 	C:\Windows\System32\msvcrt.dll
0x00007ffd38fe0000 - 0x00007ffd38ff5000 	C:\Program Files\Microsoft\jdk-11.0.20.8-hotspot\bin\VCRUNTIME140.dll
0x00007ffd4eb70000 - 0x00007ffd4eba0000 	C:\Windows\System32\IMM32.DLL
0x00007ffd02f00000 - 0x00007ffd02f9b000 	C:\Program Files\Microsoft\jdk-11.0.20.8-hotspot\bin\msvcp140.dll
0x00007ffcf0db0000 - 0x00007ffcf1946000 	C:\Program Files\Microsoft\jdk-11.0.20.8-hotspot\bin\server\jvm.dll
0x00007ffd50680000 - 0x00007ffd5072c000 	C:\Windows\System32\ADVAPI32.dll
0x00007ffd4e910000 - 0x00007ffd4e9ab000 	C:\Windows\System32\sechost.dll
0x00007ffd4f4c0000 - 0x00007ffd4f5ea000 	C:\Windows\System32\RPCRT4.dll
0x00007ffd4f4b0000 - 0x00007ffd4f4b8000 	C:\Windows\System32\PSAPI.DLL
0x00007ffd36750000 - 0x00007ffd36759000 	C:\Windows\SYSTEM32\WSOCK32.dll
0x00007ffd50390000 - 0x00007ffd503fb000 	C:\Windows\System32\WS2_32.dll
0x00007ffd4c610000 - 0x00007ffd4c637000 	C:\Windows\SYSTEM32\WINMM.dll
0x00007ffd4c600000 - 0x00007ffd4c60a000 	C:\Windows\SYSTEM32\VERSION.dll
0x00007ffd4c800000 - 0x00007ffd4c812000 	C:\Windows\SYSTEM32\kernel.appcore.dll
0x00007ffd476a0000 - 0x00007ffd476b0000 	C:\Program Files\Microsoft\jdk-11.0.20.8-hotspot\bin\verify.dll
0x00007ffd4c410000 - 0x00007ffd4c5f4000 	C:\Windows\SYSTEM32\DBGHELP.DLL
0x00007ffd4c3e0000 - 0x00007ffd4c40c000 	C:\Windows\SYSTEM32\dbgcore.DLL
0x00007ffd4e590000 - 0x00007ffd4e613000 	C:\Windows\System32\bcryptPrimitives.dll
0x00007ffd1f980000 - 0x00007ffd1f9a8000 	C:\Program Files\Microsoft\jdk-11.0.20.8-hotspot\bin\java.dll
0x00007ffd46c60000 - 0x00007ffd46c6a000 	C:\Program Files\Microsoft\jdk-11.0.20.8-hotspot\bin\jimage.dll
0x00007ffd26ae0000 - 0x00007ffd26af8000 	C:\Program Files\Microsoft\jdk-11.0.20.8-hotspot\bin\zip.dll
0x00007ffd4ed70000 - 0x00007ffd4f4af000 	C:\Windows\System32\SHELL32.dll
0x00007ffd4bc40000 - 0x00007ffd4c3d0000 	C:\Windows\SYSTEM32\windows.storage.dll
0x00007ffd4f6a0000 - 0x00007ffd4f9f5000 	C:\Windows\System32\combase.dll
0x00007ffd4d880000 - 0x00007ffd4d8ac000 	C:\Windows\SYSTEM32\Wldp.dll
0x00007ffd505d0000 - 0x00007ffd5067e000 	C:\Windows\System32\SHCORE.dll
0x00007ffd50440000 - 0x00007ffd50495000 	C:\Windows\System32\shlwapi.dll
0x00007ffd4dec0000 - 0x00007ffd4dedf000 	C:\Windows\SYSTEM32\profapi.dll
0x00007ffd23560000 - 0x00007ffd23579000 	C:\Program Files\Microsoft\jdk-11.0.20.8-hotspot\bin\net.dll
0x00007ffd38e20000 - 0x00007ffd38f28000 	C:\Windows\SYSTEM32\WINHTTP.dll
0x00007ffd4d610000 - 0x00007ffd4d67a000 	C:\Windows\system32\mswsock.dll
0x00007ffd232c0000 - 0x00007ffd232d3000 	C:\Program Files\Microsoft\jdk-11.0.20.8-hotspot\bin\nio.dll
0x00007ffd1f950000 - 0x00007ffd1f977000 	C:\Users\Admin\.gradle\native\68d5fa5c4cc2d200863cafc0d521ce42e7d3e7ee720ec0a83991735586a16f82\windows-amd64\native-platform.dll
0x00007ffcf5cb0000 - 0x00007ffcf5df4000 	C:\Users\Admin\.gradle\native\e376f236ea51e6404a007f0833ffe2c6e607c4080706a723a18a27aeea778392\windows-amd64\native-platform-file-events.dll
0x00007ffd46c20000 - 0x00007ffd46c29000 	C:\Program Files\Microsoft\jdk-11.0.20.8-hotspot\bin\management.dll
0x00007ffd45880000 - 0x00007ffd4588b000 	C:\Program Files\Microsoft\jdk-11.0.20.8-hotspot\bin\management_ext.dll
0x00007ffd4dbc0000 - 0x00007ffd4dbd8000 	C:\Windows\SYSTEM32\CRYPTSP.dll
0x00007ffd4cfb0000 - 0x00007ffd4cfe4000 	C:\Windows\system32\rsaenh.dll
0x00007ffd4e7e0000 - 0x00007ffd4e807000 	C:\Windows\System32\bcrypt.dll
0x00007ffd4de40000 - 0x00007ffd4de6e000 	C:\Windows\SYSTEM32\USERENV.dll
0x00007ffd4d920000 - 0x00007ffd4d92c000 	C:\Windows\SYSTEM32\CRYPTBASE.dll
0x00007ffd4d320000 - 0x00007ffd4d35b000 	C:\Windows\SYSTEM32\IPHLPAPI.DLL
0x00007ffd50400000 - 0x00007ffd50408000 	C:\Windows\System32\NSI.dll
0x00007ffd41070000 - 0x00007ffd41087000 	C:\Windows\SYSTEM32\dhcpcsvc6.DLL
0x00007ffd41f90000 - 0x00007ffd41fad000 	C:\Windows\SYSTEM32\dhcpcsvc.DLL
0x00007ffd4d360000 - 0x00007ffd4d42c000 	C:\Windows\SYSTEM32\DNSAPI.dll

dbghelp: loaded successfully - version: 4.0.5 - missing functions: none
symbol engine: initialized successfully - sym options: 0x614 - pdb path: .;C:\Program Files\Microsoft\jdk-11.0.20.8-hotspot\bin;C:\Windows\SYSTEM32;C:\Windows\WinSxS\amd64_microsoft.windows.common-controls_6595b64144ccf1df_6.0.19041.1110_none_60b5254171f9507e;C:\Program Files\Microsoft\jdk-11.0.20.8-hotspot\bin\server;C:\Users\Admin\.gradle\native\68d5fa5c4cc2d200863cafc0d521ce42e7d3e7ee720ec0a83991735586a16f82\windows-amd64;C:\Users\Admin\.gradle\native\e376f236ea51e6404a007f0833ffe2c6e607c4080706a723a18a27aeea778392\windows-amd64

VM Arguments:
jvm_args: -XX:MaxMetaspaceSize=512m --add-opens=java.base/java.util=ALL-UNNAMED --add-opens=java.base/java.lang=ALL-UNNAMED --add-opens=java.base/java.lang.invoke=ALL-UNNAMED --add-opens=java.prefs/java.util.prefs=ALL-UNNAMED --add-opens=java.base/java.nio.charset=ALL-UNNAMED --add-opens=java.base/java.net=ALL-UNNAMED --add-opens=java.base/java.util.concurrent.atomic=ALL-UNNAMED -Xmx2048m -Dfile.encoding=windows-1252 -Duser.country=IN -Duser.language=en -Duser.variant 
java_command: org.gradle.launcher.daemon.bootstrap.GradleDaemon 8.0.1
java_class_path (initial): C:\Users\Admin\.gradle\wrapper\dists\gradle-8.0.1-all\aro4hu1c3oeioove7l0i4i14o\gradle-8.0.1\lib\gradle-launcher-8.0.1.jar
Launcher Type: SUN_STANDARD

[Global flags]
     intx CICompilerCount                          = 3                                         {product} {ergonomic}
   size_t CompressedClassSpaceSize                 = 528482304                                 {product} {ergonomic}
     uint ConcGCThreads                            = 1                                         {product} {ergonomic}
     uint G1ConcRefinementThreads                  = 4                                         {product} {ergonomic}
   size_t G1HeapRegionSize                         = 1048576                                   {product} {ergonomic}
    uintx GCDrainStackTargetSize                   = 64                                        {product} {ergonomic}
   size_t InitialHeapSize                          = 132120576                                 {product} {ergonomic}
   size_t MarkStackSize                            = 4194304                                   {product} {ergonomic}
   size_t MaxHeapSize                              = 2147483648                                {product} {command line}
   size_t MaxMetaspaceSize                         = 536870912                                 {product} {command line}
   size_t MaxNewSize                               = 1287651328                                {product} {ergonomic}
   size_t MinHeapDeltaBytes                        = 1048576                                   {product} {ergonomic}
    uintx NonNMethodCodeHeapSize                   = 5830732                                {pd product} {ergonomic}
    uintx NonProfiledCodeHeapSize                  = 122913754                              {pd product} {ergonomic}
    uintx ProfiledCodeHeapSize                     = 122913754                              {pd product} {ergonomic}
    uintx ReservedCodeCacheSize                    = 251658240                              {pd product} {ergonomic}
     bool SegmentedCodeCache                       = true                                      {product} {ergonomic}
     bool UseCompressedClassPointers               = true                                 {lp64_product} {ergonomic}
     bool UseCompressedOops                        = true                                 {lp64_product} {ergonomic}
     bool UseG1GC                                  = true                                      {product} {ergonomic}
     bool UseLargePagesIndividualAllocation        = false                                  {pd product} {ergonomic}

Logging:
Log output configuration:
 #0: stdout all=warning uptime,level,tags
 #1: stderr all=off uptime,level,tags

Environment Variables:
JAVA_HOME=C:\Program Files\Microsoft\jdk-11.0.20.8-hotspot
CLASSPATH=E:\KitProject\App\eShopApp\android\\gradle\wrapper\gradle-wrapper.jar
PATH=E:\KitProject\App\eShopApp\node_modules\.bin;E:\KitProject\App\eShopApp\node_modules\.bin;E:\KitProject\App\node_modules\.bin;E:\KitProject\node_modules\.bin;E:\node_modules\.bin;C:\Program Files\nodejs\node_modules\npm\node_modules\@npmcli\run-script\lib\node-gyp-bin;E:\KitProject\App\eShopApp\node_modules\.bin;E:\KitProject\App\node_modules\.bin;E:\KitProject\node_modules\.bin;E:\node_modules\.bin;C:\Program Files\nodejs\node_modules\npm\node_modules\@npmcli\run-script\lib\node-gyp-bin;C:\Program Files\Microsoft\jdk-11.0.20.8-hotspot\bin;C:\Windows\system32;C:\Windows;C:\Windows\System32\Wbem;C:\Windows\System32\WindowsPowerShell\v1.0\;C:\Windows\System32\OpenSSH\;C:\ProgramData\chocolatey\bin;C:\Program Files\Git\cmd;C:\Users\Admin\AppData\Roaming\nvm;C:\Program Files\nodejs;C:\xampp\php;C:\ProgramData\ComposerSetup\bin;C:\Program Files\nodejs\;C:\Users\Admin\AppData\Local\Microsoft\WindowsApps;C:\Users\Admin\AppData\Local\Programs\Microsoft VS Code\bin;C:\Users\Admin\AppData\Roaming\nvm;C:\Program Files\nodejs;C:\Users\Admin\AppData\Roaming\Composer\vendor\bin;C:\Users\Admin\AppData\Local\Android\Sdk\platform-tools;C:\Users\Admin\AppData\Roaming\npm;C:\Program Files\Microsoft\jdk-11.0.20.8-hotspot;
USERNAME=Admin
LANG=en_US.UTF-8
OS=Windows_NT
PROCESSOR_IDENTIFIER=Intel64 Family 6 Model 78 Stepping 3, GenuineIntel
TMP=C:\Users\Admin\AppData\Local\Temp
TEMP=C:\Users\Admin\AppData\Local\Temp



---------------  S Y S T E M  ---------------

OS: Windows 10 , 64 bit Build 19041 (10.0.19041.1151)
OS uptime: 11 days 16:42 hours
Hyper-V role detected

CPU:total 4 (initial active 4) (2 cores per cpu, 2 threads per core) family 6 model 78 stepping 3 microcode 0xcc, cmov, cx8, fxsr, mmx, sse, sse2, sse3, ssse3, sse4.1, sse4.2, popcnt, avx, avx2, aes, clmul, erms, rtm, 3dnowpref, lzcnt, ht, tsc, tscinvbit, bmi1, bmi2, adx, fma

Memory: 4k page, system-wide physical 8011M (144M free)
TotalPageFile size 25532M (AvailPageFile size 0M)
current process WorkingSet (physical memory assigned to process): 83M, peak: 94M
current process commit charge ("private bytes"): 234M, peak: 240M

vm_info: OpenJDK 64-Bit Server VM (11.0.20+8-LTS) for windows-amd64 JRE (11.0.20+8-LTS), built on Jul  7 2023 17:05:21 by "MicrosoftCorporation" with MS VC++ 15.9 (VS2017)

END.
