#
# There is insufficient memory for the Java Runtime Environment to continue.
# Native memory allocation (malloc) failed to allocate 32744 bytes for ChunkPool::allocate
# Possible reasons:
#   The system is out of physical RAM or swap space
#   The process is running with CompressedOops enabled, and the Java Heap may be blocking the growth of the native heap
# Possible solutions:
#   Reduce memory load on the system
#   Increase physical memory or swap space
#   Check if swap backing store is full
#   Decrease Java heap size (-Xmx/-Xms)
#   Decrease number of Java threads
#   Decrease Java thread stack sizes (-Xss)
#   Set larger code cache with -XX:ReservedCodeCacheSize=
#   JVM is running with Unscaled Compressed Oops mode in which the Java heap is
#     placed in the first 4GB address space. The Java Heap base address is the
#     maximum limit for the native heap growth. Please use -XX:HeapBaseMinAddress
#     to set the Java Heap base and to place the Java Heap above 4GB virtual address.
# This output file may be truncated or incomplete.
#
#  Out of Memory Error (arena.cpp:81), pid=1540, tid=19296
#
# JRE version: OpenJDK Runtime Environment Microsoft-8035250 (11.0.20+8) (build 11.0.20+8-LTS)
# Java VM: OpenJDK 64-Bit Server VM Microsoft-8035250 (11.0.20+8-LTS, mixed mode, tiered, compressed oops, g1 gc, windows-amd64)
# No core dump will be written. Minidumps are not enabled by default on client versions of Windows
#

---------------  S U M M A R Y ------------

Command Line: -XX:MaxMetaspaceSize=512m --add-opens=java.base/java.util=ALL-UNNAMED --add-opens=java.base/java.lang=ALL-UNNAMED --add-opens=java.base/java.lang.invoke=ALL-UNNAMED --add-opens=java.prefs/java.util.prefs=ALL-UNNAMED --add-opens=java.base/java.nio.charset=ALL-UNNAMED --add-opens=java.base/java.net=ALL-UNNAMED --add-opens=java.base/java.util.concurrent.atomic=ALL-UNNAMED -Xmx2048m -Dfile.encoding=windows-1252 -Duser.country=IN -Duser.language=en -Duser.variant org.gradle.launcher.daemon.bootstrap.GradleDaemon 8.0.1

Host: Intel(R) Core(TM) i5-6300U CPU @ 2.40GHz, 4 cores, 7G,  Windows 10 , 64 bit Build 19041 (10.0.19041.1151)
Time: Tue Sep 12 10:58:10 2023 India Standard Time elapsed time: 148.083197 seconds (0d 0h 2m 28s)

---------------  T H R E A D  ---------------

Current thread (0x00000221c1623800):  JavaThread "C2 CompilerThread0" daemon [_thread_in_native, id=19296, stack(0x0000007229700000,0x0000007229800000)]


Current CompileTask:
C2: 148083 2316       4       java.net.URLClassLoader$1::run (5 bytes)

Stack: [0x0000007229700000,0x0000007229800000]
Native frames: (J=compiled Java code, j=interpreted, Vv=VM code, C=native code)
V  [jvm.dll+0x62e9da]
V  [jvm.dll+0x7bc4e9]
V  [jvm.dll+0x7bdbd8]
V  [jvm.dll+0x7be2b3]
V  [jvm.dll+0x2505a8]
V  [jvm.dll+0xc289b]
V  [jvm.dll+0xc2bfc]
V  [jvm.dll+0xc274b]
V  [jvm.dll+0x60c216]
V  [jvm.dll+0x60ad50]
V  [jvm.dll+0x5cf29b]
V  [jvm.dll+0x5cf397]
V  [jvm.dll+0x645fe3]
V  [jvm.dll+0x64bbd5]
V  [jvm.dll+0x643d8f]
V  [jvm.dll+0x64341b]
V  [jvm.dll+0x6412d5]
V  [jvm.dll+0x18d23c]
V  [jvm.dll+0x2c46e6]
V  [jvm.dll+0x64bfd8]
V  [jvm.dll+0x643d8f]
V  [jvm.dll+0x64341b]
V  [jvm.dll+0x6412d5]
V  [jvm.dll+0x18d23c]
V  [jvm.dll+0x2c46e6]
V  [jvm.dll+0x64bfd8]
V  [jvm.dll+0x643d8f]
V  [jvm.dll+0x64341b]
V  [jvm.dll+0x6412d5]
V  [jvm.dll+0x18d23c]
V  [jvm.dll+0x18ddc9]
V  [jvm.dll+0x2c46e6]
V  [jvm.dll+0x64bfd8]
V  [jvm.dll+0x643d8f]
V  [jvm.dll+0x64341b]
V  [jvm.dll+0x6412d5]
V  [jvm.dll+0x18d23c]
V  [jvm.dll+0x2c46e6]
V  [jvm.dll+0x64bfd8]
V  [jvm.dll+0x643d8f]
V  [jvm.dll+0x64341b]
V  [jvm.dll+0x6412d5]
V  [jvm.dll+0x18d23c]
V  [jvm.dll+0x2c46e6]
V  [jvm.dll+0x64bfd8]
V  [jvm.dll+0x643d8f]
V  [jvm.dll+0x64341b]
V  [jvm.dll+0x6412d5]
V  [jvm.dll+0x18d23c]
V  [jvm.dll+0x2c46e6]
V  [jvm.dll+0x64bfd8]
V  [jvm.dll+0x643d8f]
V  [jvm.dll+0x64341b]
V  [jvm.dll+0x6412d5]
V  [jvm.dll+0x18d23c]
V  [jvm.dll+0x2085c8]
V  [jvm.dll+0x18a7de]
V  [jvm.dll+0x2181ec]
V  [jvm.dll+0x21642b]
V  [jvm.dll+0x77efc0]
V  [jvm.dll+0x777db4]
V  [jvm.dll+0x62d845]
C  [ucrtbase.dll+0x21bb2]
C  [KERNEL32.DLL+0x17034]
C  [ntdll.dll+0x52651]


---------------  P R O C E S S  ---------------

Threads class SMR info:
_java_thread_list=0x00000221c2730580, length=24, elements={
0x00000221a2474800, 0x00000221c0caf800, 0x00000221c0cb0800, 0x00000221c0d10000,
0x00000221c0d12000, 0x00000221c1620800, 0x00000221c1623800, 0x00000221c1624800,
0x00000221c0d1d800, 0x00000221c171c800, 0x00000221c3d07800, 0x00000221c28e6800,
0x00000221c28e7800, 0x00000221c1aab000, 0x00000221c1aab800, 0x00000221c21d3000,
0x00000221c2259800, 0x00000221c20e8000, 0x00000221c23e8800, 0x00000221c22d4000,
0x00000221c36b8000, 0x00000221c36ba800, 0x00000221c36bb000, 0x00000221c36b8800
}

Java Threads: ( => current thread )
  0x00000221a2474800 JavaThread "main" [_thread_blocked, id=23188, stack(0x0000007228b00000,0x0000007228c00000)]
  0x00000221c0caf800 JavaThread "Reference Handler" daemon [_thread_blocked, id=23360, stack(0x0000007229200000,0x0000007229300000)]
  0x00000221c0cb0800 JavaThread "Finalizer" daemon [_thread_blocked, id=24572, stack(0x0000007229300000,0x0000007229400000)]
  0x00000221c0d10000 JavaThread "Signal Dispatcher" daemon [_thread_blocked, id=24064, stack(0x0000007229400000,0x0000007229500000)]
  0x00000221c0d12000 JavaThread "Attach Listener" daemon [_thread_blocked, id=16276, stack(0x0000007229500000,0x0000007229600000)]
  0x00000221c1620800 JavaThread "Service Thread" daemon [_thread_blocked, id=18196, stack(0x0000007229600000,0x0000007229700000)]
=>0x00000221c1623800 JavaThread "C2 CompilerThread0" daemon [_thread_in_native, id=19296, stack(0x0000007229700000,0x0000007229800000)]
  0x00000221c1624800 JavaThread "C1 CompilerThread0" daemon [_thread_blocked, id=22832, stack(0x0000007229800000,0x0000007229900000)]
  0x00000221c0d1d800 JavaThread "Sweeper thread" daemon [_thread_blocked, id=23812, stack(0x0000007229900000,0x0000007229a00000)]
  0x00000221c171c800 JavaThread "Common-Cleaner" daemon [_thread_blocked, id=18632, stack(0x0000007229a00000,0x0000007229b00000)]
  0x00000221c3d07800 JavaThread "Daemon health stats" [_thread_blocked, id=26964, stack(0x0000007229e00000,0x0000007229f00000)]
  0x00000221c28e6800 JavaThread "Incoming local TCP Connector on port 63706" [_thread_in_native, id=21844, stack(0x000000722a000000,0x000000722a100000)]
  0x00000221c28e7800 JavaThread "Daemon periodic checks" [_thread_in_native, id=22360, stack(0x000000722a100000,0x000000722a200000)]
  0x00000221c1aab000 JavaThread "Daemon" [_thread_blocked, id=6612, stack(0x000000722a200000,0x000000722a300000)]
  0x00000221c1aab800 JavaThread "Handler for socket connection from /127.0.0.1:63706 to /127.0.0.1:63708" [_thread_in_native, id=10104, stack(0x000000722a300000,0x000000722a400000)]
  0x00000221c21d3000 JavaThread "Cancel handler" [_thread_blocked, id=24228, stack(0x000000722a400000,0x000000722a500000)]
  0x00000221c2259800 JavaThread "Daemon worker" [_thread_in_native, id=18060, stack(0x0000007228800000,0x0000007228900000)]
  0x00000221c20e8000 JavaThread "Asynchronous log dispatcher for DefaultDaemonConnection: socket connection from /127.0.0.1:63706 to /127.0.0.1:63708" [_thread_blocked, id=24328, stack(0x0000007228900000,0x0000007228a00000)]
  0x00000221c23e8800 JavaThread "Stdin handler" [_thread_blocked, id=23328, stack(0x000000722a500000,0x000000722a600000)]
  0x00000221c22d4000 JavaThread "Daemon client event forwarder" [_thread_blocked, id=19932, stack(0x000000722a600000,0x000000722a700000)]
  0x00000221c36b8000 JavaThread "Cache worker for journal cache (C:\Users\Admin\.gradle\caches\journal-1)" [_thread_blocked, id=25280, stack(0x000000722a800000,0x000000722a900000)]
  0x00000221c36ba800 JavaThread "File lock request listener" [_thread_in_native, id=25296, stack(0x000000722a900000,0x000000722aa00000)]
  0x00000221c36bb000 JavaThread "File lock release action executor" [_thread_blocked, id=26384, stack(0x000000722aa00000,0x000000722ab00000)]
  0x00000221c36b8800 JavaThread "Cache worker for file hash cache (C:\Users\Admin\.gradle\caches\8.0.1\fileHashes)" [_thread_blocked, id=9932, stack(0x000000722ab00000,0x000000722ac00000)]

Other Threads:
  0x00000221c0cab000 VMThread "VM Thread" [stack: 0x0000007229100000,0x0000007229200000] [id=22628]
  0x00000221c179d000 WatcherThread [stack: 0x0000007229b00000,0x0000007229c00000] [id=15560]
  0x00000221a2488000 GCTaskThread "GC Thread#0" [stack: 0x0000007228c00000,0x0000007228d00000] [id=22284]
  0x00000221c1c40000 GCTaskThread "GC Thread#1" [stack: 0x0000007229c00000,0x0000007229d00000] [id=26180]
  0x00000221c1b25000 GCTaskThread "GC Thread#2" [stack: 0x0000007229d00000,0x0000007229e00000] [id=26184]
  0x00000221c2beb800 GCTaskThread "GC Thread#3" [stack: 0x000000722a700000,0x000000722a800000] [id=21044]
  0x00000221a24b9800 ConcurrentGCThread "G1 Main Marker" [stack: 0x0000007228d00000,0x0000007228e00000] [id=22496]
  0x00000221a24bb000 ConcurrentGCThread "G1 Conc#0" [stack: 0x0000007228e00000,0x0000007228f00000] [id=13336]
  0x00000221a2547000 ConcurrentGCThread "G1 Refine#0" [stack: 0x0000007228f00000,0x0000007229000000] [id=22572]
  0x00000221a2548000 ConcurrentGCThread "G1 Young RemSet Sampling" [stack: 0x0000007229000000,0x0000007229100000] [id=22484]

Threads with active compile tasks:
C2 CompilerThread0   148195 2316       4       java.net.URLClassLoader$1::run (5 bytes)

VM state:not at safepoint (normal execution)

VM Mutex/Monitor currently owned by a thread: None

Heap address: 0x0000000080000000, size: 2048 MB, Compressed Oops mode: 32-bit
Narrow klass base: 0x0000000000000000, Narrow klass shift: 3
Compressed class space size: 528482304 Address: 0x0000000100000000

Heap:
 garbage-first heap   total 129024K, used 49658K [0x0000000080000000, 0x0000000100000000)
  region size 1024K, 32 young (32768K), 1 survivors (1024K)
 Metaspace       used 23963K, capacity 24511K, committed 24624K, reserved 538624K
  class space    used 2936K, capacity 3141K, committed 3200K, reserved 516096K
Heap Regions: E=young(eden), S=young(survivor), O=old, HS=humongous(starts), HC=humongous(continues), CS=collection set, F=free, A=archive, TAMS=top-at-mark-start (previous, next)
|   0|0x0000000080000000, 0x0000000080100000, 0x0000000080100000|100%|HS|  |TAMS 0x0000000080100000, 0x0000000080000000| Complete 
|   1|0x0000000080100000, 0x0000000080200000, 0x0000000080200000|100%|HC|  |TAMS 0x0000000080200000, 0x0000000080100000| Complete 
|   2|0x0000000080200000, 0x0000000080300000, 0x0000000080300000|100%|HC|  |TAMS 0x0000000080300000, 0x0000000080200000| Complete 
|   3|0x0000000080300000, 0x0000000080400000, 0x0000000080400000|100%|HC|  |TAMS 0x0000000080400000, 0x0000000080300000| Complete 
|   4|0x0000000080400000, 0x0000000080500000, 0x0000000080500000|100%| O|  |TAMS 0x0000000080500000, 0x0000000080400000| Untracked 
|   5|0x0000000080500000, 0x0000000080600000, 0x0000000080600000|100%| O|  |TAMS 0x0000000080600000, 0x0000000080500000| Untracked 
|   6|0x0000000080600000, 0x0000000080700000, 0x0000000080700000|100%| O|  |TAMS 0x0000000080700000, 0x0000000080600000| Untracked 
|   7|0x0000000080700000, 0x0000000080800000, 0x0000000080800000|100%| O|  |TAMS 0x0000000080800000, 0x0000000080700000| Untracked 
|   8|0x0000000080800000, 0x0000000080900000, 0x0000000080900000|100%| O|  |TAMS 0x0000000080900000, 0x0000000080800000| Untracked 
|   9|0x0000000080900000, 0x0000000080a00000, 0x0000000080a00000|100%| O|  |TAMS 0x0000000080a00000, 0x0000000080900000| Untracked 
|  10|0x0000000080a00000, 0x0000000080b00000, 0x0000000080b00000|100%| O|  |TAMS 0x0000000080b00000, 0x0000000080a00000| Untracked 
|  11|0x0000000080b00000, 0x0000000080c00000, 0x0000000080c00000|100%| O|  |TAMS 0x0000000080c00000, 0x0000000080b00000| Untracked 
|  12|0x0000000080c00000, 0x0000000080d00000, 0x0000000080d00000|100%| O|  |TAMS 0x0000000080d00000, 0x0000000080c00000| Untracked 
|  13|0x0000000080d00000, 0x0000000080e00000, 0x0000000080e00000|100%| O|  |TAMS 0x0000000080e00000, 0x0000000080d00000| Untracked 
|  14|0x0000000080e00000, 0x0000000080f00000, 0x0000000080f00000|100%| O|  |TAMS 0x0000000080f00000, 0x0000000080e00000| Untracked 
|  15|0x0000000080f00000, 0x0000000081000000, 0x0000000081000000|100%| O|  |TAMS 0x0000000081000000, 0x0000000080f00000| Untracked 
|  16|0x0000000081000000, 0x0000000081100000, 0x0000000081100000|100%| O|  |TAMS 0x0000000081100000, 0x0000000081000000| Untracked 
|  17|0x0000000081100000, 0x00000000811a8200, 0x0000000081200000| 65%| O|  |TAMS 0x00000000811a8200, 0x0000000081100000| Untracked 
|  18|0x0000000081200000, 0x0000000081200000, 0x0000000081300000|  0%| F|  |TAMS 0x0000000081200000, 0x0000000081200000| Untracked 
|  19|0x0000000081300000, 0x0000000081300000, 0x0000000081400000|  0%| F|  |TAMS 0x0000000081300000, 0x0000000081300000| Untracked 
|  20|0x0000000081400000, 0x0000000081400000, 0x0000000081500000|  0%| F|  |TAMS 0x0000000081400000, 0x0000000081400000| Untracked 
|  21|0x0000000081500000, 0x0000000081500000, 0x0000000081600000|  0%| F|  |TAMS 0x0000000081500000, 0x0000000081500000| Untracked 
|  22|0x0000000081600000, 0x0000000081600000, 0x0000000081700000|  0%| F|  |TAMS 0x0000000081600000, 0x0000000081600000| Untracked 
|  23|0x0000000081700000, 0x0000000081700000, 0x0000000081800000|  0%| F|  |TAMS 0x0000000081700000, 0x0000000081700000| Untracked 
|  24|0x0000000081800000, 0x0000000081800000, 0x0000000081900000|  0%| F|  |TAMS 0x0000000081800000, 0x0000000081800000| Untracked 
|  25|0x0000000081900000, 0x0000000081900000, 0x0000000081a00000|  0%| F|  |TAMS 0x0000000081900000, 0x0000000081900000| Untracked 
|  26|0x0000000081a00000, 0x0000000081a00000, 0x0000000081b00000|  0%| F|  |TAMS 0x0000000081a00000, 0x0000000081a00000| Untracked 
|  27|0x0000000081b00000, 0x0000000081b00000, 0x0000000081c00000|  0%| F|  |TAMS 0x0000000081b00000, 0x0000000081b00000| Untracked 
|  28|0x0000000081c00000, 0x0000000081c00000, 0x0000000081d00000|  0%| F|  |TAMS 0x0000000081c00000, 0x0000000081c00000| Untracked 
|  29|0x0000000081d00000, 0x0000000081d00000, 0x0000000081e00000|  0%| F|  |TAMS 0x0000000081d00000, 0x0000000081d00000| Untracked 
|  30|0x0000000081e00000, 0x0000000081e00000, 0x0000000081f00000|  0%| F|  |TAMS 0x0000000081e00000, 0x0000000081e00000| Untracked 
|  31|0x0000000081f00000, 0x0000000081f00000, 0x0000000082000000|  0%| F|  |TAMS 0x0000000081f00000, 0x0000000081f00000| Untracked 
|  32|0x0000000082000000, 0x0000000082000000, 0x0000000082100000|  0%| F|  |TAMS 0x0000000082000000, 0x0000000082000000| Untracked 
|  33|0x0000000082100000, 0x0000000082100000, 0x0000000082200000|  0%| F|  |TAMS 0x0000000082100000, 0x0000000082100000| Untracked 
|  34|0x0000000082200000, 0x0000000082200000, 0x0000000082300000|  0%| F|  |TAMS 0x0000000082200000, 0x0000000082200000| Untracked 
|  35|0x0000000082300000, 0x0000000082300000, 0x0000000082400000|  0%| F|  |TAMS 0x0000000082300000, 0x0000000082300000| Untracked 
|  36|0x0000000082400000, 0x0000000082400000, 0x0000000082500000|  0%| F|  |TAMS 0x0000000082400000, 0x0000000082400000| Untracked 
|  37|0x0000000082500000, 0x0000000082500000, 0x0000000082600000|  0%| F|  |TAMS 0x0000000082500000, 0x0000000082500000| Untracked 
|  38|0x0000000082600000, 0x0000000082600000, 0x0000000082700000|  0%| F|  |TAMS 0x0000000082600000, 0x0000000082600000| Untracked 
|  39|0x0000000082700000, 0x0000000082700000, 0x0000000082800000|  0%| F|  |TAMS 0x0000000082700000, 0x0000000082700000| Untracked 
|  40|0x0000000082800000, 0x0000000082800000, 0x0000000082900000|  0%| F|  |TAMS 0x0000000082800000, 0x0000000082800000| Untracked 
|  41|0x0000000082900000, 0x0000000082900000, 0x0000000082a00000|  0%| F|  |TAMS 0x0000000082900000, 0x0000000082900000| Untracked 
|  42|0x0000000082a00000, 0x0000000082a00000, 0x0000000082b00000|  0%| F|  |TAMS 0x0000000082a00000, 0x0000000082a00000| Untracked 
|  43|0x0000000082b00000, 0x0000000082b00000, 0x0000000082c00000|  0%| F|  |TAMS 0x0000000082b00000, 0x0000000082b00000| Untracked 
|  44|0x0000000082c00000, 0x0000000082c00000, 0x0000000082d00000|  0%| F|  |TAMS 0x0000000082c00000, 0x0000000082c00000| Untracked 
|  45|0x0000000082d00000, 0x0000000082d00000, 0x0000000082e00000|  0%| F|  |TAMS 0x0000000082d00000, 0x0000000082d00000| Untracked 
|  46|0x0000000082e00000, 0x0000000082e00000, 0x0000000082f00000|  0%| F|  |TAMS 0x0000000082e00000, 0x0000000082e00000| Untracked 
|  47|0x0000000082f00000, 0x0000000082f00000, 0x0000000083000000|  0%| F|  |TAMS 0x0000000082f00000, 0x0000000082f00000| Untracked 
|  48|0x0000000083000000, 0x0000000083000000, 0x0000000083100000|  0%| F|  |TAMS 0x0000000083000000, 0x0000000083000000| Untracked 
|  49|0x0000000083100000, 0x0000000083100000, 0x0000000083200000|  0%| F|  |TAMS 0x0000000083100000, 0x0000000083100000| Untracked 
|  50|0x0000000083200000, 0x0000000083200000, 0x0000000083300000|  0%| F|  |TAMS 0x0000000083200000, 0x0000000083200000| Untracked 
|  51|0x0000000083300000, 0x0000000083300000, 0x0000000083400000|  0%| F|  |TAMS 0x0000000083300000, 0x0000000083300000| Untracked 
|  52|0x0000000083400000, 0x0000000083400000, 0x0000000083500000|  0%| F|  |TAMS 0x0000000083400000, 0x0000000083400000| Untracked 
|  53|0x0000000083500000, 0x0000000083500000, 0x0000000083600000|  0%| F|  |TAMS 0x0000000083500000, 0x0000000083500000| Untracked 
|  54|0x0000000083600000, 0x0000000083600000, 0x0000000083700000|  0%| F|  |TAMS 0x0000000083600000, 0x0000000083600000| Untracked 
|  55|0x0000000083700000, 0x0000000083700000, 0x0000000083800000|  0%| F|  |TAMS 0x0000000083700000, 0x0000000083700000| Untracked 
|  56|0x0000000083800000, 0x0000000083800000, 0x0000000083900000|  0%| F|  |TAMS 0x0000000083800000, 0x0000000083800000| Untracked 
|  57|0x0000000083900000, 0x0000000083900000, 0x0000000083a00000|  0%| F|  |TAMS 0x0000000083900000, 0x0000000083900000| Untracked 
|  58|0x0000000083a00000, 0x0000000083a00000, 0x0000000083b00000|  0%| F|  |TAMS 0x0000000083a00000, 0x0000000083a00000| Untracked 
|  59|0x0000000083b00000, 0x0000000083b00000, 0x0000000083c00000|  0%| F|  |TAMS 0x0000000083b00000, 0x0000000083b00000| Untracked 
|  60|0x0000000083c00000, 0x0000000083c00000, 0x0000000083d00000|  0%| F|  |TAMS 0x0000000083c00000, 0x0000000083c00000| Untracked 
|  61|0x0000000083d00000, 0x0000000083d00000, 0x0000000083e00000|  0%| F|  |TAMS 0x0000000083d00000, 0x0000000083d00000| Untracked 
|  62|0x0000000083e00000, 0x0000000083e00000, 0x0000000083f00000|  0%| F|  |TAMS 0x0000000083e00000, 0x0000000083e00000| Untracked 
|  63|0x0000000083f00000, 0x0000000083f00000, 0x0000000084000000|  0%| F|  |TAMS 0x0000000083f00000, 0x0000000083f00000| Untracked 
|  64|0x0000000084000000, 0x0000000084000000, 0x0000000084100000|  0%| F|  |TAMS 0x0000000084000000, 0x0000000084000000| Untracked 
|  65|0x0000000084100000, 0x0000000084100000, 0x0000000084200000|  0%| F|  |TAMS 0x0000000084100000, 0x0000000084100000| Untracked 
|  66|0x0000000084200000, 0x0000000084200000, 0x0000000084300000|  0%| F|  |TAMS 0x0000000084200000, 0x0000000084200000| Untracked 
|  67|0x0000000084300000, 0x0000000084300000, 0x0000000084400000|  0%| F|  |TAMS 0x0000000084300000, 0x0000000084300000| Untracked 
|  68|0x0000000084400000, 0x0000000084400000, 0x0000000084500000|  0%| F|  |TAMS 0x0000000084400000, 0x0000000084400000| Untracked 
|  69|0x0000000084500000, 0x0000000084500000, 0x0000000084600000|  0%| F|  |TAMS 0x0000000084500000, 0x0000000084500000| Untracked 
|  70|0x0000000084600000, 0x0000000084600000, 0x0000000084700000|  0%| F|  |TAMS 0x0000000084600000, 0x0000000084600000| Untracked 
|  71|0x0000000084700000, 0x0000000084700000, 0x0000000084800000|  0%| F|  |TAMS 0x0000000084700000, 0x0000000084700000| Untracked 
|  72|0x0000000084800000, 0x0000000084800000, 0x0000000084900000|  0%| F|  |TAMS 0x0000000084800000, 0x0000000084800000| Untracked 
|  73|0x0000000084900000, 0x0000000084900000, 0x0000000084a00000|  0%| F|  |TAMS 0x0000000084900000, 0x0000000084900000| Untracked 
|  74|0x0000000084a00000, 0x0000000084a00000, 0x0000000084b00000|  0%| F|  |TAMS 0x0000000084a00000, 0x0000000084a00000| Untracked 
|  75|0x0000000084b00000, 0x0000000084b00000, 0x0000000084c00000|  0%| F|  |TAMS 0x0000000084b00000, 0x0000000084b00000| Untracked 
|  76|0x0000000084c00000, 0x0000000084c00000, 0x0000000084d00000|  0%| F|  |TAMS 0x0000000084c00000, 0x0000000084c00000| Untracked 
|  77|0x0000000084d00000, 0x0000000084d00000, 0x0000000084e00000|  0%| F|  |TAMS 0x0000000084d00000, 0x0000000084d00000| Untracked 
|  78|0x0000000084e00000, 0x0000000084e00000, 0x0000000084f00000|  0%| F|  |TAMS 0x0000000084e00000, 0x0000000084e00000| Untracked 
|  79|0x0000000084f00000, 0x0000000084f00000, 0x0000000085000000|  0%| F|  |TAMS 0x0000000084f00000, 0x0000000084f00000| Untracked 
|  80|0x0000000085000000, 0x0000000085000000, 0x0000000085100000|  0%| F|  |TAMS 0x0000000085000000, 0x0000000085000000| Untracked 
|  81|0x0000000085100000, 0x0000000085100000, 0x0000000085200000|  0%| F|  |TAMS 0x0000000085100000, 0x0000000085100000| Untracked 
|  82|0x0000000085200000, 0x0000000085200000, 0x0000000085300000|  0%| F|  |TAMS 0x0000000085200000, 0x0000000085200000| Untracked 
|  83|0x0000000085300000, 0x0000000085300000, 0x0000000085400000|  0%| F|  |TAMS 0x0000000085300000, 0x0000000085300000| Untracked 
|  84|0x0000000085400000, 0x0000000085400000, 0x0000000085500000|  0%| F|  |TAMS 0x0000000085400000, 0x0000000085400000| Untracked 
|  85|0x0000000085500000, 0x0000000085500000, 0x0000000085600000|  0%| F|  |TAMS 0x0000000085500000, 0x0000000085500000| Untracked 
|  86|0x0000000085600000, 0x0000000085600000, 0x0000000085700000|  0%| F|  |TAMS 0x0000000085600000, 0x0000000085600000| Untracked 
|  87|0x0000000085700000, 0x0000000085700000, 0x0000000085800000|  0%| F|  |TAMS 0x0000000085700000, 0x0000000085700000| Untracked 
|  88|0x0000000085800000, 0x0000000085800000, 0x0000000085900000|  0%| F|  |TAMS 0x0000000085800000, 0x0000000085800000| Untracked 
|  89|0x0000000085900000, 0x0000000085900000, 0x0000000085a00000|  0%| F|  |TAMS 0x0000000085900000, 0x0000000085900000| Untracked 
|  90|0x0000000085a00000, 0x0000000085a00000, 0x0000000085b00000|  0%| F|  |TAMS 0x0000000085a00000, 0x0000000085a00000| Untracked 
|  91|0x0000000085b00000, 0x0000000085b00000, 0x0000000085c00000|  0%| F|  |TAMS 0x0000000085b00000, 0x0000000085b00000| Untracked 
|  92|0x0000000085c00000, 0x0000000085c00000, 0x0000000085d00000|  0%| F|  |TAMS 0x0000000085c00000, 0x0000000085c00000| Untracked 
|  93|0x0000000085d00000, 0x0000000085d00000, 0x0000000085e00000|  0%| F|  |TAMS 0x0000000085d00000, 0x0000000085d00000| Untracked 
|  94|0x0000000085e00000, 0x0000000085e49a60, 0x0000000085f00000| 28%| E|  |TAMS 0x0000000085e00000, 0x0000000085e00000| Complete 
|  95|0x0000000085f00000, 0x0000000086000000, 0x0000000086000000|100%| E|CS|TAMS 0x0000000085f00000, 0x0000000085f00000| Complete 
|  96|0x0000000086000000, 0x0000000086100000, 0x0000000086100000|100%| E|CS|TAMS 0x0000000086000000, 0x0000000086000000| Complete 
|  97|0x0000000086100000, 0x0000000086200000, 0x0000000086200000|100%| E|CS|TAMS 0x0000000086100000, 0x0000000086100000| Complete 
|  98|0x0000000086200000, 0x0000000086300000, 0x0000000086300000|100%| E|CS|TAMS 0x0000000086200000, 0x0000000086200000| Complete 
|  99|0x0000000086300000, 0x0000000086400000, 0x0000000086400000|100%| E|CS|TAMS 0x0000000086300000, 0x0000000086300000| Complete 
| 100|0x0000000086400000, 0x0000000086500000, 0x0000000086500000|100%| E|CS|TAMS 0x0000000086400000, 0x0000000086400000| Complete 
| 101|0x0000000086500000, 0x0000000086600000, 0x0000000086600000|100%| E|CS|TAMS 0x0000000086500000, 0x0000000086500000| Complete 
| 102|0x0000000086600000, 0x0000000086700000, 0x0000000086700000|100%| E|CS|TAMS 0x0000000086600000, 0x0000000086600000| Complete 
| 103|0x0000000086700000, 0x0000000086800000, 0x0000000086800000|100%| E|CS|TAMS 0x0000000086700000, 0x0000000086700000| Complete 
| 104|0x0000000086800000, 0x0000000086900000, 0x0000000086900000|100%| E|CS|TAMS 0x0000000086800000, 0x0000000086800000| Complete 
| 105|0x0000000086900000, 0x0000000086a00000, 0x0000000086a00000|100%| E|CS|TAMS 0x0000000086900000, 0x0000000086900000| Complete 
| 106|0x0000000086a00000, 0x0000000086b00000, 0x0000000086b00000|100%| E|CS|TAMS 0x0000000086a00000, 0x0000000086a00000| Complete 
| 107|0x0000000086b00000, 0x0000000086c00000, 0x0000000086c00000|100%| E|CS|TAMS 0x0000000086b00000, 0x0000000086b00000| Complete 
| 108|0x0000000086c00000, 0x0000000086d00000, 0x0000000086d00000|100%| E|CS|TAMS 0x0000000086c00000, 0x0000000086c00000| Complete 
| 109|0x0000000086d00000, 0x0000000086e00000, 0x0000000086e00000|100%| E|CS|TAMS 0x0000000086d00000, 0x0000000086d00000| Complete 
| 110|0x0000000086e00000, 0x0000000086f00000, 0x0000000086f00000|100%| E|CS|TAMS 0x0000000086e00000, 0x0000000086e00000| Complete 
| 111|0x0000000086f00000, 0x0000000086fd6618, 0x0000000087000000| 83%| S|CS|TAMS 0x0000000086f00000, 0x0000000086f00000| Complete 
| 112|0x0000000087000000, 0x0000000087100000, 0x0000000087100000|100%| E|CS|TAMS 0x0000000087000000, 0x0000000087000000| Complete 
| 113|0x0000000087100000, 0x0000000087200000, 0x0000000087200000|100%| E|CS|TAMS 0x0000000087100000, 0x0000000087100000| Complete 
| 114|0x0000000087200000, 0x0000000087300000, 0x0000000087300000|100%| E|CS|TAMS 0x0000000087200000, 0x0000000087200000| Complete 
| 115|0x0000000087300000, 0x0000000087400000, 0x0000000087400000|100%| E|CS|TAMS 0x0000000087300000, 0x0000000087300000| Complete 
| 116|0x0000000087400000, 0x0000000087500000, 0x0000000087500000|100%| E|CS|TAMS 0x0000000087400000, 0x0000000087400000| Complete 
| 117|0x0000000087500000, 0x0000000087600000, 0x0000000087600000|100%| E|CS|TAMS 0x0000000087500000, 0x0000000087500000| Complete 
| 118|0x0000000087600000, 0x0000000087700000, 0x0000000087700000|100%| E|CS|TAMS 0x0000000087600000, 0x0000000087600000| Complete 
| 119|0x0000000087700000, 0x0000000087800000, 0x0000000087800000|100%| E|CS|TAMS 0x0000000087700000, 0x0000000087700000| Complete 
| 120|0x0000000087800000, 0x0000000087900000, 0x0000000087900000|100%| E|CS|TAMS 0x0000000087800000, 0x0000000087800000| Complete 
| 121|0x0000000087900000, 0x0000000087a00000, 0x0000000087a00000|100%| E|CS|TAMS 0x0000000087900000, 0x0000000087900000| Complete 
| 122|0x0000000087a00000, 0x0000000087b00000, 0x0000000087b00000|100%| E|CS|TAMS 0x0000000087a00000, 0x0000000087a00000| Complete 
| 123|0x0000000087b00000, 0x0000000087c00000, 0x0000000087c00000|100%| E|CS|TAMS 0x0000000087b00000, 0x0000000087b00000| Complete 
| 124|0x0000000087c00000, 0x0000000087d00000, 0x0000000087d00000|100%| E|CS|TAMS 0x0000000087c00000, 0x0000000087c00000| Complete 
| 125|0x0000000087d00000, 0x0000000087e00000, 0x0000000087e00000|100%| E|CS|TAMS 0x0000000087d00000, 0x0000000087d00000| Complete 

Card table byte_map: [0x00000221b9ff0000,0x00000221ba3f0000] _byte_map_base: 0x00000221b9bf0000

Marking Bits (Prev, Next): (CMBitMap*) 0x00000221a24b0990, (CMBitMap*) 0x00000221a24b0958
 Prev Bits: [0x00000221bc7f0000, 0x00000221be7f0000)
 Next Bits: [0x00000221ba7f0000, 0x00000221bc7f0000)

Polling page: 0x00000221a1c50000

Metaspace:

Usage:
  Non-class:     20.87 MB capacity,    20.53 MB ( 98%) used,   294.63 KB (  1%) free+waste,    48.06 KB ( <1%) overhead. 
      Class:      3.07 MB capacity,     2.87 MB ( 93%) used,   181.21 KB (  6%) free+waste,    23.75 KB ( <1%) overhead. 
       Both:     23.94 MB capacity,    23.40 MB ( 98%) used,   475.84 KB (  2%) free+waste,    71.81 KB ( <1%) overhead. 

Virtual space:
  Non-class space:       22.00 MB reserved,      20.92 MB ( 95%) committed 
      Class space:      504.00 MB reserved,       3.13 MB ( <1%) committed 
             Both:      526.00 MB reserved,      24.05 MB (  5%) committed 

Chunk freelists:
   Non-Class:  54.00 KB
       Class:  27.00 KB
        Both:  81.00 KB

MaxMetaspaceSize: 512.00 MB
CompressedClassSpaceSize: 504.00 MB
Initial GC threshold: 20.80 MB
Current GC threshold: 35.08 MB
CDS: off

CodeHeap 'non-profiled nmethods': size=120064Kb used=1140Kb max_used=1140Kb free=118923Kb
 bounds [0x00000221b26b0000, 0x00000221b2920000, 0x00000221b9bf0000]
CodeHeap 'profiled nmethods': size=120000Kb used=4917Kb max_used=4917Kb free=115082Kb
 bounds [0x00000221ab180000, 0x00000221ab650000, 0x00000221b26b0000]
CodeHeap 'non-nmethods': size=5696Kb used=1229Kb max_used=1261Kb free=4466Kb
 bounds [0x00000221aabf0000, 0x00000221aae60000, 0x00000221ab180000]
 total_blobs=2821 nmethods=2314 adapters=419
 compilation: enabled
              stopped_count=0, restarted_count=0
 full_count=0

Compilation events (20 events):
Event: 148.028 Thread 0x00000221c1624800 2306       3       org.gradle.internal.service.DefaultServiceMethodFactory::toServiceMethod (11 bytes)
Event: 148.028 Thread 0x00000221c1624800 nmethod 2306 0x00000221ab644110 code [0x00000221ab6442c0, 0x00000221ab644488]
Event: 148.028 Thread 0x00000221c1624800 2307   !   3       org.gradle.internal.service.MethodHandleBasedServiceMethodFactory::toServiceMethod (51 bytes)
Event: 148.030 Thread 0x00000221c1624800 nmethod 2307 0x00000221ab644590 code [0x00000221ab644900, 0x00000221ab645e68]
Event: 148.030 Thread 0x00000221c1624800 2311       3       java.util.LinkedList$ListItr::<init> (47 bytes)
Event: 148.031 Thread 0x00000221c1624800 nmethod 2311 0x00000221ab646590 code [0x00000221ab646760, 0x00000221ab646a48]
Event: 148.031 Thread 0x00000221c1624800 2308       3       java.lang.reflect.Method::getGenericParameterTypes (5 bytes)
Event: 148.031 Thread 0x00000221c1623800 nmethod 2305 0x00000221b27cbf90 code [0x00000221b27cc140, 0x00000221b27cc888]
Event: 148.031 Thread 0x00000221c1623800 2312       4       java.util.HashMap$KeyIterator::next (8 bytes)
Event: 148.033 Thread 0x00000221c1624800 nmethod 2308 0x00000221ab646b90 code [0x00000221ab646e60, 0x00000221ab647eb8]
Event: 148.033 Thread 0x00000221c1624800 2309       3       java.lang.reflect.Method::hasGenericInformation (13 bytes)
Event: 148.033 Thread 0x00000221c1624800 nmethod 2309 0x00000221ab648390 code [0x00000221ab648540, 0x00000221ab6486b8]
Event: 148.043 Thread 0x00000221c1623800 nmethod 2312 0x00000221b27cca10 code [0x00000221b27ccba0, 0x00000221b27ccf78]
Event: 148.044 Thread 0x00000221c1624800 2313       3       java.util.stream.Sink$ChainedReference::<init> (16 bytes)
Event: 148.044 Thread 0x00000221c1624800 nmethod 2313 0x00000221ab648790 code [0x00000221ab648980, 0x00000221ab648d88]
Event: 148.053 Thread 0x00000221c1624800 2314   !   3       org.gradle.internal.classloader.TransformingClassLoader::findClass (203 bytes)
Event: 148.056 Thread 0x00000221c1623800 2316       4       java.net.URLClassLoader$1::run (5 bytes)
Event: 148.057 Thread 0x00000221c1624800 nmethod 2314 0x00000221ab648f10 code [0x00000221ab649460, 0x00000221ab64bd78]
Event: 148.057 Thread 0x00000221c1624800 2315       3       org.gradle.initialization.MixInLegacyTypesClassLoader::shouldTransform (42 bytes)
Event: 148.058 Thread 0x00000221c1624800 nmethod 2315 0x00000221ab64cd90 code [0x00000221ab64cf80, 0x00000221ab64d378]

GC Heap History (10 events):
Event: 20.018 GC heap before
{Heap before GC invocations=0 (full 0):
 garbage-first heap   total 129024K, used 18432K [0x0000000080000000, 0x0000000100000000)
  region size 1024K, 14 young (14336K), 0 survivors (0K)
 Metaspace       used 6798K, capacity 6985K, committed 7168K, reserved 524288K
  class space    used 574K, capacity 650K, committed 768K, reserved 516096K
}
Event: 21.432 GC heap after
{Heap after GC invocations=1 (full 0):
 garbage-first heap   total 129024K, used 8507K [0x0000000080000000, 0x0000000100000000)
  region size 1024K, 2 young (2048K), 2 survivors (2048K)
 Metaspace       used 6798K, capacity 6985K, committed 7168K, reserved 524288K
  class space    used 574K, capacity 650K, committed 768K, reserved 516096K
}
Event: 26.301 GC heap before
{Heap before GC invocations=1 (full 0):
 garbage-first heap   total 129024K, used 19771K [0x0000000080000000, 0x0000000100000000)
  region size 1024K, 13 young (13312K), 2 survivors (2048K)
 Metaspace       used 10295K, capacity 10552K, committed 10624K, reserved 526336K
  class space    used 1049K, capacity 1140K, committed 1152K, reserved 516096K
}
Event: 26.306 GC heap after
{Heap after GC invocations=2 (full 0):
 garbage-first heap   total 129024K, used 10766K [0x0000000080000000, 0x0000000100000000)
  region size 1024K, 2 young (2048K), 2 survivors (2048K)
 Metaspace       used 10295K, capacity 10552K, committed 10624K, reserved 526336K
  class space    used 1049K, capacity 1140K, committed 1152K, reserved 516096K
}
Event: 46.582 GC heap before
{Heap before GC invocations=2 (full 0):
 garbage-first heap   total 129024K, used 39438K [0x0000000080000000, 0x0000000100000000)
  region size 1024K, 30 young (30720K), 2 survivors (2048K)
 Metaspace       used 11315K, capacity 11570K, committed 11776K, reserved 528384K
  class space    used 1150K, capacity 1244K, committed 1280K, reserved 516096K
}
Event: 46.587 GC heap after
{Heap after GC invocations=3 (full 0):
 garbage-first heap   total 129024K, used 13283K [0x0000000080000000, 0x0000000100000000)
  region size 1024K, 4 young (4096K), 4 survivors (4096K)
 Metaspace       used 11315K, capacity 11570K, committed 11776K, reserved 528384K
  class space    used 1150K, capacity 1244K, committed 1280K, reserved 516096K
}
Event: 128.048 GC heap before
{Heap before GC invocations=3 (full 0):
 garbage-first heap   total 129024K, used 55267K [0x0000000080000000, 0x0000000100000000)
  region size 1024K, 45 young (46080K), 4 survivors (4096K)
 Metaspace       used 18787K, capacity 19204K, committed 19456K, reserved 534528K
  class space    used 2140K, capacity 2276K, committed 2304K, reserved 516096K
}
Event: 129.212 GC heap after
{Heap after GC invocations=4 (full 0):
 garbage-first heap   total 129024K, used 18027K [0x0000000080000000, 0x0000000100000000)
  region size 1024K, 6 young (6144K), 6 survivors (6144K)
 Metaspace       used 18787K, capacity 19204K, committed 19456K, reserved 534528K
  class space    used 2140K, capacity 2276K, committed 2304K, reserved 516096K
}
Event: 135.948 GC heap before
{Heap before GC invocations=4 (full 0):
 garbage-first heap   total 129024K, used 31339K [0x0000000080000000, 0x0000000100000000)
  region size 1024K, 20 young (20480K), 6 survivors (6144K)
 Metaspace       used 20718K, capacity 21139K, committed 21296K, reserved 536576K
  class space    used 2433K, capacity 2609K, committed 2688K, reserved 516096K
}
Event: 135.961 GC heap after
{Heap after GC invocations=5 (full 0):
 garbage-first heap   total 129024K, used 18938K [0x0000000080000000, 0x0000000100000000)
  region size 1024K, 1 young (1024K), 1 survivors (1024K)
 Metaspace       used 20718K, capacity 21139K, committed 21296K, reserved 536576K
  class space    used 2433K, capacity 2609K, committed 2688K, reserved 516096K
}

Deoptimization events (20 events):
Event: 138.685 Thread 0x00000221c2259800 Uncommon trap: trap_request=0xffffffc6 fr.pc=0x00000221b272baa4 relative=0x0000000000000084
Event: 138.685 Thread 0x00000221c2259800 Uncommon trap: reason=bimorphic_or_optimized_type_check action=maybe_recompile pc=0x00000221b272baa4 method=java.util.AbstractList$Itr.hasNext()Z @ 8 c2
Event: 138.685 Thread 0x00000221c2259800 DEOPT PACKING pc=0x00000221b272baa4 sp=0x00000072288fc540
Event: 138.685 Thread 0x00000221c2259800 DEOPT UNPACKING pc=0x00000221aac3a1af sp=0x00000072288fc4d8 mode 2
Event: 138.685 Thread 0x00000221c2259800 Uncommon trap: trap_request=0xffffffc6 fr.pc=0x00000221b272cad4 relative=0x0000000000000114
Event: 138.685 Thread 0x00000221c2259800 Uncommon trap: reason=bimorphic_or_optimized_type_check action=maybe_recompile pc=0x00000221b272cad4 method=java.util.AbstractList$Itr.next()Ljava/lang/Object; @ 14 c2
Event: 138.685 Thread 0x00000221c2259800 DEOPT PACKING pc=0x00000221b272cad4 sp=0x00000072288fc530
Event: 138.685 Thread 0x00000221c2259800 DEOPT UNPACKING pc=0x00000221aac3a1af sp=0x00000072288fc4c8 mode 2
Event: 138.690 Thread 0x00000221c2259800 Uncommon trap: trap_request=0xffffff4d fr.pc=0x00000221b2728cdc relative=0x000000000000051c
Event: 138.690 Thread 0x00000221c2259800 Uncommon trap: reason=unstable_if action=reinterpret pc=0x00000221b2728cdc method=java.io.File.getName()Ljava/lang/String; @ 16 c2
Event: 138.690 Thread 0x00000221c2259800 DEOPT PACKING pc=0x00000221b2728cdc sp=0x00000072288fcf70
Event: 138.690 Thread 0x00000221c2259800 DEOPT UNPACKING pc=0x00000221aac3a1af sp=0x00000072288fcf40 mode 2
Event: 138.690 Thread 0x00000221c2259800 Uncommon trap: trap_request=0xffffff4d fr.pc=0x00000221b2725134 relative=0x0000000000000474
Event: 138.690 Thread 0x00000221c2259800 Uncommon trap: reason=unstable_if action=reinterpret pc=0x00000221b2725134 method=java.lang.String.substring(I)Ljava/lang/String; @ 34 c2
Event: 138.690 Thread 0x00000221c2259800 DEOPT PACKING pc=0x00000221b2725134 sp=0x00000072288fcef0
Event: 138.690 Thread 0x00000221c2259800 DEOPT UNPACKING pc=0x00000221aac3a1af sp=0x00000072288fcec8 mode 2
Event: 140.300 Thread 0x00000221c2259800 Uncommon trap: trap_request=0xffffffcc fr.pc=0x00000221b27b6a74 relative=0x00000000000002b4
Event: 140.300 Thread 0x00000221c2259800 Uncommon trap: reason=intrinsic_or_type_checked_inlining action=make_not_entrant pc=0x00000221b27b6a74 method=java.util.Arrays.copyOf([Ljava/lang/Object;ILjava/lang/Class;)[Ljava/lang/Object; @ 35 c2
Event: 140.300 Thread 0x00000221c2259800 DEOPT PACKING pc=0x00000221b27b6a74 sp=0x00000072288fd890
Event: 140.300 Thread 0x00000221c2259800 DEOPT UNPACKING pc=0x00000221aac3a1af sp=0x00000072288fd820 mode 2

Classes redefined (0 events):
No events

Internal exceptions (20 events):
Event: 108.163 Thread 0x00000221a2474800 Exception <a 'java/io/IOException'{0x00000000860bcd78}> (0x00000000860bcd78) thrown at [s\src\hotspot\share\prims\jni.cpp, line 617]
Event: 126.683 Thread 0x00000221c2259800 Exception <a 'java/lang/NoSuchMethodError'{0x0000000085567cb0}: 'long java.lang.invoke.DirectMethodHandle$Holder.invokeInterface(java.lang.Object, java.lang.Object)'> (0x0000000085567cb0) thrown at [s\src\hotspot\share\interpreter\linkResolver.cpp, line 773]
Event: 126.702 Thread 0x00000221c2259800 Exception <a 'java/lang/NoSuchMethodError'{0x00000000855bdc70}: 'java.lang.Object java.lang.invoke.DirectMethodHandle$Holder.invokeVirtual(java.lang.Object, java.lang.Object, java.lang.Object)'> (0x00000000855bdc70) thrown at [s\src\hotspot\share\interpreter\linkResolver.cpp, line 773]
Event: 132.483 Thread 0x00000221c2259800 Exception <a 'java/lang/NoSuchMethodError'{0x00000000878dec40}: 'java.lang.Object java.lang.invoke.Invokers$Holder.linkToTargetMethod(java.lang.Object, java.lang.Object, java.lang.Object, java.lang.Object, java.lang.Object, java.lang.Object)'> (0x00000000878dec40) thrown at [s\src\hotspot\share\interpreter\linkResolver.cpp, line 773]
Event: 132.488 Thread 0x00000221c2259800 Exception <a 'java/lang/NoSuchMethodError'{0x000000008770bbb8}: 'void java.lang.invoke.DirectMethodHandle$Holder.invokeSpecial(java.lang.Object, java.lang.Object, java.lang.Object, java.lang.Object, java.lang.Object, java.lang.Object)'> (0x000000008770bbb8) thrown at [s\src\hotspot\share\interpreter\linkResolver.cpp, line 773]
Event: 132.984 Thread 0x00000221c2259800 Exception <a 'java/lang/NoSuchMethodError'{0x0000000087738b70}: 'java.lang.Object java.lang.invoke.DirectMethodHandle$Holder.invokeSpecial(java.lang.Object, java.lang.Object, java.lang.Object, java.lang.Object, java.lang.Object, java.lang.Object, java.lang.Object, java.lang.Object, int, int)'> (0x0000000087738b70) thrown at [s\src\hotspot\share\interpreter\linkResolver.cpp, line 773]
Event: 134.134 Thread 0x00000221c2259800 Exception <a 'java/lang/NoSuchMethodError'{0x0000000087655488}: 'java.lang.Object java.lang.invoke.DirectMethodHandle$Holder.invokeStatic(java.lang.Object, java.lang.Object, java.lang.Object, int, java.lang.Object, java.lang.Object)'> (0x0000000087655488) thrown at [s\src\hotspot\share\interpreter\linkResolver.cpp, line 773]
Event: 134.136 Thread 0x00000221c2259800 Exception <a 'java/lang/NoSuchMethodError'{0x000000008765cb78}: 'java.lang.Object java.lang.invoke.Invokers$Holder.linkToTargetMethod(java.lang.Object, java.lang.Object, int, java.lang.Object, java.lang.Object, java.lang.Object)'> (0x000000008765cb78) thrown at [s\src\hotspot\share\interpreter\linkResolver.cpp, line 773]
Event: 134.833 Thread 0x00000221c2259800 Exception <a 'java/lang/NoSuchMethodError'{0x00000000874970b0}: 'void java.lang.invoke.DelegatingMethodHandle$Holder.reinvoke_L(java.lang.Object, java.lang.Object, java.lang.Object, java.lang.Object, java.lang.Object, java.lang.Object, java.lang.Object, java.lang.Object, java.lang.Object, java.lang.Object, java.lang.Object)'> (0x00000000874970b0) thrown at [s\src\hotspot\share\interpreter\linkResolver.cpp, line 773]
Event: 134.834 Thread 0x00000221c2259800 Exception <a 'java/lang/NoSuchMethodError'{0x000000008749f3a0}: 'java.lang.Object java.lang.invoke.DirectMethodHandle$Holder.invokeSpecial(java.lang.Object, java.lang.Object, java.lang.Object, java.lang.Object, java.lang.Object, java.lang.Object, java.lang.Object, java.lang.Object, java.lang.Object, java.lang.Object, java.lang.Object)'> (0x000000008749f3a0) thrown at [s\src\hotspot\share\interpreter\linkResolver.cpp, line 773]
Event: 134.836 Thread 0x00000221c2259800 Exception <a 'java/lang/NoSuchMethodError'{0x00000000874a3b10}: 'java.lang.Object java.lang.invoke.Invokers$Holder.invoker(java.lang.Object, java.lang.Object, java.lang.Object, java.lang.Object, java.lang.Object, java.lang.Object, java.lang.Object, java.lang.Object, java.lang.Object, java.lang.Object, java.lang.Object)'> (0x00000000874a3b10) thrown at [s\src\hotspot\share\interpreter\linkResolver.cpp, line 773]
Event: 134.839 Thread 0x00000221c2259800 Exception <a 'java/lang/NoSuchMethodError'{0x00000000874a8ac0}: 'java.lang.Object java.lang.invoke.DirectMethodHandle$Holder.invokeSpecial(java.lang.Object, java.lang.Object, java.lang.Object, java.lang.Object, java.lang.Object, java.lang.Object, java.lang.Object, java.lang.Object, java.lang.Object, java.lang.Object, java.lang.Object, java.lang.Object)'> (0x00000000874a8ac0) thrown at [s\src\hotspot\share\interpreter\linkResolver.cpp, line 773]
Event: 135.425 Thread 0x00000221c2259800 Exception <a 'java/lang/NoSuchMethodError'{0x0000000087200468}: 'java.lang.Object java.lang.invoke.DirectMethodHandle$Holder.invokeSpecial(java.lang.Object, java.lang.Object, java.lang.Object, java.lang.Object, java.lang.Object, java.lang.Object, java.lang.Object, java.lang.Object, java.lang.Object)'> (0x0000000087200468) thrown at [s\src\hotspot\share\interpreter\linkResolver.cpp, line 773]
Event: 136.767 Thread 0x00000221c2259800 Exception <a 'java/lang/NoSuchMethodError'{0x00000000879bc908}: 'void java.lang.invoke.DirectMethodHandle$Holder.invokeStaticInit(java.lang.Object)'> (0x00000000879bc908) thrown at [s\src\hotspot\share\interpreter\linkResolver.cpp, line 773]
Event: 137.355 Thread 0x00000221c2259800 Exception <a 'java/lang/NoSuchMethodError'{0x0000000087897b10}: 'java.lang.Object java.lang.invoke.DirectMethodHandle$Holder.invokeStatic(java.lang.Object, java.lang.Object, java.lang.Object, int)'> (0x0000000087897b10) thrown at [s\src\hotspot\share\interpreter\linkResolver.cpp, line 773]
Event: 137.355 Thread 0x00000221c2259800 Exception <a 'java/lang/NoSuchMethodError'{0x000000008789bcd8}: 'java.lang.Object java.lang.invoke.DirectMethodHandle$Holder.invokeSpecial(java.lang.Object, java.lang.Object, java.lang.Object, java.lang.Object, int)'> (0x000000008789bcd8) thrown at [s\src\hotspot\share\interpreter\linkResolver.cpp, line 773]
Event: 137.356 Thread 0x00000221c2259800 Exception <a 'java/lang/NoSuchMethodError'{0x000000008789f6c0}: 'java.lang.Object java.lang.invoke.Invokers$Holder.linkToTargetMethod(java.lang.Object, java.lang.Object, int, java.lang.Object)'> (0x000000008789f6c0) thrown at [s\src\hotspot\share\interpreter\linkResolver.cpp, line 773]
Event: 145.090 Thread 0x00000221c2259800 Exception <a 'java/lang/NoSuchMethodError'{0x0000000086626b08}: 'int java.lang.invoke.DirectMethodHandle$Holder.invokeSpecialIFC(java.lang.Object, java.lang.Object, java.lang.Object, java.lang.Object)'> (0x0000000086626b08) thrown at [s\src\hotspot\share\interpreter\linkResolver.cpp, line 773]
Event: 145.282 Thread 0x00000221c2259800 Exception <a 'java/lang/NoSuchMethodError'{0x0000000086634ac0}: 'java.lang.Object java.lang.invoke.DirectMethodHandle$Holder.invokeInterface(java.lang.Object, java.lang.Object, java.lang.Object)'> (0x0000000086634ac0) thrown at [s\src\hotspot\share\interpreter\linkResolver.cpp, line 773]
Event: 145.283 Thread 0x00000221c2259800 Exception <a 'java/lang/IncompatibleClassChangeError'{0x0000000086637f98}: Found class java.lang.Object, but interface was expected> (0x0000000086637f98) thrown at [s\src\hotspot\share\interpreter\linkResolver.cpp, line 839]

Events (20 events):
Event: 148.058 loading class org/gradle/internal/resource/local/FileStoreSearcher
Event: 148.058 loading class org/gradle/internal/resource/local/FileStoreSearcher done
Event: 148.058 loading class org/gradle/internal/resource/cached/ExternalResourceFileStore
Event: 148.058 loading class org/gradle/internal/resource/cached/ExternalResourceFileStore done
Event: 148.059 loading class org/gradle/internal/resource/cached/CachedExternalResourceIndex
Event: 148.059 loading class org/gradle/internal/resource/cached/CachedExternalResourceIndex done
Event: 148.059 loading class org/gradle/api/internal/artifacts/ivyservice/modulecache/artifacts/ReadOnlyModuleArtifactsCache
Event: 148.059 loading class org/gradle/api/internal/artifacts/ivyservice/modulecache/artifacts/ReadOnlyModuleArtifactsCache done
Event: 148.060 loading class org/gradle/api/internal/artifacts/ivyservice/modulecache/artifacts/DefaultModuleArtifactsCache
Event: 148.060 loading class org/gradle/api/internal/artifacts/ivyservice/modulecache/artifacts/DefaultModuleArtifactsCache done
Event: 148.061 loading class org/gradle/api/internal/artifacts/ivyservice/modulecache/ReadOnlyModuleMetadataCache
Event: 148.061 loading class org/gradle/api/internal/artifacts/ivyservice/modulecache/ReadOnlyModuleMetadataCache done
Event: 148.062 loading class org/gradle/api/internal/artifacts/ivyservice/modulecache/PersistentModuleMetadataCache
Event: 148.062 loading class org/gradle/api/internal/artifacts/ivyservice/modulecache/PersistentModuleMetadataCache done
Event: 148.063 loading class org/gradle/api/internal/artifacts/ivyservice/modulecache/dynamicversions/ReadOnlyModuleVersionsCache
Event: 148.063 loading class org/gradle/api/internal/artifacts/ivyservice/modulecache/dynamicversions/ReadOnlyModuleVersionsCache done
Event: 148.064 loading class org/gradle/api/internal/artifacts/ivyservice/modulecache/dynamicversions/DefaultModuleVersionsCache
Event: 148.064 loading class org/gradle/api/internal/artifacts/ivyservice/modulecache/dynamicversions/DefaultModuleVersionsCache done
Event: 148.065 loading class org/gradle/api/internal/artifacts/ivyservice/modulecache/TwoStageModuleMetadataCache
Event: 148.065 loading class org/gradle/api/internal/artifacts/ivyservice/modulecache/TwoStageModuleMetadataCache done


Dynamic libraries:
0x00007ff6f69e0000 - 0x00007ff6f69ed000 	C:\Program Files\Microsoft\jdk-11.0.20.8-hotspot\bin\java.exe
0x00007ffd50850000 - 0x00007ffd50a45000 	C:\Windows\SYSTEM32\ntdll.dll
0x00007ffd4e9b0000 - 0x00007ffd4ea6d000 	C:\Windows\System32\KERNEL32.DLL
0x00007ffd4e290000 - 0x00007ffd4e559000 	C:\Windows\System32\KERNELBASE.dll
0x00007ffd4e190000 - 0x00007ffd4e290000 	C:\Windows\System32\ucrtbase.dll
0x00007ffd3a720000 - 0x00007ffd3a737000 	C:\Program Files\Microsoft\jdk-11.0.20.8-hotspot\bin\jli.dll
0x00007ffd4fa90000 - 0x00007ffd4fc30000 	C:\Windows\System32\USER32.dll
0x00007ffd4e560000 - 0x00007ffd4e582000 	C:\Windows\System32\win32u.dll
0x00007ffd50410000 - 0x00007ffd5043a000 	C:\Windows\System32\GDI32.dll
0x00007ffd4e620000 - 0x00007ffd4e72b000 	C:\Windows\System32\gdi32full.dll
0x00007ffd4e810000 - 0x00007ffd4e8ad000 	C:\Windows\System32\msvcp_win.dll
0x00007ffd39a80000 - 0x00007ffd39d1a000 	C:\Windows\WinSxS\amd64_microsoft.windows.common-controls_6595b64144ccf1df_6.0.19041.1110_none_60b5254171f9507e\COMCTL32.dll
0x00007ffd4ecd0000 - 0x00007ffd4ed6e000 	C:\Windows\System32\msvcrt.dll
0x00007ffd38fe0000 - 0x00007ffd38ff5000 	C:\Program Files\Microsoft\jdk-11.0.20.8-hotspot\bin\VCRUNTIME140.dll
0x00007ffd4eb70000 - 0x00007ffd4eba0000 	C:\Windows\System32\IMM32.DLL
0x00007ffd02f00000 - 0x00007ffd02f9b000 	C:\Program Files\Microsoft\jdk-11.0.20.8-hotspot\bin\msvcp140.dll
0x00007ffcf0db0000 - 0x00007ffcf1946000 	C:\Program Files\Microsoft\jdk-11.0.20.8-hotspot\bin\server\jvm.dll
0x00007ffd50680000 - 0x00007ffd5072c000 	C:\Windows\System32\ADVAPI32.dll
0x00007ffd4e910000 - 0x00007ffd4e9ab000 	C:\Windows\System32\sechost.dll
0x00007ffd4f4c0000 - 0x00007ffd4f5ea000 	C:\Windows\System32\RPCRT4.dll
0x00007ffd4f4b0000 - 0x00007ffd4f4b8000 	C:\Windows\System32\PSAPI.DLL
0x00007ffd36750000 - 0x00007ffd36759000 	C:\Windows\SYSTEM32\WSOCK32.dll
0x00007ffd50390000 - 0x00007ffd503fb000 	C:\Windows\System32\WS2_32.dll
0x00007ffd4c610000 - 0x00007ffd4c637000 	C:\Windows\SYSTEM32\WINMM.dll
0x00007ffd4c600000 - 0x00007ffd4c60a000 	C:\Windows\SYSTEM32\VERSION.dll
0x00007ffd4c800000 - 0x00007ffd4c812000 	C:\Windows\SYSTEM32\kernel.appcore.dll
0x00007ffd476a0000 - 0x00007ffd476b0000 	C:\Program Files\Microsoft\jdk-11.0.20.8-hotspot\bin\verify.dll
0x00007ffd4c410000 - 0x00007ffd4c5f4000 	C:\Windows\SYSTEM32\DBGHELP.DLL
0x00007ffd4c3e0000 - 0x00007ffd4c40c000 	C:\Windows\SYSTEM32\dbgcore.DLL
0x00007ffd4e590000 - 0x00007ffd4e613000 	C:\Windows\System32\bcryptPrimitives.dll
0x00007ffd1f980000 - 0x00007ffd1f9a8000 	C:\Program Files\Microsoft\jdk-11.0.20.8-hotspot\bin\java.dll
0x00007ffd46c60000 - 0x00007ffd46c6a000 	C:\Program Files\Microsoft\jdk-11.0.20.8-hotspot\bin\jimage.dll
0x00007ffd26ae0000 - 0x00007ffd26af8000 	C:\Program Files\Microsoft\jdk-11.0.20.8-hotspot\bin\zip.dll
0x00007ffd4ed70000 - 0x00007ffd4f4af000 	C:\Windows\System32\SHELL32.dll
0x00007ffd4bc40000 - 0x00007ffd4c3d0000 	C:\Windows\SYSTEM32\windows.storage.dll
0x00007ffd4f6a0000 - 0x00007ffd4f9f5000 	C:\Windows\System32\combase.dll
0x00007ffd4d880000 - 0x00007ffd4d8ac000 	C:\Windows\SYSTEM32\Wldp.dll
0x00007ffd505d0000 - 0x00007ffd5067e000 	C:\Windows\System32\SHCORE.dll
0x00007ffd50440000 - 0x00007ffd50495000 	C:\Windows\System32\shlwapi.dll
0x00007ffd4dec0000 - 0x00007ffd4dedf000 	C:\Windows\SYSTEM32\profapi.dll
0x00007ffd23560000 - 0x00007ffd23579000 	C:\Program Files\Microsoft\jdk-11.0.20.8-hotspot\bin\net.dll
0x00007ffd38e20000 - 0x00007ffd38f28000 	C:\Windows\SYSTEM32\WINHTTP.dll
0x00007ffd4d610000 - 0x00007ffd4d67a000 	C:\Windows\system32\mswsock.dll
0x00007ffd232c0000 - 0x00007ffd232d3000 	C:\Program Files\Microsoft\jdk-11.0.20.8-hotspot\bin\nio.dll
0x00007ffd1f950000 - 0x00007ffd1f977000 	C:\Users\Admin\.gradle\native\68d5fa5c4cc2d200863cafc0d521ce42e7d3e7ee720ec0a83991735586a16f82\windows-amd64\native-platform.dll
0x00007ffcf5cb0000 - 0x00007ffcf5df4000 	C:\Users\Admin\.gradle\native\e376f236ea51e6404a007f0833ffe2c6e607c4080706a723a18a27aeea778392\windows-amd64\native-platform-file-events.dll
0x00007ffd46c20000 - 0x00007ffd46c29000 	C:\Program Files\Microsoft\jdk-11.0.20.8-hotspot\bin\management.dll
0x00007ffd45880000 - 0x00007ffd4588b000 	C:\Program Files\Microsoft\jdk-11.0.20.8-hotspot\bin\management_ext.dll
0x00007ffd4dbc0000 - 0x00007ffd4dbd8000 	C:\Windows\SYSTEM32\CRYPTSP.dll
0x00007ffd4cfb0000 - 0x00007ffd4cfe4000 	C:\Windows\system32\rsaenh.dll
0x00007ffd4e7e0000 - 0x00007ffd4e807000 	C:\Windows\System32\bcrypt.dll
0x00007ffd4de40000 - 0x00007ffd4de6e000 	C:\Windows\SYSTEM32\USERENV.dll
0x00007ffd4d920000 - 0x00007ffd4d92c000 	C:\Windows\SYSTEM32\CRYPTBASE.dll
0x00007ffd4d320000 - 0x00007ffd4d35b000 	C:\Windows\SYSTEM32\IPHLPAPI.DLL
0x00007ffd50400000 - 0x00007ffd50408000 	C:\Windows\System32\NSI.dll
0x00007ffd41070000 - 0x00007ffd41087000 	C:\Windows\SYSTEM32\dhcpcsvc6.DLL
0x00007ffd41f90000 - 0x00007ffd41fad000 	C:\Windows\SYSTEM32\dhcpcsvc.DLL
0x00007ffd4d360000 - 0x00007ffd4d42c000 	C:\Windows\SYSTEM32\DNSAPI.dll

dbghelp: loaded successfully - version: 4.0.5 - missing functions: none
symbol engine: initialized successfully - sym options: 0x614 - pdb path: .;C:\Program Files\Microsoft\jdk-11.0.20.8-hotspot\bin;C:\Windows\SYSTEM32;C:\Windows\WinSxS\amd64_microsoft.windows.common-controls_6595b64144ccf1df_6.0.19041.1110_none_60b5254171f9507e;C:\Program Files\Microsoft\jdk-11.0.20.8-hotspot\bin\server;C:\Users\Admin\.gradle\native\68d5fa5c4cc2d200863cafc0d521ce42e7d3e7ee720ec0a83991735586a16f82\windows-amd64;C:\Users\Admin\.gradle\native\e376f236ea51e6404a007f0833ffe2c6e607c4080706a723a18a27aeea778392\windows-amd64

VM Arguments:
jvm_args: -XX:MaxMetaspaceSize=512m --add-opens=java.base/java.util=ALL-UNNAMED --add-opens=java.base/java.lang=ALL-UNNAMED --add-opens=java.base/java.lang.invoke=ALL-UNNAMED --add-opens=java.prefs/java.util.prefs=ALL-UNNAMED --add-opens=java.base/java.nio.charset=ALL-UNNAMED --add-opens=java.base/java.net=ALL-UNNAMED --add-opens=java.base/java.util.concurrent.atomic=ALL-UNNAMED -Xmx2048m -Dfile.encoding=windows-1252 -Duser.country=IN -Duser.language=en -Duser.variant 
java_command: org.gradle.launcher.daemon.bootstrap.GradleDaemon 8.0.1
java_class_path (initial): C:\Users\Admin\.gradle\wrapper\dists\gradle-8.0.1-all\aro4hu1c3oeioove7l0i4i14o\gradle-8.0.1\lib\gradle-launcher-8.0.1.jar
Launcher Type: SUN_STANDARD

[Global flags]
     intx CICompilerCount                          = 3                                         {product} {ergonomic}
   size_t CompressedClassSpaceSize                 = 528482304                                 {product} {ergonomic}
     uint ConcGCThreads                            = 1                                         {product} {ergonomic}
     uint G1ConcRefinementThreads                  = 4                                         {product} {ergonomic}
   size_t G1HeapRegionSize                         = 1048576                                   {product} {ergonomic}
    uintx GCDrainStackTargetSize                   = 64                                        {product} {ergonomic}
   size_t InitialHeapSize                          = 132120576                                 {product} {ergonomic}
   size_t MarkStackSize                            = 4194304                                   {product} {ergonomic}
   size_t MaxHeapSize                              = 2147483648                                {product} {command line}
   size_t MaxMetaspaceSize                         = 536870912                                 {product} {command line}
   size_t MaxNewSize                               = 1287651328                                {product} {ergonomic}
   size_t MinHeapDeltaBytes                        = 1048576                                   {product} {ergonomic}
    uintx NonNMethodCodeHeapSize                   = 5830732                                {pd product} {ergonomic}
    uintx NonProfiledCodeHeapSize                  = 122913754                              {pd product} {ergonomic}
    uintx ProfiledCodeHeapSize                     = 122913754                              {pd product} {ergonomic}
    uintx ReservedCodeCacheSize                    = 251658240                              {pd product} {ergonomic}
     bool SegmentedCodeCache                       = true                                      {product} {ergonomic}
     bool UseCompressedClassPointers               = true                                 {lp64_product} {ergonomic}
     bool UseCompressedOops                        = true                                 {lp64_product} {ergonomic}
     bool UseG1GC                                  = true                                      {product} {ergonomic}
     bool UseLargePagesIndividualAllocation        = false                                  {pd product} {ergonomic}

Logging:
Log output configuration:
 #0: stdout all=warning uptime,level,tags
 #1: stderr all=off uptime,level,tags

Environment Variables:
JAVA_HOME=C:\Program Files\Microsoft\jdk-11.0.20.8-hotspot
CLASSPATH=E:\KitProject\App\eShopApp\android\\gradle\wrapper\gradle-wrapper.jar
PATH=E:\KitProject\App\eShopApp\node_modules\.bin;E:\KitProject\App\eShopApp\node_modules\.bin;E:\KitProject\App\node_modules\.bin;E:\KitProject\node_modules\.bin;E:\node_modules\.bin;C:\Program Files\nodejs\node_modules\npm\node_modules\@npmcli\run-script\lib\node-gyp-bin;E:\KitProject\App\eShopApp\node_modules\.bin;E:\KitProject\App\node_modules\.bin;E:\KitProject\node_modules\.bin;E:\node_modules\.bin;C:\Program Files\nodejs\node_modules\npm\node_modules\@npmcli\run-script\lib\node-gyp-bin;C:\Program Files\Microsoft\jdk-11.0.20.8-hotspot\bin;C:\Windows\system32;C:\Windows;C:\Windows\System32\Wbem;C:\Windows\System32\WindowsPowerShell\v1.0\;C:\Windows\System32\OpenSSH\;C:\ProgramData\chocolatey\bin;C:\Program Files\Git\cmd;C:\Users\Admin\AppData\Roaming\nvm;C:\Program Files\nodejs;C:\xampp\php;C:\ProgramData\ComposerSetup\bin;C:\Program Files\nodejs\;C:\Users\Admin\AppData\Local\Microsoft\WindowsApps;C:\Users\Admin\AppData\Local\Programs\Microsoft VS Code\bin;C:\Users\Admin\AppData\Roaming\nvm;C:\Program Files\nodejs;C:\Users\Admin\AppData\Roaming\Composer\vendor\bin;C:\Users\Admin\AppData\Local\Android\Sdk\platform-tools;C:\Users\Admin\AppData\Roaming\npm;C:\Program Files\Microsoft\jdk-11.0.20.8-hotspot;
USERNAME=Admin
LANG=en_US.UTF-8
OS=Windows_NT
PROCESSOR_IDENTIFIER=Intel64 Family 6 Model 78 Stepping 3, GenuineIntel
TMP=C:\Users\Admin\AppData\Local\Temp
TEMP=C:\Users\Admin\AppData\Local\Temp



---------------  S Y S T E M  ---------------

OS: Windows 10 , 64 bit Build 19041 (10.0.19041.1151)
OS uptime: 11 days 16:40 hours
Hyper-V role detected

CPU:total 4 (initial active 4) (2 cores per cpu, 2 threads per core) family 6 model 78 stepping 3 microcode 0xcc, cmov, cx8, fxsr, mmx, sse, sse2, sse3, ssse3, sse4.1, sse4.2, popcnt, avx, avx2, aes, clmul, erms, rtm, 3dnowpref, lzcnt, ht, tsc, tscinvbit, bmi1, bmi2, adx, fma

Memory: 4k page, system-wide physical 8011M (344M free)
TotalPageFile size 25532M (AvailPageFile size 14M)
current process WorkingSet (physical memory assigned to process): 121M, peak: 127M
current process commit charge ("private bytes"): 245M, peak: 258M

vm_info: OpenJDK 64-Bit Server VM (11.0.20+8-LTS) for windows-amd64 JRE (11.0.20+8-LTS), built on Jul  7 2023 17:05:21 by "MicrosoftCorporation" with MS VC++ 15.9 (VS2017)

END.
