#
# There is insufficient memory for the Java Runtime Environment to continue.
# Native memory allocation (malloc) failed to allocate 9104 bytes for AllocateHeap
# Possible reasons:
#   The system is out of physical RAM or swap space
#   The process is running with CompressedOops enabled, and the Java Heap may be blocking the growth of the native heap
# Possible solutions:
#   Reduce memory load on the system
#   Increase physical memory or swap space
#   Check if swap backing store is full
#   Decrease Java heap size (-Xmx/-Xms)
#   Decrease number of Java threads
#   Decrease Java thread stack sizes (-Xss)
#   Set larger code cache with -XX:ReservedCodeCacheSize=
#   JVM is running with Unscaled Compressed Oops mode in which the Java heap is
#     placed in the first 4GB address space. The Java Heap base address is the
#     maximum limit for the native heap growth. Please use -XX:HeapBaseMinAddress
#     to set the Java Heap base and to place the Java Heap above 4GB virtual address.
# This output file may be truncated or incomplete.
#
#  Out of Memory Error (allocation.cpp:46), pid=22156, tid=26480
#
# JRE version: OpenJDK Runtime Environment Microsoft-8035250 (11.0.20+8) (build 11.0.20+8-LTS)
# Java VM: OpenJDK 64-Bit Server VM Microsoft-8035250 (11.0.20+8-LTS, mixed mode, tiered, compressed oops, g1 gc, windows-amd64)
# No core dump will be written. Minidumps are not enabled by default on client versions of Windows
#

---------------  S U M M A R Y ------------

Command Line: -Xmx64m -Xms64m -Dorg.gradle.appname=gradlew org.gradle.wrapper.GradleWrapperMain tasks

Host: Intel(R) Core(TM) i5-6300U CPU @ 2.40GHz, 4 cores, 7G,  Windows 10 , 64 bit Build 19041 (10.0.19041.1151)
Time: Tue Sep 12 10:56:18 2023 India Standard Time elapsed time: 125.123509 seconds (0d 0h 2m 5s)

---------------  T H R E A D  ---------------

Current thread (0x00000120d4077000):  JavaThread "Exec process" [_thread_in_Java, id=26480, stack(0x000000055ee00000,0x000000055ef00000)]

Stack: [0x000000055ee00000,0x000000055ef00000]
[error occurred during error reporting (printing stack bounds), id 0xc0000005, EXCEPTION_ACCESS_VIOLATION (0xc0000005) at pc=0x00007ffcf145074a]

Native frames: (J=compiled Java code, j=interpreted, Vv=VM code, C=native code)
V  [jvm.dll+0x62e9da]
V  [jvm.dll+0x7bc4e9]
V  [jvm.dll+0x7bdbd8]
V  [jvm.dll+0x7be215]
V  [jvm.dll+0x7be1cb]
V  [jvm.dll+0x62dd67]
V  [jvm.dll+0x62e478]
C  [ntdll.dll+0xa217f]
C  [ntdll.dll+0x51454]
C  [ntdll.dll+0xa0cae]
V  [jvm.dll+0x6a074a]
C  0x00000120c1dc88be

Java frames: (J=compiled Java code, j=interpreted, Vv=VM code)
v  blob 0x00000120c1e0a12b
J 195 c2 java.lang.String.codePointAt(I)I java.base@11.0.20 (50 bytes) @ 0x00000120c988db9c [0x00000120c988db20+0x000000000000007c]
J 182 c1 java.util.regex.Pattern.compile()V java.base@11.0.20 (498 bytes) @ 0x00000120c2386b6c [0x00000120c23866e0+0x000000000000048c]
j  java.util.regex.Pattern.<init>(Ljava/lang/String;I)V+108 java.base@11.0.20
j  java.util.regex.Pattern.compile(Ljava/lang/String;)Ljava/util/regex/Pattern;+6 java.base@11.0.20
j  java.util.Scanner.linePattern()Ljava/util/regex/Pattern;+10 java.base@11.0.20
j  java.util.Scanner.nextLine()Ljava/lang/String;+14 java.base@11.0.20
j  org.gradle.launcher.daemon.bootstrap.DaemonOutputConsumer.start()V+64
j  org.gradle.process.internal.DefaultExecHandle$CompositeStreamsHandler.start()V+19
j  org.gradle.process.internal.ExecHandleRunner.run()V+25
j  org.gradle.internal.operations.CurrentBuildOperationPreservingRunnable.run()V+11
j  org.gradle.internal.concurrent.ExecutorPolicy$CatchAndRecordFailures.onExecute(Ljava/lang/Runnable;)V+1
j  org.gradle.internal.concurrent.ManagedExecutorImpl$1.run()V+25
j  java.util.concurrent.ThreadPoolExecutor.runWorker(Ljava/util/concurrent/ThreadPoolExecutor$Worker;)V+92 java.base@11.0.20
j  java.util.concurrent.ThreadPoolExecutor$Worker.run()V+5 java.base@11.0.20
j  java.lang.Thread.run()V+11 java.base@11.0.20
v  ~StubRoutines::call_stub

---------------  P R O C E S S  ---------------

Threads class SMR info:
_java_thread_list=0x00000120d49ec680, length=13, elements={
0x00000120b963c000, 0x00000120d3c4e800, 0x00000120d3c4f800, 0x00000120d3cbb800,
0x00000120d3c63000, 0x00000120d3c64000, 0x00000120d3c67000, 0x00000120d3c6a000,
0x00000120d3e20800, 0x00000120d3ec7000, 0x00000120d491a000, 0x00000120d4077000,
0x00000120d441c800
}

Java Threads: ( => current thread )
  0x00000120b963c000 JavaThread "main" [_thread_blocked, id=9828, stack(0x000000055f100000,0x000000055f200000)]
  0x00000120d3c4e800 JavaThread "Reference Handler" daemon [_thread_blocked, id=19392, stack(0x000000055f800000,0x000000055f900000)]
  0x00000120d3c4f800 JavaThread "Finalizer" daemon [_thread_blocked, id=348, stack(0x000000055f900000,0x000000055fa00000)]
  0x00000120d3cbb800 JavaThread "Signal Dispatcher" daemon [_thread_blocked, id=15504, stack(0x000000055fa00000,0x000000055fb00000)]
  0x00000120d3c63000 JavaThread "Attach Listener" daemon [_thread_blocked, id=20228, stack(0x000000055fb00000,0x000000055fc00000)]
  0x00000120d3c64000 JavaThread "Service Thread" daemon [_thread_blocked, id=3940, stack(0x000000055fc00000,0x000000055fd00000)]
  0x00000120d3c67000 JavaThread "C2 CompilerThread0" daemon [_thread_blocked, id=10996, stack(0x000000055fd00000,0x000000055fe00000)]
  0x00000120d3c6a000 JavaThread "C1 CompilerThread0" daemon [_thread_blocked, id=11712, stack(0x000000055fe00000,0x000000055ff00000)]
  0x00000120d3e20800 JavaThread "Sweeper thread" daemon [_thread_blocked, id=2524, stack(0x000000055ff00000,0x0000000560000000)]
  0x00000120d3ec7000 JavaThread "Common-Cleaner" daemon [_thread_blocked, id=21168, stack(0x0000000560100000,0x0000000560200000)]
  0x00000120d491a000 JavaThread "pool-1-thread-1" [_thread_blocked, id=23832, stack(0x0000000560300000,0x0000000560400000)]
=>0x00000120d4077000 JavaThread "Exec process" [_thread_in_Java, id=26480, stack(0x000000055ee00000,0x000000055ef00000)]
  0x00000120d441c800 JavaThread "Exec process Thread 2" [_thread_blocked, id=6236, stack(0x0000000560500000,0x0000000560600000)]

Other Threads:
  0x00000120d3c2c800 VMThread "VM Thread" [stack: 0x000000055f700000,0x000000055f800000] [id=19976]
  0x00000120d3e73000 WatcherThread [stack: 0x0000000560000000,0x0000000560100000] [id=8432]
  0x00000120b9652800 GCTaskThread "GC Thread#0" [stack: 0x000000055f200000,0x000000055f300000] [id=16292]
  0x00000120d403e800 GCTaskThread "GC Thread#1" [stack: 0x0000000560200000,0x0000000560300000] [id=18440]
  0x00000120b965c000 ConcurrentGCThread "G1 Main Marker" [stack: 0x000000055f300000,0x000000055f400000] [id=15832]
  0x00000120b965d800 ConcurrentGCThread "G1 Conc#0" [stack: 0x000000055f400000,0x000000055f500000] [id=23180]
  0x00000120b96b0800 ConcurrentGCThread "G1 Refine#0" [stack: 0x000000055f500000,0x000000055f600000] [id=15864]
  0x00000120b96b2800 ConcurrentGCThread "G1 Young RemSet Sampling" [stack: 0x000000055f600000,0x000000055f700000] [id=704]

Threads with active compile tasks:

VM state:not at safepoint (normal execution)

VM Mutex/Monitor currently owned by a thread: None

Heap address: 0x00000000fc000000, size: 64 MB, Compressed Oops mode: 32-bit
Narrow klass base: 0x0000000000000000, Narrow klass shift: 3
Compressed class space size: 1073741824 Address: 0x0000000100000000

Heap:
 garbage-first heap   total 65536K, used 39198K [0x00000000fc000000, 0x0000000100000000)
  region size 1024K, 35 young (35840K), 2 survivors (2048K)
 Metaspace       used 15575K, capacity 15899K, committed 16000K, reserved 1062912K
  class space    used 1741K, capacity 1858K, committed 1920K, reserved 1048576K
Heap Regions: E=young(eden), S=young(survivor), O=old, HS=humongous(starts), HC=humongous(continues), CS=collection set, F=free, A=archive, TAMS=top-at-mark-start (previous, next)
|   0|0x00000000fc000000, 0x00000000fc100000, 0x00000000fc100000|100%| O|  |TAMS 0x00000000fc000000, 0x00000000fc000000| Untracked 
|   1|0x00000000fc100000, 0x00000000fc147800, 0x00000000fc200000| 27%| O|  |TAMS 0x00000000fc100000, 0x00000000fc100000| Untracked 
|   2|0x00000000fc200000, 0x00000000fc300000, 0x00000000fc300000|100%|HS|  |TAMS 0x00000000fc200000, 0x00000000fc200000| Complete 
|   3|0x00000000fc300000, 0x00000000fc400000, 0x00000000fc400000|100%|HC|  |TAMS 0x00000000fc300000, 0x00000000fc300000| Complete 
|   4|0x00000000fc400000, 0x00000000fc500000, 0x00000000fc500000|100%|HC|  |TAMS 0x00000000fc400000, 0x00000000fc400000| Complete 
|   5|0x00000000fc500000, 0x00000000fc600000, 0x00000000fc600000|100%|HC|  |TAMS 0x00000000fc500000, 0x00000000fc500000| Complete 
|   6|0x00000000fc600000, 0x00000000fc600000, 0x00000000fc700000|  0%| F|  |TAMS 0x00000000fc600000, 0x00000000fc600000| Untracked 
|   7|0x00000000fc700000, 0x00000000fc700000, 0x00000000fc800000|  0%| F|  |TAMS 0x00000000fc700000, 0x00000000fc700000| Untracked 
|   8|0x00000000fc800000, 0x00000000fc800000, 0x00000000fc900000|  0%| F|  |TAMS 0x00000000fc800000, 0x00000000fc800000| Untracked 
|   9|0x00000000fc900000, 0x00000000fc900000, 0x00000000fca00000|  0%| F|  |TAMS 0x00000000fc900000, 0x00000000fc900000| Untracked 
|  10|0x00000000fca00000, 0x00000000fca00000, 0x00000000fcb00000|  0%| F|  |TAMS 0x00000000fca00000, 0x00000000fca00000| Untracked 
|  11|0x00000000fcb00000, 0x00000000fcb00000, 0x00000000fcc00000|  0%| F|  |TAMS 0x00000000fcb00000, 0x00000000fcb00000| Untracked 
|  12|0x00000000fcc00000, 0x00000000fcc00000, 0x00000000fcd00000|  0%| F|  |TAMS 0x00000000fcc00000, 0x00000000fcc00000| Untracked 
|  13|0x00000000fcd00000, 0x00000000fcd00000, 0x00000000fce00000|  0%| F|  |TAMS 0x00000000fcd00000, 0x00000000fcd00000| Untracked 
|  14|0x00000000fce00000, 0x00000000fce00000, 0x00000000fcf00000|  0%| F|  |TAMS 0x00000000fce00000, 0x00000000fce00000| Untracked 
|  15|0x00000000fcf00000, 0x00000000fcf00000, 0x00000000fd000000|  0%| F|  |TAMS 0x00000000fcf00000, 0x00000000fcf00000| Untracked 
|  16|0x00000000fd000000, 0x00000000fd000000, 0x00000000fd100000|  0%| F|  |TAMS 0x00000000fd000000, 0x00000000fd000000| Untracked 
|  17|0x00000000fd100000, 0x00000000fd100000, 0x00000000fd200000|  0%| F|  |TAMS 0x00000000fd100000, 0x00000000fd100000| Untracked 
|  18|0x00000000fd200000, 0x00000000fd200000, 0x00000000fd300000|  0%| F|  |TAMS 0x00000000fd200000, 0x00000000fd200000| Untracked 
|  19|0x00000000fd300000, 0x00000000fd300000, 0x00000000fd400000|  0%| F|  |TAMS 0x00000000fd300000, 0x00000000fd300000| Untracked 
|  20|0x00000000fd400000, 0x00000000fd400000, 0x00000000fd500000|  0%| F|  |TAMS 0x00000000fd400000, 0x00000000fd400000| Untracked 
|  21|0x00000000fd500000, 0x00000000fd500000, 0x00000000fd600000|  0%| F|  |TAMS 0x00000000fd500000, 0x00000000fd500000| Untracked 
|  22|0x00000000fd600000, 0x00000000fd600000, 0x00000000fd700000|  0%| F|  |TAMS 0x00000000fd600000, 0x00000000fd600000| Untracked 
|  23|0x00000000fd700000, 0x00000000fd700000, 0x00000000fd800000|  0%| F|  |TAMS 0x00000000fd700000, 0x00000000fd700000| Untracked 
|  24|0x00000000fd800000, 0x00000000fd800000, 0x00000000fd900000|  0%| F|  |TAMS 0x00000000fd800000, 0x00000000fd800000| Untracked 
|  25|0x00000000fd900000, 0x00000000fd900000, 0x00000000fda00000|  0%| F|  |TAMS 0x00000000fd900000, 0x00000000fd900000| Untracked 
|  26|0x00000000fda00000, 0x00000000fda00000, 0x00000000fdb00000|  0%| F|  |TAMS 0x00000000fda00000, 0x00000000fda00000| Untracked 
|  27|0x00000000fdb00000, 0x00000000fdb00000, 0x00000000fdc00000|  0%| F|  |TAMS 0x00000000fdb00000, 0x00000000fdb00000| Untracked 
|  28|0x00000000fdc00000, 0x00000000fdc00000, 0x00000000fdd00000|  0%| F|  |TAMS 0x00000000fdc00000, 0x00000000fdc00000| Untracked 
|  29|0x00000000fdd00000, 0x00000000fdd00828, 0x00000000fde00000|  0%| E|  |TAMS 0x00000000fdd00000, 0x00000000fdd00000| Complete 
|  30|0x00000000fde00000, 0x00000000fdf00000, 0x00000000fdf00000|100%| E|CS|TAMS 0x00000000fde00000, 0x00000000fde00000| Complete 
|  31|0x00000000fdf00000, 0x00000000fe000000, 0x00000000fe000000|100%| E|CS|TAMS 0x00000000fdf00000, 0x00000000fdf00000| Complete 
|  32|0x00000000fe000000, 0x00000000fe100000, 0x00000000fe100000|100%| E|CS|TAMS 0x00000000fe000000, 0x00000000fe000000| Complete 
|  33|0x00000000fe100000, 0x00000000fe200000, 0x00000000fe200000|100%| E|CS|TAMS 0x00000000fe100000, 0x00000000fe100000| Complete 
|  34|0x00000000fe200000, 0x00000000fe300000, 0x00000000fe300000|100%| E|CS|TAMS 0x00000000fe200000, 0x00000000fe200000| Complete 
|  35|0x00000000fe300000, 0x00000000fe400000, 0x00000000fe400000|100%| E|CS|TAMS 0x00000000fe300000, 0x00000000fe300000| Complete 
|  36|0x00000000fe400000, 0x00000000fe500000, 0x00000000fe500000|100%| E|CS|TAMS 0x00000000fe400000, 0x00000000fe400000| Complete 
|  37|0x00000000fe500000, 0x00000000fe600000, 0x00000000fe600000|100%| E|CS|TAMS 0x00000000fe500000, 0x00000000fe500000| Complete 
|  38|0x00000000fe600000, 0x00000000fe700000, 0x00000000fe700000|100%| E|CS|TAMS 0x00000000fe600000, 0x00000000fe600000| Complete 
|  39|0x00000000fe700000, 0x00000000fe800000, 0x00000000fe800000|100%| E|CS|TAMS 0x00000000fe700000, 0x00000000fe700000| Complete 
|  40|0x00000000fe800000, 0x00000000fe900000, 0x00000000fe900000|100%| E|CS|TAMS 0x00000000fe800000, 0x00000000fe800000| Complete 
|  41|0x00000000fe900000, 0x00000000fea00000, 0x00000000fea00000|100%| E|CS|TAMS 0x00000000fe900000, 0x00000000fe900000| Complete 
|  42|0x00000000fea00000, 0x00000000feb00000, 0x00000000feb00000|100%| E|CS|TAMS 0x00000000fea00000, 0x00000000fea00000| Complete 
|  43|0x00000000feb00000, 0x00000000fec00000, 0x00000000fec00000|100%| E|CS|TAMS 0x00000000feb00000, 0x00000000feb00000| Complete 
|  44|0x00000000fec00000, 0x00000000fed00000, 0x00000000fed00000|100%| E|CS|TAMS 0x00000000fec00000, 0x00000000fec00000| Complete 
|  45|0x00000000fed00000, 0x00000000fee00000, 0x00000000fee00000|100%| E|CS|TAMS 0x00000000fed00000, 0x00000000fed00000| Complete 
|  46|0x00000000fee00000, 0x00000000fef00000, 0x00000000fef00000|100%| E|CS|TAMS 0x00000000fee00000, 0x00000000fee00000| Complete 
|  47|0x00000000fef00000, 0x00000000ff000000, 0x00000000ff000000|100%| E|CS|TAMS 0x00000000fef00000, 0x00000000fef00000| Complete 
|  48|0x00000000ff000000, 0x00000000ff100000, 0x00000000ff100000|100%| S|CS|TAMS 0x00000000ff000000, 0x00000000ff000000| Complete 
|  49|0x00000000ff100000, 0x00000000ff200000, 0x00000000ff200000|100%| S|CS|TAMS 0x00000000ff100000, 0x00000000ff100000| Complete 
|  50|0x00000000ff200000, 0x00000000ff300000, 0x00000000ff300000|100%| E|CS|TAMS 0x00000000ff200000, 0x00000000ff200000| Complete 
|  51|0x00000000ff300000, 0x00000000ff400000, 0x00000000ff400000|100%| E|CS|TAMS 0x00000000ff300000, 0x00000000ff300000| Complete 
|  52|0x00000000ff400000, 0x00000000ff500000, 0x00000000ff500000|100%| E|CS|TAMS 0x00000000ff400000, 0x00000000ff400000| Complete 
|  53|0x00000000ff500000, 0x00000000ff600000, 0x00000000ff600000|100%| E|CS|TAMS 0x00000000ff500000, 0x00000000ff500000| Complete 
|  54|0x00000000ff600000, 0x00000000ff700000, 0x00000000ff700000|100%| E|CS|TAMS 0x00000000ff600000, 0x00000000ff600000| Complete 
|  55|0x00000000ff700000, 0x00000000ff800000, 0x00000000ff800000|100%| E|CS|TAMS 0x00000000ff700000, 0x00000000ff700000| Complete 
|  56|0x00000000ff800000, 0x00000000ff900000, 0x00000000ff900000|100%| E|CS|TAMS 0x00000000ff800000, 0x00000000ff800000| Complete 
|  57|0x00000000ff900000, 0x00000000ffa00000, 0x00000000ffa00000|100%| E|CS|TAMS 0x00000000ff900000, 0x00000000ff900000| Complete 
|  58|0x00000000ffa00000, 0x00000000ffb00000, 0x00000000ffb00000|100%| E|CS|TAMS 0x00000000ffa00000, 0x00000000ffa00000| Complete 
|  59|0x00000000ffb00000, 0x00000000ffc00000, 0x00000000ffc00000|100%| E|CS|TAMS 0x00000000ffb00000, 0x00000000ffb00000| Complete 
|  60|0x00000000ffc00000, 0x00000000ffd00000, 0x00000000ffd00000|100%| E|CS|TAMS 0x00000000ffc00000, 0x00000000ffc00000| Complete 
|  61|0x00000000ffd00000, 0x00000000ffe00000, 0x00000000ffe00000|100%| E|  |TAMS 0x00000000ffd00000, 0x00000000ffd00000| Complete 
|  62|0x00000000ffe00000, 0x00000000fff00000, 0x00000000fff00000|100%| E|CS|TAMS 0x00000000ffe00000, 0x00000000ffe00000| Complete 
|  63|0x00000000fff00000, 0x0000000100000000, 0x0000000100000000|100%| E|CS|TAMS 0x00000000fff00000, 0x00000000fff00000| Complete 

Card table byte_map: [0x00000120b75c0000,0x00000120b75e0000] _byte_map_base: 0x00000120b6de0000

Marking Bits (Prev, Next): (CMBitMap*) 0x00000120b965a1e8, (CMBitMap*) 0x00000120b965a220
 Prev Bits: [0x00000120b9440000, 0x00000120b9540000)
 Next Bits: [0x00000120d0dc0000, 0x00000120d0ec0000)

Polling page: 0x00000120b73a0000

Metaspace:

Usage:
  Non-class:     13.71 MB capacity,    13.51 MB ( 99%) used,   182.71 KB (  1%) free+waste,    23.50 KB ( <1%) overhead. 
      Class:      1.81 MB capacity,     1.70 MB ( 94%) used,   105.33 KB (  6%) free+waste,    11.63 KB ( <1%) overhead. 
       Both:     15.53 MB capacity,    15.21 MB ( 98%) used,   288.04 KB (  2%) free+waste,    35.13 KB ( <1%) overhead. 

Virtual space:
  Non-class space:       14.00 MB reserved,      13.75 MB ( 98%) committed 
      Class space:        1.00 GB reserved,       1.88 MB ( <1%) committed 
             Both:        1.01 GB reserved,      15.63 MB (  2%) committed 

Chunk freelists:
   Non-Class:  39.00 KB
       Class:  0 bytes
        Both:  39.00 KB

MaxMetaspaceSize: 17179869184.00 GB
CompressedClassSpaceSize: 1.00 GB
Initial GC threshold: 20.80 MB
Current GC threshold: 20.80 MB
CDS: off

CodeHeap 'non-profiled nmethods': size=120064Kb used=523Kb max_used=523Kb free=119540Kb
 bounds [0x00000120c9880000, 0x00000120c9af0000, 0x00000120d0dc0000]
CodeHeap 'profiled nmethods': size=120000Kb used=2677Kb max_used=2677Kb free=117322Kb
 bounds [0x00000120c2350000, 0x00000120c25f0000, 0x00000120c9880000]
CodeHeap 'non-nmethods': size=5696Kb used=1156Kb max_used=1171Kb free=4539Kb
 bounds [0x00000120c1dc0000, 0x00000120c2030000, 0x00000120c2350000]
 total_blobs=1768 nmethods=1348 adapters=333
 compilation: enabled
              stopped_count=0, restarted_count=0
 full_count=0

Compilation events (20 events):
Event: 114.250 Thread 0x00000120d3c6a000 1335       3       java.lang.ProcessEnvironment$EntryComparator::compare (25 bytes)
Event: 114.251 Thread 0x00000120d3c6a000 nmethod 1335 0x00000120c25e2290 code [0x00000120c25e2480, 0x00000120c25e2928]
Event: 115.142 Thread 0x00000120d3c6a000 1337       3       jdk.internal.org.objectweb.asm.Label::resolve (214 bytes)
Event: 115.142 Thread 0x00000120d3c6a000 nmethod 1337 0x00000120c25e2a90 code [0x00000120c25e2c80, 0x00000120c25e30f8]
Event: 115.142 Thread 0x00000120d3c6a000 1342       3       jdk.internal.org.objectweb.asm.Frame::type (416 bytes)
Event: 115.145 Thread 0x00000120d3c6a000 nmethod 1342 0x00000120c25e3390 code [0x00000120c25e37a0, 0x00000120c25e57b8]
Event: 115.145 Thread 0x00000120d3c6a000 1341       3       jdk.internal.org.objectweb.asm.MethodWriter::visitLabel (321 bytes)
Event: 115.146 Thread 0x00000120d3c6a000 nmethod 1341 0x00000120c25e6290 code [0x00000120c25e64e0, 0x00000120c25e7128]
Event: 115.146 Thread 0x00000120d3c6a000 1343       3       java.util.Objects::hash (5 bytes)
Event: 115.147 Thread 0x00000120d3c6a000 nmethod 1343 0x00000120c25e7410 code [0x00000120c25e75c0, 0x00000120c25e76c8]
Event: 115.463 Thread 0x00000120d3c67000 1348       4       jdk.internal.org.objectweb.asm.Item::set (219 bytes)
Event: 116.477 Thread 0x00000120d3c67000 nmethod 1348 0x00000120c9900c10 code [0x00000120c9900de0, 0x00000120c9901cb8]
Event: 116.477 Thread 0x00000120d3c67000 1349       4       jdk.internal.org.objectweb.asm.ClassWriter::get (49 bytes)
Event: 116.480 Thread 0x00000120d3c67000 nmethod 1349 0x00000120c9902410 code [0x00000120c99025c0, 0x00000120c9902708]
Event: 117.660 Thread 0x00000120d3c6a000 1350       3       java.util.concurrent.locks.AbstractQueuedSynchronizer$ConditionObject::awaitNanos (181 bytes)
Event: 117.664 Thread 0x00000120d3c6a000 nmethod 1350 0x00000120c25e7790 code [0x00000120c25e7ba0, 0x00000120c25e9778]
Event: 122.905 Thread 0x00000120d3c6a000 1352       3       java.util.concurrent.locks.AbstractQueuedSynchronizer::enq (37 bytes)
Event: 122.908 Thread 0x00000120d3c6a000 nmethod 1352 0x00000120c25ea310 code [0x00000120c25ea740, 0x00000120c25ec448]
Event: 125.121 Thread 0x00000120d3c6a000 1353       3       java.nio.ByteBuffer::arrayOffset (35 bytes)
Event: 125.121 Thread 0x00000120d3c6a000 nmethod 1353 0x00000120c25ece90 code [0x00000120c25ed060, 0x00000120c25ed318]

GC Heap History (2 events):
Event: 24.326 GC heap before
{Heap before GC invocations=0 (full 0):
 garbage-first heap   total 65536K, used 13312K [0x00000000fc000000, 0x0000000100000000)
  region size 1024K, 14 young (14336K), 0 survivors (0K)
 Metaspace       used 7726K, capacity 7953K, committed 8192K, reserved 1056768K
  class space    used 675K, capacity 754K, committed 768K, reserved 1048576K
}
Event: 24.986 GC heap after
{Heap after GC invocations=1 (full 0):
 garbage-first heap   total 65536K, used 3358K [0x00000000fc000000, 0x0000000100000000)
  region size 1024K, 2 young (2048K), 2 survivors (2048K)
 Metaspace       used 7726K, capacity 7953K, committed 8192K, reserved 1056768K
  class space    used 675K, capacity 754K, committed 768K, reserved 1048576K
}

Deoptimization events (20 events):
Event: 76.071 Thread 0x00000120b963c000 DEOPT UNPACKING pc=0x00000120c1e0a1af sp=0x000000055f1fa1d8 mode 2
Event: 112.892 Thread 0x00000120b963c000 DEOPT PACKING pc=0x00000120c23feed1 sp=0x000000055f1fc650
Event: 112.892 Thread 0x00000120b963c000 DEOPT UNPACKING pc=0x00000120c1e0a95e sp=0x000000055f1fbb18 mode 0
Event: 112.926 Thread 0x00000120b963c000 DEOPT PACKING pc=0x00000120c24084a1 sp=0x000000055f1fc560
Event: 112.926 Thread 0x00000120b963c000 DEOPT UNPACKING pc=0x00000120c1e0a95e sp=0x000000055f1fba58 mode 0
Event: 116.475 Thread 0x00000120d4077000 Uncommon trap: trap_request=0xffffff4d fr.pc=0x00000120c98b84bc relative=0x000000000000047c
Event: 116.475 Thread 0x00000120d4077000 Uncommon trap: reason=unstable_if action=reinterpret pc=0x00000120c98b84bc method=java.lang.AbstractStringBuilder.putStringAt(ILjava/lang/String;)V @ 8 c2
Event: 116.475 Thread 0x00000120d4077000 DEOPT PACKING pc=0x00000120c98b84bc sp=0x000000055eeff010
Event: 116.475 Thread 0x00000120d4077000 DEOPT UNPACKING pc=0x00000120c1e0a1af sp=0x000000055eefef18 mode 2
Event: 116.475 Thread 0x00000120d4077000 Uncommon trap: trap_request=0xffffff4d fr.pc=0x00000120c98b4194 relative=0x0000000000000454
Event: 116.475 Thread 0x00000120d4077000 Uncommon trap: reason=unstable_if action=reinterpret pc=0x00000120c98b4194 method=java.lang.AbstractStringBuilder.putStringAt(ILjava/lang/String;)V @ 8 c2
Event: 116.475 Thread 0x00000120d4077000 DEOPT PACKING pc=0x00000120c98b4194 sp=0x000000055eefefa0
Event: 116.475 Thread 0x00000120d4077000 DEOPT UNPACKING pc=0x00000120c1e0a1af sp=0x000000055eefef10 mode 2
Event: 116.475 Thread 0x00000120d4077000 Uncommon trap: trap_request=0xffffff4d fr.pc=0x00000120c98e6740 relative=0x0000000000000380
Event: 116.475 Thread 0x00000120d4077000 Uncommon trap: reason=unstable_if action=reinterpret pc=0x00000120c98e6740 method=java.lang.AbstractStringBuilder.isLatin1()Z @ 10 c2
Event: 116.475 Thread 0x00000120d4077000 DEOPT PACKING pc=0x00000120c98e6740 sp=0x000000055eeff020
Event: 116.475 Thread 0x00000120d4077000 DEOPT UNPACKING pc=0x00000120c1e0a1af sp=0x000000055eefefa0 mode 2
Event: 125.121 Thread 0x00000120d4077000 Uncommon trap: trap_request=0xffffff4d fr.pc=0x00000120c988db9c relative=0x000000000000007c
Event: 125.121 Thread 0x00000120d4077000 Uncommon trap: reason=unstable_if action=reinterpret pc=0x00000120c988db9c method=java.lang.String.codePointAt(I)I @ 4 c2
Event: 125.121 Thread 0x00000120d4077000 DEOPT PACKING pc=0x00000120c988db9c sp=0x000000055eefefa0

Classes redefined (0 events):
No events

Internal exceptions (16 events):
Event: 10.931 Thread 0x00000120b963c000 Exception <a 'java/lang/NoSuchMethodError'{0x00000000ffc69668}: 'int java.lang.invoke.DirectMethodHandle$Holder.invokeStaticInit(java.lang.Object, java.lang.Object)'> (0x00000000ffc69668) thrown at [s\src\hotspot\share\interpreter\linkResolver.cpp, line 773]
Event: 11.660 Thread 0x00000120b963c000 Exception <a 'java/lang/NoSuchMethodError'{0x00000000ffb3e3e0}: 'int java.lang.invoke.DirectMethodHandle$Holder.invokeSpecial(java.lang.Object, java.lang.Object, java.lang.Object, java.lang.Object)'> (0x00000000ffb3e3e0) thrown at [s\src\hotspot\share\interpreter\linkResolver.cpp, line 773]
Event: 11.679 Thread 0x00000120b963c000 Exception <a 'java/lang/NoSuchMethodError'{0x00000000ffb769f0}: 'int java.lang.invoke.DirectMethodHandle$Holder.invokeSpecialIFC(java.lang.Object, java.lang.Object, int)'> (0x00000000ffb769f0) thrown at [s\src\hotspot\share\interpreter\linkResolver.cpp, line 773]
Event: 49.032 Thread 0x00000120b963c000 Exception <a 'java/lang/NoClassDefFoundError'{0x00000000ff6b0b70}: org/slf4j/impl/StaticMarkerBinder> (0x00000000ff6b0b70) thrown at [s\src\hotspot\share\classfile\systemDictionary.cpp, line 219]
Event: 49.070 Thread 0x00000120b963c000 Exception <a 'java/lang/NoSuchMethodError'{0x00000000ff5b2170}: 'java.lang.Object java.lang.invoke.DirectMethodHandle$Holder.invokeVirtual(java.lang.Object, java.lang.Object, java.lang.Object, java.lang.Object, java.lang.Object, java.lang.Object, java.lang.Object)'> (0x00000000ff5b2170) thrown at [s\src\hotspot\share\interpreter\linkResolver.cpp, line 773]
Event: 49.265 Thread 0x00000120b963c000 Exception <a 'java/lang/NoSuchMethodError'{0x00000000ff5c5ca8}: 'java.lang.Object java.lang.invoke.Invokers$Holder.invoker(java.lang.Object, java.lang.Object, java.lang.Object)'> (0x00000000ff5c5ca8) thrown at [s\src\hotspot\share\interpreter\linkResolver.cpp, line 773]
Event: 49.273 Thread 0x00000120b963c000 Exception <a 'java/lang/NoSuchMethodError'{0x00000000ff5d6778}: 'void java.lang.invoke.DelegatingMethodHandle$Holder.delegate(java.lang.Object, java.lang.Object, int, java.lang.Object)'> (0x00000000ff5d6778) thrown at [s\src\hotspot\share\interpreter\linkResolver.cpp, line 773]
Event: 51.412 Thread 0x00000120b963c000 Exception <a 'java/lang/NoSuchMethodError'{0x00000000feaba480}: 'java.lang.Object java.lang.invoke.DirectMethodHandle$Holder.invokeStaticInit(java.lang.Object, java.lang.Object, java.lang.Object)'> (0x00000000feaba480) thrown at [s\src\hotspot\share\interpreter\linkResolver.cpp, line 773]
Event: 52.570 Thread 0x00000120b963c000 Exception <a 'java/lang/NoSuchMethodError'{0x00000000fe5c8af0}: 'java.lang.Object java.lang.invoke.DirectMethodHandle$Holder.invokeStaticInit(java.lang.Object, int, int, int, int)'> (0x00000000fe5c8af0) thrown at [s\src\hotspot\share\interpreter\linkResolver.cpp, line 773]
Event: 76.159 Thread 0x00000120b963c000 Exception <a 'java/lang/NoSuchMethodError'{0x00000000fe413628}: 'java.lang.Object java.lang.invoke.DirectMethodHandle$Holder.invokeStaticInit(java.lang.Object, java.lang.Object, int, int, int, int)'> (0x00000000fe413628) thrown at [s\src\hotspot\share\interpreter\linkResolver.cpp, line 773]
Event: 111.230 Thread 0x00000120b963c000 Exception <a 'java/lang/NoSuchMethodError'{0x00000000fe4dedb8}: 'void java.lang.invoke.DirectMethodHandle$Holder.invokeSpecial(java.lang.Object, java.lang.Object)'> (0x00000000fe4dedb8) thrown at [s\src\hotspot\share\interpreter\linkResolver.cpp, line 773]
Event: 115.141 Thread 0x00000120d4077000 Exception <a 'java/lang/NoSuchMethodError'{0x00000000fde9aa38}: 'void java.lang.invoke.DirectMethodHandle$Holder.invokeStatic(java.lang.Object, long)'> (0x00000000fde9aa38) thrown at [s\src\hotspot\share\interpreter\linkResolver.cpp, line 773]
Event: 115.142 Thread 0x00000120d4077000 Exception <a 'java/lang/NoSuchMethodError'{0x00000000fde9f9e0}: 'java.lang.Object java.lang.invoke.DirectMethodHandle$Holder.invokeStatic(java.lang.Object, long)'> (0x00000000fde9f9e0) thrown at [s\src\hotspot\share\interpreter\linkResolver.cpp, line 773]
Event: 115.156 Thread 0x00000120d4077000 Exception <a 'java/lang/NoSuchMethodError'{0x00000000fdeada80}: 'java.lang.Object java.lang.invoke.DirectMethodHandle$Holder.invokeStaticInit(java.lang.Object, java.lang.Object, long, java.lang.Object)'> (0x00000000fdeada80) thrown at [s\src\hotspot\share\interpreter\linkResolver.cpp, line 773]
Event: 115.156 Thread 0x00000120d4077000 Exception <a 'java/lang/NoSuchMethodError'{0x00000000fdeb3970}: 'java.lang.Object java.lang.invoke.DirectMethodHandle$Holder.invokeStatic(java.lang.Object, java.lang.Object, long)'> (0x00000000fdeb3970) thrown at [s\src\hotspot\share\interpreter\linkResolver.cpp, line 773]
Event: 115.450 Thread 0x00000120d4077000 Exception <a 'java/lang/NoSuchMethodError'{0x00000000fdeb9c40}: 'java.lang.Object java.lang.invoke.Invokers$Holder.linkToTargetMethod(java.lang.Object, long, java.lang.Object)'> (0x00000000fdeb9c40) thrown at [s\src\hotspot\share\interpreter\linkResolver.cpp, line 773]

Events (20 events):
Event: 115.466 loading class java/text/NumberFormat done
Event: 115.466 loading class java/text/spi/NumberFormatProvider
Event: 115.466 loading class java/text/spi/NumberFormatProvider done
Event: 115.467 loading class sun/util/locale/provider/NumberFormatProviderImpl
Event: 115.467 loading class sun/util/locale/provider/NumberFormatProviderImpl done
Event: 115.467 Executing VM operation: RevokeBias
Event: 116.473 Executing VM operation: RevokeBias done
Event: 116.473 loading class java/text/DecimalFormat
Event: 116.474 loading class java/text/DecimalFormat done
Event: 116.474 loading class java/text/FieldPosition
Event: 116.474 loading class java/text/FieldPosition done
Event: 116.474 loading class java/text/DigitList
Event: 116.474 loading class java/text/DigitList done
Event: 116.475 loading class java/io/PrintWriter
Event: 116.475 loading class java/io/PrintWriter done
Event: 116.476 Executing VM operation: RevokeBias
Event: 116.477 Executing VM operation: RevokeBias done
Event: 116.477 Executing VM operation: RevokeBias
Event: 116.477 Executing VM operation: RevokeBias done
Event: 116.477 Thread 0x00000120d480b000 Thread exited: 0x00000120d480b000


Dynamic libraries:
0x00007ff6f69e0000 - 0x00007ff6f69ed000 	C:\Program Files\Microsoft\jdk-11.0.20.8-hotspot\bin\java.exe
0x00007ffd50850000 - 0x00007ffd50a45000 	C:\Windows\SYSTEM32\ntdll.dll
0x00007ffd4e9b0000 - 0x00007ffd4ea6d000 	C:\Windows\System32\KERNEL32.DLL
0x00007ffd4e290000 - 0x00007ffd4e559000 	C:\Windows\System32\KERNELBASE.dll
0x00007ffd4e190000 - 0x00007ffd4e290000 	C:\Windows\System32\ucrtbase.dll
0x00007ffd3a720000 - 0x00007ffd3a737000 	C:\Program Files\Microsoft\jdk-11.0.20.8-hotspot\bin\jli.dll
0x00007ffd4fa90000 - 0x00007ffd4fc30000 	C:\Windows\System32\USER32.dll
0x00007ffd4e560000 - 0x00007ffd4e582000 	C:\Windows\System32\win32u.dll
0x00007ffd50410000 - 0x00007ffd5043a000 	C:\Windows\System32\GDI32.dll
0x00007ffd4e620000 - 0x00007ffd4e72b000 	C:\Windows\System32\gdi32full.dll
0x00007ffd4e810000 - 0x00007ffd4e8ad000 	C:\Windows\System32\msvcp_win.dll
0x00007ffd39a80000 - 0x00007ffd39d1a000 	C:\Windows\WinSxS\amd64_microsoft.windows.common-controls_6595b64144ccf1df_6.0.19041.1110_none_60b5254171f9507e\COMCTL32.dll
0x00007ffd4ecd0000 - 0x00007ffd4ed6e000 	C:\Windows\System32\msvcrt.dll
0x00007ffd38fe0000 - 0x00007ffd38ff5000 	C:\Program Files\Microsoft\jdk-11.0.20.8-hotspot\bin\VCRUNTIME140.dll
0x00007ffd4eb70000 - 0x00007ffd4eba0000 	C:\Windows\System32\IMM32.DLL
0x00007ffd02f00000 - 0x00007ffd02f9b000 	C:\Program Files\Microsoft\jdk-11.0.20.8-hotspot\bin\msvcp140.dll
0x00007ffcf0db0000 - 0x00007ffcf1946000 	C:\Program Files\Microsoft\jdk-11.0.20.8-hotspot\bin\server\jvm.dll
0x00007ffd50680000 - 0x00007ffd5072c000 	C:\Windows\System32\ADVAPI32.dll
0x00007ffd4e910000 - 0x00007ffd4e9ab000 	C:\Windows\System32\sechost.dll
0x00007ffd4f4c0000 - 0x00007ffd4f5ea000 	C:\Windows\System32\RPCRT4.dll
0x00007ffd4f4b0000 - 0x00007ffd4f4b8000 	C:\Windows\System32\PSAPI.DLL
0x00007ffd36750000 - 0x00007ffd36759000 	C:\Windows\SYSTEM32\WSOCK32.dll
0x00007ffd50390000 - 0x00007ffd503fb000 	C:\Windows\System32\WS2_32.dll
0x00007ffd4c610000 - 0x00007ffd4c637000 	C:\Windows\SYSTEM32\WINMM.dll
0x00007ffd4c600000 - 0x00007ffd4c60a000 	C:\Windows\SYSTEM32\VERSION.dll
0x00007ffd4c800000 - 0x00007ffd4c812000 	C:\Windows\SYSTEM32\kernel.appcore.dll
0x00007ffd476a0000 - 0x00007ffd476b0000 	C:\Program Files\Microsoft\jdk-11.0.20.8-hotspot\bin\verify.dll
0x00007ffd4c410000 - 0x00007ffd4c5f4000 	C:\Windows\SYSTEM32\DBGHELP.DLL
0x00007ffd4c3e0000 - 0x00007ffd4c40c000 	C:\Windows\SYSTEM32\dbgcore.DLL
0x00007ffd4e590000 - 0x00007ffd4e613000 	C:\Windows\System32\bcryptPrimitives.dll
0x00007ffd1f980000 - 0x00007ffd1f9a8000 	C:\Program Files\Microsoft\jdk-11.0.20.8-hotspot\bin\java.dll
0x00007ffd46c60000 - 0x00007ffd46c6a000 	C:\Program Files\Microsoft\jdk-11.0.20.8-hotspot\bin\jimage.dll
0x00007ffd26ae0000 - 0x00007ffd26af8000 	C:\Program Files\Microsoft\jdk-11.0.20.8-hotspot\bin\zip.dll
0x00007ffd4ed70000 - 0x00007ffd4f4af000 	C:\Windows\System32\SHELL32.dll
0x00007ffd4bc40000 - 0x00007ffd4c3d0000 	C:\Windows\SYSTEM32\windows.storage.dll
0x00007ffd4f6a0000 - 0x00007ffd4f9f5000 	C:\Windows\System32\combase.dll
0x00007ffd4d880000 - 0x00007ffd4d8ac000 	C:\Windows\SYSTEM32\Wldp.dll
0x00007ffd505d0000 - 0x00007ffd5067e000 	C:\Windows\System32\SHCORE.dll
0x00007ffd50440000 - 0x00007ffd50495000 	C:\Windows\System32\shlwapi.dll
0x00007ffd4dec0000 - 0x00007ffd4dedf000 	C:\Windows\SYSTEM32\profapi.dll
0x00007ffd23560000 - 0x00007ffd23579000 	C:\Program Files\Microsoft\jdk-11.0.20.8-hotspot\bin\net.dll
0x00007ffd38e20000 - 0x00007ffd38f28000 	C:\Windows\SYSTEM32\WINHTTP.dll
0x00007ffd4d610000 - 0x00007ffd4d67a000 	C:\Windows\system32\mswsock.dll
0x00007ffd232c0000 - 0x00007ffd232d3000 	C:\Program Files\Microsoft\jdk-11.0.20.8-hotspot\bin\nio.dll
0x00007ffd1f950000 - 0x00007ffd1f977000 	C:\Users\Admin\.gradle\native\68d5fa5c4cc2d200863cafc0d521ce42e7d3e7ee720ec0a83991735586a16f82\windows-amd64\native-platform.dll
0x00007ffd46c20000 - 0x00007ffd46c29000 	C:\Program Files\Microsoft\jdk-11.0.20.8-hotspot\bin\management.dll
0x00007ffd45880000 - 0x00007ffd4588b000 	C:\Program Files\Microsoft\jdk-11.0.20.8-hotspot\bin\management_ext.dll
0x00007ffd4dbc0000 - 0x00007ffd4dbd8000 	C:\Windows\SYSTEM32\CRYPTSP.dll
0x00007ffd4cfb0000 - 0x00007ffd4cfe4000 	C:\Windows\system32\rsaenh.dll
0x00007ffd4e7e0000 - 0x00007ffd4e807000 	C:\Windows\System32\bcrypt.dll
0x00007ffd4de40000 - 0x00007ffd4de6e000 	C:\Windows\SYSTEM32\USERENV.dll
0x00007ffd4d920000 - 0x00007ffd4d92c000 	C:\Windows\SYSTEM32\CRYPTBASE.dll
0x00007ffd4d320000 - 0x00007ffd4d35b000 	C:\Windows\SYSTEM32\IPHLPAPI.DLL
0x00007ffd50400000 - 0x00007ffd50408000 	C:\Windows\System32\NSI.dll
0x00007ffd41070000 - 0x00007ffd41087000 	C:\Windows\SYSTEM32\dhcpcsvc6.DLL
0x00007ffd41f90000 - 0x00007ffd41fad000 	C:\Windows\SYSTEM32\dhcpcsvc.DLL
0x00007ffd4d360000 - 0x00007ffd4d42c000 	C:\Windows\SYSTEM32\DNSAPI.dll

dbghelp: loaded successfully - version: 4.0.5 - missing functions: none
symbol engine: initialized successfully - sym options: 0x614 - pdb path: .;C:\Program Files\Microsoft\jdk-11.0.20.8-hotspot\bin;C:\Windows\SYSTEM32;C:\Windows\WinSxS\amd64_microsoft.windows.common-controls_6595b64144ccf1df_6.0.19041.1110_none_60b5254171f9507e;C:\Program Files\Microsoft\jdk-11.0.20.8-hotspot\bin\server;C:\Users\Admin\.gradle\native\68d5fa5c4cc2d200863cafc0d521ce42e7d3e7ee720ec0a83991735586a16f82\windows-amd64

VM Arguments:
jvm_args: -Xmx64m -Xms64m -Dorg.gradle.appname=gradlew 
java_command: org.gradle.wrapper.GradleWrapperMain tasks
java_class_path (initial): E:\KitProject\App\eShopApp\android\\gradle\wrapper\gradle-wrapper.jar
Launcher Type: SUN_STANDARD

[Global flags]
     bool UseCompressedOops                        = true                                 {lp64_product} {ergonomic}
     bool UseCompressedClassPointers               = true                                 {lp64_product} {ergonomic}
     bool UseLargePagesIndividualAllocation        = false                                  {pd product} {ergonomic}
     intx CICompilerCount                          = 3                                         {product} {ergonomic}
   size_t MinHeapDeltaBytes                        = 1048576                                   {product} {ergonomic}
     bool SegmentedCodeCache                       = true                                      {product} {ergonomic}
    uintx ReservedCodeCacheSize                    = 251658240                              {pd product} {ergonomic}
    uintx NonProfiledCodeHeapSize                  = 122913754                              {pd product} {ergonomic}
    uintx ProfiledCodeHeapSize                     = 122913754                              {pd product} {ergonomic}
    uintx NonNMethodCodeHeapSize                   = 5830732                                {pd product} {ergonomic}
   size_t G1HeapRegionSize                         = 1048576                                   {product} {ergonomic}
     uint G1ConcRefinementThreads                  = 4                                         {product} {ergonomic}
     bool UseG1GC                                  = true                                      {product} {ergonomic}
     uint ConcGCThreads                            = 1                                         {product} {ergonomic}
   size_t MarkStackSize                            = 4194304                                   {product} {ergonomic}
   size_t InitialHeapSize                          = 67108864                                  {product} {command line}
   size_t MaxHeapSize                              = 67108864                                  {product} {command line}
   size_t MaxNewSize                               = 39845888                                  {product} {ergonomic}
    uintx GCDrainStackTargetSize                   = 64                                        {product} {ergonomic}

Logging:
Log output configuration:
 #0: stdout all=warning uptime,level,tags
 #1: stderr all=off uptime,level,tags

Environment Variables:
JAVA_HOME=C:\Program Files\Microsoft\jdk-11.0.20.8-hotspot
CLASSPATH=E:\KitProject\App\eShopApp\android\\gradle\wrapper\gradle-wrapper.jar
PATH=E:\KitProject\App\eShopApp\node_modules\.bin;E:\KitProject\App\eShopApp\node_modules\.bin;E:\KitProject\App\node_modules\.bin;E:\KitProject\node_modules\.bin;E:\node_modules\.bin;C:\Program Files\nodejs\node_modules\npm\node_modules\@npmcli\run-script\lib\node-gyp-bin;E:\KitProject\App\eShopApp\node_modules\.bin;E:\KitProject\App\node_modules\.bin;E:\KitProject\node_modules\.bin;E:\node_modules\.bin;C:\Program Files\nodejs\node_modules\npm\node_modules\@npmcli\run-script\lib\node-gyp-bin;C:\Program Files\Microsoft\jdk-11.0.20.8-hotspot\bin;C:\Windows\system32;C:\Windows;C:\Windows\System32\Wbem;C:\Windows\System32\WindowsPowerShell\v1.0\;C:\Windows\System32\OpenSSH\;C:\ProgramData\chocolatey\bin;C:\Program Files\Git\cmd;C:\Users\Admin\AppData\Roaming\nvm;C:\Program Files\nodejs;C:\xampp\php;C:\ProgramData\ComposerSetup\bin;C:\Program Files\nodejs\;C:\Users\Admin\AppData\Local\Microsoft\WindowsApps;C:\Users\Admin\AppData\Local\Programs\Microsoft VS Code\bin;C:\Users\Admin\AppData\Roaming\nvm;C:\Program Files\nodejs;C:\Users\Admin\AppData\Roaming\Composer\vendor\bin;C:\Users\Admin\AppData\Local\Android\Sdk\platform-tools;C:\Users\Admin\AppData\Roaming\npm;C:\Program Files\Microsoft\jdk-11.0.20.8-hotspot;
USERNAME=Admin
LANG=en_US.UTF-8
OS=Windows_NT
PROCESSOR_IDENTIFIER=Intel64 Family 6 Model 78 Stepping 3, GenuineIntel
TMP=C:\Users\Admin\AppData\Local\Temp
TEMP=C:\Users\Admin\AppData\Local\Temp



---------------  S Y S T E M  ---------------

OS: Windows 10 , 64 bit Build 19041 (10.0.19041.1151)
OS uptime: 11 days 16:39 hours
Hyper-V role detected

CPU:total 4 (initial active 4) (2 cores per cpu, 2 threads per core) family 6 model 78 stepping 3 microcode 0xcc, cmov, cx8, fxsr, mmx, sse, sse2, sse3, ssse3, sse4.1, sse4.2, popcnt, avx, avx2, aes, clmul, erms, rtm, 3dnowpref, lzcnt, ht, tsc, tscinvbit, bmi1, bmi2, adx, fma

Memory: 4k page, system-wide physical 8011M (207M free)
TotalPageFile size 25532M (AvailPageFile size 0M)
current process WorkingSet (physical memory assigned to process): 63M, peak: 82M
current process commit charge ("private bytes"): 150M, peak: 155M

vm_info: OpenJDK 64-Bit Server VM (11.0.20+8-LTS) for windows-amd64 JRE (11.0.20+8-LTS), built on Jul  7 2023 17:05:21 by "MicrosoftCorporation" with MS VC++ 15.9 (VS2017)

END.
