#
# There is insufficient memory for the Java Runtime Environment to continue.
# Native memory allocation (malloc) failed to allocate 1214256 bytes for Chunk::new
# Possible reasons:
#   The system is out of physical RAM or swap space
#   The process is running with CompressedOops enabled, and the Java Heap may be blocking the growth of the native heap
# Possible solutions:
#   Reduce memory load on the system
#   Increase physical memory or swap space
#   Check if swap backing store is full
#   Decrease Java heap size (-Xmx/-Xms)
#   Decrease number of Java threads
#   Decrease Java thread stack sizes (-Xss)
#   Set larger code cache with -XX:ReservedCodeCacheSize=
#   JVM is running with Unscaled Compressed Oops mode in which the Java heap is
#     placed in the first 4GB address space. The Java Heap base address is the
#     maximum limit for the native heap growth. Please use -XX:HeapBaseMinAddress
#     to set the Java Heap base and to place the Java Heap above 4GB virtual address.
# This output file may be truncated or incomplete.
#
#  Out of Memory Error (arena.cpp:197), pid=23688, tid=24100
#
# JRE version: OpenJDK Runtime Environment Microsoft-8035250 (11.0.20+8) (build 11.0.20+8-LTS)
# Java VM: OpenJDK 64-Bit Server VM Microsoft-8035250 (11.0.20+8-LTS, mixed mode, tiered, compressed oops, g1 gc, windows-amd64)
# No core dump will be written. Minidumps are not enabled by default on client versions of Windows
#

---------------  S U M M A R Y ------------

Command Line: -XX:MaxMetaspaceSize=512m --add-opens=java.base/java.util=ALL-UNNAMED --add-opens=java.base/java.lang=ALL-UNNAMED --add-opens=java.base/java.lang.invoke=ALL-UNNAMED --add-opens=java.prefs/java.util.prefs=ALL-UNNAMED --add-opens=java.base/java.nio.charset=ALL-UNNAMED --add-opens=java.base/java.net=ALL-UNNAMED --add-opens=java.base/java.util.concurrent.atomic=ALL-UNNAMED -Xmx2048m -Dfile.encoding=windows-1252 -Duser.country=IN -Duser.language=en -Duser.variant org.gradle.launcher.daemon.bootstrap.GradleDaemon 8.0.1

Host: Intel(R) Core(TM) i5-6300U CPU @ 2.40GHz, 4 cores, 7G,  Windows 10 , 64 bit Build 19041 (10.0.19041.1151)
Time: Tue Sep 12 10:58:10 2023 India Standard Time elapsed time: 183.589595 seconds (0d 0h 3m 3s)

---------------  T H R E A D  ---------------

Current thread (0x0000023622926000):  JavaThread "C2 CompilerThread0" daemon [_thread_in_native, id=24100, stack(0x000000b0c1800000,0x000000b0c1900000)]


Current CompileTask:
C2: 183589 3903       4       groovy.lang.MetaClassImpl$1MOPIter::methodNameAction (325 bytes)

Stack: [0x000000b0c1800000,0x000000b0c1900000]
Native frames: (J=compiled Java code, j=interpreted, Vv=VM code, C=native code)
V  [jvm.dll+0x62e9da]
V  [jvm.dll+0x7bc4e9]
V  [jvm.dll+0x7bdbd8]
V  [jvm.dll+0x7be2b3]
V  [jvm.dll+0x2505a8]
V  [jvm.dll+0xc263c]
V  [jvm.dll+0xc2bfc]
V  [jvm.dll+0x35fd82]
V  [jvm.dll+0x19f009]
V  [jvm.dll+0x2098c5]
V  [jvm.dll+0x20893d]
V  [jvm.dll+0x18a7de]
V  [jvm.dll+0x2181ec]
V  [jvm.dll+0x21642b]
V  [jvm.dll+0x77efc0]
V  [jvm.dll+0x777db4]
V  [jvm.dll+0x62d845]
C  [ucrtbase.dll+0x21bb2]
C  [KERNEL32.DLL+0x17034]
C  [ntdll.dll+0x52651]


---------------  P R O C E S S  ---------------

Threads class SMR info:
_java_thread_list=0x0000023625c16450, length=35, elements={
0x0000023602124800, 0x00000236228cf800, 0x00000236228d1000, 0x00000236228cd800,
0x0000023622921800, 0x0000023622922800, 0x0000023622926000, 0x0000023623241000,
0x00000236232a9000, 0x000002362339b000, 0x0000023624051800, 0x0000023624160800,
0x0000023625569800, 0x0000023624028800, 0x0000023624133000, 0x0000023624131000,
0x0000023624135800, 0x0000023624136000, 0x0000023624137000, 0x0000023624132000,
0x0000023624138000, 0x0000023624133800, 0x0000023625726000, 0x0000023625724800,
0x0000023625722800, 0x0000023625723800, 0x0000023625725000, 0x0000023625720800,
0x0000023625727000, 0x0000023625721000, 0x0000023625722000, 0x0000023624134800,
0x0000023627584000, 0x000002362757f000, 0x0000023627580800
}

Java Threads: ( => current thread )
  0x0000023602124800 JavaThread "main" [_thread_blocked, id=23984, stack(0x000000b0c0c00000,0x000000b0c0d00000)]
  0x00000236228cf800 JavaThread "Reference Handler" daemon [_thread_blocked, id=24068, stack(0x000000b0c1300000,0x000000b0c1400000)]
  0x00000236228d1000 JavaThread "Finalizer" daemon [_thread_blocked, id=24072, stack(0x000000b0c1400000,0x000000b0c1500000)]
  0x00000236228cd800 JavaThread "Signal Dispatcher" daemon [_thread_blocked, id=24088, stack(0x000000b0c1500000,0x000000b0c1600000)]
  0x0000023622921800 JavaThread "Attach Listener" daemon [_thread_blocked, id=24092, stack(0x000000b0c1600000,0x000000b0c1700000)]
  0x0000023622922800 JavaThread "Service Thread" daemon [_thread_blocked, id=24096, stack(0x000000b0c1700000,0x000000b0c1800000)]
=>0x0000023622926000 JavaThread "C2 CompilerThread0" daemon [_thread_in_native, id=24100, stack(0x000000b0c1800000,0x000000b0c1900000)]
  0x0000023623241000 JavaThread "C1 CompilerThread0" daemon [_thread_in_native, id=24104, stack(0x000000b0c1900000,0x000000b0c1a00000)]
  0x00000236232a9000 JavaThread "Sweeper thread" daemon [_thread_blocked, id=24112, stack(0x000000b0c1a00000,0x000000b0c1b00000)]
  0x000002362339b000 JavaThread "Common-Cleaner" daemon [_thread_blocked, id=24144, stack(0x000000b0c1b00000,0x000000b0c1c00000)]
  0x0000023624051800 JavaThread "Daemon health stats" [_thread_blocked, id=21228, stack(0x000000b0c1f00000,0x000000b0c2000000)]
  0x0000023624160800 JavaThread "Incoming local TCP Connector on port 63659" [_thread_in_native, id=27640, stack(0x000000b0c0900000,0x000000b0c0a00000)]
  0x0000023625569800 JavaThread "Daemon periodic checks" [_thread_blocked, id=9764, stack(0x000000b0c0a00000,0x000000b0c0b00000)]
  0x0000023624028800 JavaThread "Daemon" [_thread_blocked, id=24400, stack(0x000000b0c0b00000,0x000000b0c0c00000)]
  0x0000023624133000 JavaThread "Handler for socket connection from /127.0.0.1:63659 to /127.0.0.1:63665" [_thread_in_native, id=17820, stack(0x000000b0c2200000,0x000000b0c2300000)]
  0x0000023624131000 JavaThread "Cancel handler" [_thread_blocked, id=20840, stack(0x000000b0c2300000,0x000000b0c2400000)]
  0x0000023624135800 JavaThread "Daemon worker" [_thread_in_vm, id=21620, stack(0x000000b0c2400000,0x000000b0c2500000)]
  0x0000023624136000 JavaThread "Asynchronous log dispatcher for DefaultDaemonConnection: socket connection from /127.0.0.1:63659 to /127.0.0.1:63665" [_thread_blocked, id=23052, stack(0x000000b0c2500000,0x000000b0c2600000)]
  0x0000023624137000 JavaThread "Daemon client event forwarder" [_thread_blocked, id=23500, stack(0x000000b0c2700000,0x000000b0c2800000)]
  0x0000023624132000 JavaThread "Cache worker for journal cache (C:\Users\Admin\.gradle\caches\journal-1)" [_thread_blocked, id=20856, stack(0x000000b0c2900000,0x000000b0c2a00000)]
  0x0000023624138000 JavaThread "File lock request listener" [_thread_in_native, id=26656, stack(0x000000b0c2a00000,0x000000b0c2b00000)]
  0x0000023624133800 JavaThread "File lock release action executor" [_thread_blocked, id=23708, stack(0x000000b0c2b00000,0x000000b0c2c00000)]
  0x0000023625726000 JavaThread "Cache worker for file hash cache (C:\Users\Admin\.gradle\caches\8.0.1\fileHashes)" [_thread_blocked, id=6884, stack(0x000000b0c2c00000,0x000000b0c2d00000)]
  0x0000023625724800 JavaThread "File watcher server" daemon [_thread_in_native, id=18740, stack(0x000000b0c2d00000,0x000000b0c2e00000)]
  0x0000023625722800 JavaThread "File watcher consumer" daemon [_thread_blocked, id=13332, stack(0x000000b0c2e00000,0x000000b0c2f00000)]
  0x0000023625723800 JavaThread "Cache worker for checksums cache (E:\KitProject\App\eShopApp\android\.gradle\8.0.1\checksums)" [_thread_blocked, id=16220, stack(0x000000b0c2f00000,0x000000b0c3000000)]
  0x0000023625725000 JavaThread "Cache worker for cache directory md-rule (C:\Users\Admin\.gradle\caches\8.0.1\md-rule)" [_thread_blocked, id=19884, stack(0x000000b0c3000000,0x000000b0c3100000)]
  0x0000023625720800 JavaThread "Cache worker for file content cache (C:\Users\Admin\.gradle\caches\8.0.1\fileContent)" [_thread_blocked, id=23788, stack(0x000000b0c3100000,0x000000b0c3200000)]
  0x0000023625727000 JavaThread "Cache worker for file hash cache (E:\KitProject\App\eShopApp\android\.gradle\8.0.1\fileHashes)" [_thread_blocked, id=2524, stack(0x000000b0c2000000,0x000000b0c2100000)]
  0x0000023625721000 JavaThread "Cache worker for cache directory md-supplier (C:\Users\Admin\.gradle\caches\8.0.1\md-supplier)" [_thread_blocked, id=23980, stack(0x000000b0c3200000,0x000000b0c3300000)]
  0x0000023625722000 JavaThread "Cache worker for execution history cache (C:\Users\Admin\.gradle\caches\8.0.1\executionHistory)" [_thread_blocked, id=20268, stack(0x000000b0c3300000,0x000000b0c3400000)]
  0x0000023624134800 JavaThread "jar transforms" [_thread_blocked, id=20244, stack(0x000000b0c2600000,0x000000b0c2700000)]
  0x0000023627584000 JavaThread "jar transforms Thread 2" [_thread_blocked, id=17500, stack(0x000000b0c3400000,0x000000b0c3500000)]
  0x000002362757f000 JavaThread "jar transforms Thread 3" [_thread_blocked, id=8836, stack(0x000000b0c3500000,0x000000b0c3600000)]
  0x0000023627580800 JavaThread "jar transforms Thread 4" [_thread_blocked, id=27592, stack(0x000000b0c3600000,0x000000b0c3700000)]

Other Threads:
  0x00000236228ba000 VMThread "VM Thread" [stack: 0x000000b0c1200000,0x000000b0c1300000] [id=24048]
  0x00000236233b2800 WatcherThread [stack: 0x000000b0c1c00000,0x000000b0c1d00000] [id=24160]
  0x0000023602138000 GCTaskThread "GC Thread#0" [stack: 0x000000b0c0d00000,0x000000b0c0e00000] [id=24020]
  0x00000236237ea800 GCTaskThread "GC Thread#1" [stack: 0x000000b0c1d00000,0x000000b0c1e00000] [id=24564]
  0x00000236238dd800 GCTaskThread "GC Thread#2" [stack: 0x000000b0c1e00000,0x000000b0c1f00000] [id=24568]
  0x00000236242c9800 GCTaskThread "GC Thread#3" [stack: 0x000000b0c2800000,0x000000b0c2900000] [id=25324]
  0x0000023602169800 ConcurrentGCThread "G1 Main Marker" [stack: 0x000000b0c0e00000,0x000000b0c0f00000] [id=24024]
  0x000002360216b000 ConcurrentGCThread "G1 Conc#0" [stack: 0x000000b0c0f00000,0x000000b0c1000000] [id=24028]
  0x00000236021f7000 ConcurrentGCThread "G1 Refine#0" [stack: 0x000000b0c1000000,0x000000b0c1100000] [id=24032]
  0x00000236021f8000 ConcurrentGCThread "G1 Young RemSet Sampling" [stack: 0x000000b0c1100000,0x000000b0c1200000] [id=24036]

Threads with active compile tasks:
C2 CompilerThread0   183634 3903       4       groovy.lang.MetaClassImpl$1MOPIter::methodNameAction (325 bytes)
C1 CompilerThread0   183634 3958   !   3       java.util.concurrent.ConcurrentHashMap::putVal (432 bytes)

VM state:not at safepoint (normal execution)

VM Mutex/Monitor currently owned by a thread: None

Heap address: 0x0000000080000000, size: 2048 MB, Compressed Oops mode: 32-bit
Narrow klass base: 0x0000000000000000, Narrow klass shift: 3
Compressed class space size: 528482304 Address: 0x0000000100000000

Heap:
 garbage-first heap   total 129024K, used 37360K [0x0000000080000000, 0x0000000100000000)
  region size 1024K, 17 young (17408K), 8 survivors (8192K)
 Metaspace       used 41301K, capacity 42408K, committed 42576K, reserved 555008K
  class space    used 5158K, capacity 5572K, committed 5632K, reserved 516096K
Heap Regions: E=young(eden), S=young(survivor), O=old, HS=humongous(starts), HC=humongous(continues), CS=collection set, F=free, A=archive, TAMS=top-at-mark-start (previous, next)
|   0|0x0000000080000000, 0x0000000080100000, 0x0000000080100000|100%| O|  |TAMS 0x0000000080100000, 0x0000000080000000| Untracked 
|   1|0x0000000080100000, 0x0000000080200000, 0x0000000080200000|100%| O|  |TAMS 0x0000000080200000, 0x0000000080100000| Untracked 
|   2|0x0000000080200000, 0x0000000080300000, 0x0000000080300000|100%| O|  |TAMS 0x0000000080300000, 0x0000000080200000| Untracked 
|   3|0x0000000080300000, 0x0000000080400000, 0x0000000080400000|100%|HS|  |TAMS 0x0000000080400000, 0x0000000080300000| Complete 
|   4|0x0000000080400000, 0x0000000080500000, 0x0000000080500000|100%|HC|  |TAMS 0x0000000080500000, 0x0000000080400000| Complete 
|   5|0x0000000080500000, 0x0000000080600000, 0x0000000080600000|100%|HC|  |TAMS 0x0000000080600000, 0x0000000080500000| Complete 
|   6|0x0000000080600000, 0x0000000080700000, 0x0000000080700000|100%|HC|  |TAMS 0x0000000080700000, 0x0000000080600000| Complete 
|   7|0x0000000080700000, 0x0000000080800000, 0x0000000080800000|100%| O|  |TAMS 0x0000000080800000, 0x0000000080700000| Untracked 
|   8|0x0000000080800000, 0x0000000080900000, 0x0000000080900000|100%| O|  |TAMS 0x0000000080900000, 0x0000000080800000| Untracked 
|   9|0x0000000080900000, 0x0000000080a00000, 0x0000000080a00000|100%| O|  |TAMS 0x0000000080a00000, 0x0000000080900000| Untracked 
|  10|0x0000000080a00000, 0x0000000080b00000, 0x0000000080b00000|100%| O|  |TAMS 0x0000000080b00000, 0x0000000080a00000| Untracked 
|  11|0x0000000080b00000, 0x0000000080c00000, 0x0000000080c00000|100%| O|  |TAMS 0x0000000080c00000, 0x0000000080b00000| Untracked 
|  12|0x0000000080c00000, 0x0000000080d00000, 0x0000000080d00000|100%| O|  |TAMS 0x0000000080d00000, 0x0000000080c00000| Untracked 
|  13|0x0000000080d00000, 0x0000000080e00000, 0x0000000080e00000|100%| O|  |TAMS 0x0000000080e00000, 0x0000000080d00000| Untracked 
|  14|0x0000000080e00000, 0x0000000080f00000, 0x0000000080f00000|100%| O|  |TAMS 0x0000000080f00000, 0x0000000080e00000| Untracked 
|  15|0x0000000080f00000, 0x0000000081000000, 0x0000000081000000|100%| O|  |TAMS 0x0000000081000000, 0x0000000080f00000| Untracked 
|  16|0x0000000081000000, 0x0000000081100000, 0x0000000081100000|100%| O|  |TAMS 0x0000000081100000, 0x0000000081000000| Untracked 
|  17|0x0000000081100000, 0x0000000081200000, 0x0000000081200000|100%| O|  |TAMS 0x0000000081178000, 0x0000000081100000| Untracked 
|  18|0x0000000081200000, 0x0000000081200000, 0x0000000081300000|  0%| F|  |TAMS 0x0000000081200000, 0x0000000081200000| Untracked 
|  19|0x0000000081300000, 0x0000000081300000, 0x0000000081400000|  0%| F|  |TAMS 0x0000000081300000, 0x0000000081300000| Untracked 
|  20|0x0000000081400000, 0x0000000081400000, 0x0000000081500000|  0%| F|  |TAMS 0x0000000081400000, 0x0000000081400000| Untracked 
|  21|0x0000000081500000, 0x0000000081600000, 0x0000000081600000|100%| O|  |TAMS 0x0000000081500000, 0x0000000081500000| Untracked 
|  22|0x0000000081600000, 0x0000000081700000, 0x0000000081700000|100%| O|  |TAMS 0x0000000081600000, 0x0000000081600000| Untracked 
|  23|0x0000000081700000, 0x0000000081800000, 0x0000000081800000|100%| O|  |TAMS 0x0000000081700000, 0x0000000081700000| Untracked 
|  24|0x0000000081800000, 0x0000000081806400, 0x0000000081900000|  2%| O|  |TAMS 0x0000000081800000, 0x0000000081800000| Untracked 
|  25|0x0000000081900000, 0x0000000081900000, 0x0000000081a00000|  0%| F|  |TAMS 0x0000000081900000, 0x0000000081900000| Untracked 
|  26|0x0000000081a00000, 0x0000000081a00000, 0x0000000081b00000|  0%| F|  |TAMS 0x0000000081a00000, 0x0000000081a00000| Untracked 
|  27|0x0000000081b00000, 0x0000000081b00000, 0x0000000081c00000|  0%| F|  |TAMS 0x0000000081b00000, 0x0000000081b00000| Untracked 
|  28|0x0000000081c00000, 0x0000000081c00000, 0x0000000081d00000|  0%| F|  |TAMS 0x0000000081c00000, 0x0000000081c00000| Untracked 
|  29|0x0000000081d00000, 0x0000000081d00000, 0x0000000081e00000|  0%| F|  |TAMS 0x0000000081d00000, 0x0000000081d00000| Untracked 
|  30|0x0000000081e00000, 0x0000000081e00000, 0x0000000081f00000|  0%| F|  |TAMS 0x0000000081e00000, 0x0000000081e00000| Untracked 
|  31|0x0000000081f00000, 0x0000000081f00000, 0x0000000082000000|  0%| F|  |TAMS 0x0000000081f00000, 0x0000000081f00000| Untracked 
|  32|0x0000000082000000, 0x0000000082000000, 0x0000000082100000|  0%| F|  |TAMS 0x0000000082000000, 0x0000000082000000| Untracked 
|  33|0x0000000082100000, 0x0000000082100000, 0x0000000082200000|  0%| F|  |TAMS 0x0000000082100000, 0x0000000082100000| Untracked 
|  34|0x0000000082200000, 0x0000000082200000, 0x0000000082300000|  0%| F|  |TAMS 0x0000000082200000, 0x0000000082200000| Untracked 
|  35|0x0000000082300000, 0x0000000082300000, 0x0000000082400000|  0%| F|  |TAMS 0x0000000082300000, 0x0000000082300000| Untracked 
|  36|0x0000000082400000, 0x0000000082400000, 0x0000000082500000|  0%| F|  |TAMS 0x0000000082400000, 0x0000000082400000| Untracked 
|  37|0x0000000082500000, 0x0000000082500000, 0x0000000082600000|  0%| F|  |TAMS 0x0000000082500000, 0x0000000082500000| Untracked 
|  38|0x0000000082600000, 0x0000000082600000, 0x0000000082700000|  0%| F|  |TAMS 0x0000000082600000, 0x0000000082600000| Untracked 
|  39|0x0000000082700000, 0x0000000082700000, 0x0000000082800000|  0%| F|  |TAMS 0x0000000082700000, 0x0000000082700000| Untracked 
|  40|0x0000000082800000, 0x0000000082800000, 0x0000000082900000|  0%| F|  |TAMS 0x0000000082800000, 0x0000000082800000| Untracked 
|  41|0x0000000082900000, 0x0000000082900000, 0x0000000082a00000|  0%| F|  |TAMS 0x0000000082900000, 0x0000000082900000| Untracked 
|  42|0x0000000082a00000, 0x0000000082a00000, 0x0000000082b00000|  0%| F|  |TAMS 0x0000000082a00000, 0x0000000082a00000| Untracked 
|  43|0x0000000082b00000, 0x0000000082b00000, 0x0000000082c00000|  0%| F|  |TAMS 0x0000000082b00000, 0x0000000082b00000| Untracked 
|  44|0x0000000082c00000, 0x0000000082c00000, 0x0000000082d00000|  0%| F|  |TAMS 0x0000000082c00000, 0x0000000082c00000| Untracked 
|  45|0x0000000082d00000, 0x0000000082d00000, 0x0000000082e00000|  0%| F|  |TAMS 0x0000000082d00000, 0x0000000082d00000| Untracked 
|  46|0x0000000082e00000, 0x0000000082e00000, 0x0000000082f00000|  0%| F|  |TAMS 0x0000000082e00000, 0x0000000082e00000| Untracked 
|  47|0x0000000082f00000, 0x0000000082f00000, 0x0000000083000000|  0%| F|  |TAMS 0x0000000082f00000, 0x0000000082f00000| Untracked 
|  48|0x0000000083000000, 0x0000000083000000, 0x0000000083100000|  0%| F|  |TAMS 0x0000000083000000, 0x0000000083000000| Untracked 
|  49|0x0000000083100000, 0x0000000083100000, 0x0000000083200000|  0%| F|  |TAMS 0x0000000083100000, 0x0000000083100000| Untracked 
|  50|0x0000000083200000, 0x0000000083200000, 0x0000000083300000|  0%| F|  |TAMS 0x0000000083200000, 0x0000000083200000| Untracked 
|  51|0x0000000083300000, 0x0000000083300000, 0x0000000083400000|  0%| F|  |TAMS 0x0000000083300000, 0x0000000083300000| Untracked 
|  52|0x0000000083400000, 0x0000000083400000, 0x0000000083500000|  0%| F|  |TAMS 0x0000000083400000, 0x0000000083400000| Untracked 
|  53|0x0000000083500000, 0x0000000083500000, 0x0000000083600000|  0%| F|  |TAMS 0x0000000083500000, 0x0000000083500000| Untracked 
|  54|0x0000000083600000, 0x0000000083600000, 0x0000000083700000|  0%| F|  |TAMS 0x0000000083600000, 0x0000000083600000| Untracked 
|  55|0x0000000083700000, 0x0000000083700000, 0x0000000083800000|  0%| F|  |TAMS 0x0000000083700000, 0x0000000083700000| Untracked 
|  56|0x0000000083800000, 0x0000000083875f80, 0x0000000083900000| 46%| S|CS|TAMS 0x0000000083800000, 0x0000000083800000| Complete 
|  57|0x0000000083900000, 0x0000000083a00000, 0x0000000083a00000|100%| S|CS|TAMS 0x0000000083900000, 0x0000000083900000| Complete 
|  58|0x0000000083a00000, 0x0000000083b00000, 0x0000000083b00000|100%| S|CS|TAMS 0x0000000083a00000, 0x0000000083a00000| Complete 
|  59|0x0000000083b00000, 0x0000000083c00000, 0x0000000083c00000|100%| S|CS|TAMS 0x0000000083b00000, 0x0000000083b00000| Complete 
|  60|0x0000000083c00000, 0x0000000083d00000, 0x0000000083d00000|100%| S|CS|TAMS 0x0000000083c00000, 0x0000000083c00000| Complete 
|  61|0x0000000083d00000, 0x0000000083e00000, 0x0000000083e00000|100%| S|CS|TAMS 0x0000000083d00000, 0x0000000083d00000| Complete 
|  62|0x0000000083e00000, 0x0000000083f00000, 0x0000000083f00000|100%| S|CS|TAMS 0x0000000083e00000, 0x0000000083e00000| Complete 
|  63|0x0000000083f00000, 0x0000000084000000, 0x0000000084000000|100%| S|CS|TAMS 0x0000000083f00000, 0x0000000083f00000| Complete 
|  64|0x0000000084000000, 0x0000000084000000, 0x0000000084100000|  0%| F|  |TAMS 0x0000000084000000, 0x0000000084000000| Untracked 
|  65|0x0000000084100000, 0x0000000084100000, 0x0000000084200000|  0%| F|  |TAMS 0x0000000084100000, 0x0000000084100000| Untracked 
|  66|0x0000000084200000, 0x0000000084200000, 0x0000000084300000|  0%| F|  |TAMS 0x0000000084200000, 0x0000000084200000| Untracked 
|  67|0x0000000084300000, 0x0000000084300000, 0x0000000084400000|  0%| F|  |TAMS 0x0000000084300000, 0x0000000084300000| Untracked 
|  68|0x0000000084400000, 0x0000000084400000, 0x0000000084500000|  0%| F|  |TAMS 0x0000000084400000, 0x0000000084400000| Untracked 
|  69|0x0000000084500000, 0x0000000084500000, 0x0000000084600000|  0%| F|  |TAMS 0x0000000084500000, 0x0000000084500000| Untracked 
|  70|0x0000000084600000, 0x0000000084600000, 0x0000000084700000|  0%| F|  |TAMS 0x0000000084600000, 0x0000000084600000| Untracked 
|  71|0x0000000084700000, 0x0000000084700000, 0x0000000084800000|  0%| F|  |TAMS 0x0000000084700000, 0x0000000084700000| Untracked 
|  72|0x0000000084800000, 0x0000000084800000, 0x0000000084900000|  0%| F|  |TAMS 0x0000000084800000, 0x0000000084800000| Untracked 
|  73|0x0000000084900000, 0x0000000084900000, 0x0000000084a00000|  0%| F|  |TAMS 0x0000000084900000, 0x0000000084900000| Untracked 
|  74|0x0000000084a00000, 0x0000000084a00000, 0x0000000084b00000|  0%| F|  |TAMS 0x0000000084a00000, 0x0000000084a00000| Untracked 
|  75|0x0000000084b00000, 0x0000000084b00000, 0x0000000084c00000|  0%| F|  |TAMS 0x0000000084b00000, 0x0000000084b00000| Untracked 
|  76|0x0000000084c00000, 0x0000000084c00000, 0x0000000084d00000|  0%| F|  |TAMS 0x0000000084c00000, 0x0000000084c00000| Untracked 
|  77|0x0000000084d00000, 0x0000000084d00000, 0x0000000084e00000|  0%| F|  |TAMS 0x0000000084d00000, 0x0000000084d00000| Untracked 
|  78|0x0000000084e00000, 0x0000000084e00000, 0x0000000084f00000|  0%| F|  |TAMS 0x0000000084e00000, 0x0000000084e00000| Untracked 
|  79|0x0000000084f00000, 0x0000000084f00000, 0x0000000085000000|  0%| F|  |TAMS 0x0000000084f00000, 0x0000000084f00000| Untracked 
|  80|0x0000000085000000, 0x0000000085000000, 0x0000000085100000|  0%| F|  |TAMS 0x0000000085000000, 0x0000000085000000| Untracked 
|  81|0x0000000085100000, 0x0000000085100000, 0x0000000085200000|  0%| F|  |TAMS 0x0000000085100000, 0x0000000085100000| Untracked 
|  82|0x0000000085200000, 0x0000000085200000, 0x0000000085300000|  0%| F|  |TAMS 0x0000000085200000, 0x0000000085200000| Untracked 
|  83|0x0000000085300000, 0x0000000085300000, 0x0000000085400000|  0%| F|  |TAMS 0x0000000085300000, 0x0000000085300000| Untracked 
|  84|0x0000000085400000, 0x0000000085400000, 0x0000000085500000|  0%| F|  |TAMS 0x0000000085400000, 0x0000000085400000| Untracked 
|  85|0x0000000085500000, 0x0000000085500000, 0x0000000085600000|  0%| F|  |TAMS 0x0000000085500000, 0x0000000085500000| Untracked 
|  86|0x0000000085600000, 0x0000000085600000, 0x0000000085700000|  0%| F|  |TAMS 0x0000000085600000, 0x0000000085600000| Untracked 
|  87|0x0000000085700000, 0x0000000085700000, 0x0000000085800000|  0%| F|  |TAMS 0x0000000085700000, 0x0000000085700000| Untracked 
|  88|0x0000000085800000, 0x0000000085800000, 0x0000000085900000|  0%| F|  |TAMS 0x0000000085800000, 0x0000000085800000| Untracked 
|  89|0x0000000085900000, 0x0000000085900000, 0x0000000085a00000|  0%| F|  |TAMS 0x0000000085900000, 0x0000000085900000| Untracked 
|  90|0x0000000085a00000, 0x0000000085a00000, 0x0000000085b00000|  0%| F|  |TAMS 0x0000000085a00000, 0x0000000085a00000| Untracked 
|  91|0x0000000085b00000, 0x0000000085b00000, 0x0000000085c00000|  0%| F|  |TAMS 0x0000000085b00000, 0x0000000085b00000| Untracked 
|  92|0x0000000085c00000, 0x0000000085c00000, 0x0000000085d00000|  0%| F|  |TAMS 0x0000000085c00000, 0x0000000085c00000| Untracked 
|  93|0x0000000085d00000, 0x0000000085d00000, 0x0000000085e00000|  0%| F|  |TAMS 0x0000000085d00000, 0x0000000085d00000| Untracked 
|  94|0x0000000085e00000, 0x0000000085e00000, 0x0000000085f00000|  0%| F|  |TAMS 0x0000000085e00000, 0x0000000085e00000| Untracked 
|  95|0x0000000085f00000, 0x0000000085f00000, 0x0000000086000000|  0%| F|  |TAMS 0x0000000085f00000, 0x0000000085f00000| Untracked 
|  96|0x0000000086000000, 0x0000000086000000, 0x0000000086100000|  0%| F|  |TAMS 0x0000000086000000, 0x0000000086000000| Untracked 
|  97|0x0000000086100000, 0x0000000086100000, 0x0000000086200000|  0%| F|  |TAMS 0x0000000086100000, 0x0000000086100000| Untracked 
|  98|0x0000000086200000, 0x0000000086200000, 0x0000000086300000|  0%| F|  |TAMS 0x0000000086200000, 0x0000000086200000| Untracked 
|  99|0x0000000086300000, 0x0000000086300000, 0x0000000086400000|  0%| F|  |TAMS 0x0000000086300000, 0x0000000086300000| Untracked 
| 100|0x0000000086400000, 0x0000000086400000, 0x0000000086500000|  0%| F|  |TAMS 0x0000000086400000, 0x0000000086400000| Untracked 
| 101|0x0000000086500000, 0x0000000086500000, 0x0000000086600000|  0%| F|  |TAMS 0x0000000086500000, 0x0000000086500000| Untracked 
| 102|0x0000000086600000, 0x0000000086600000, 0x0000000086700000|  0%| F|  |TAMS 0x0000000086600000, 0x0000000086600000| Untracked 
| 103|0x0000000086700000, 0x0000000086700000, 0x0000000086800000|  0%| F|  |TAMS 0x0000000086700000, 0x0000000086700000| Untracked 
| 104|0x0000000086800000, 0x0000000086800000, 0x0000000086900000|  0%| F|  |TAMS 0x0000000086800000, 0x0000000086800000| Untracked 
| 105|0x0000000086900000, 0x0000000086900000, 0x0000000086a00000|  0%| F|  |TAMS 0x0000000086900000, 0x0000000086900000| Untracked 
| 106|0x0000000086a00000, 0x0000000086a00000, 0x0000000086b00000|  0%| F|  |TAMS 0x0000000086a00000, 0x0000000086a00000| Untracked 
| 107|0x0000000086b00000, 0x0000000086b00000, 0x0000000086c00000|  0%| F|  |TAMS 0x0000000086b00000, 0x0000000086b00000| Untracked 
| 108|0x0000000086c00000, 0x0000000086c00000, 0x0000000086d00000|  0%| F|  |TAMS 0x0000000086c00000, 0x0000000086c00000| Untracked 
| 109|0x0000000086d00000, 0x0000000086d00000, 0x0000000086e00000|  0%| F|  |TAMS 0x0000000086d00000, 0x0000000086d00000| Untracked 
| 110|0x0000000086e00000, 0x0000000086e00000, 0x0000000086f00000|  0%| F|  |TAMS 0x0000000086e00000, 0x0000000086e00000| Untracked 
| 111|0x0000000086f00000, 0x0000000086f00000, 0x0000000087000000|  0%| F|  |TAMS 0x0000000086f00000, 0x0000000086f00000| Untracked 
| 112|0x0000000087000000, 0x0000000087000000, 0x0000000087100000|  0%| F|  |TAMS 0x0000000087000000, 0x0000000087000000| Untracked 
| 113|0x0000000087100000, 0x0000000087100000, 0x0000000087200000|  0%| F|  |TAMS 0x0000000087100000, 0x0000000087100000| Untracked 
| 114|0x0000000087200000, 0x0000000087200000, 0x0000000087300000|  0%| F|  |TAMS 0x0000000087200000, 0x0000000087200000| Untracked 
| 115|0x0000000087300000, 0x0000000087300000, 0x0000000087400000|  0%| F|  |TAMS 0x0000000087300000, 0x0000000087300000| Untracked 
| 116|0x0000000087400000, 0x0000000087400000, 0x0000000087500000|  0%| F|  |TAMS 0x0000000087400000, 0x0000000087400000| Untracked 
| 117|0x0000000087500000, 0x0000000087580800, 0x0000000087600000| 50%| E|  |TAMS 0x0000000087500000, 0x0000000087500000| Complete 
| 118|0x0000000087600000, 0x0000000087700000, 0x0000000087700000|100%| E|CS|TAMS 0x0000000087600000, 0x0000000087600000| Complete 
| 119|0x0000000087700000, 0x0000000087800000, 0x0000000087800000|100%| E|CS|TAMS 0x0000000087700000, 0x0000000087700000| Complete 
| 120|0x0000000087800000, 0x0000000087900000, 0x0000000087900000|100%| E|CS|TAMS 0x0000000087800000, 0x0000000087800000| Complete 
| 121|0x0000000087900000, 0x0000000087a00000, 0x0000000087a00000|100%| E|CS|TAMS 0x0000000087900000, 0x0000000087900000| Complete 
| 122|0x0000000087a00000, 0x0000000087b00000, 0x0000000087b00000|100%| E|CS|TAMS 0x0000000087a00000, 0x0000000087a00000| Complete 
| 123|0x0000000087b00000, 0x0000000087c00000, 0x0000000087c00000|100%| E|CS|TAMS 0x0000000087b00000, 0x0000000087b00000| Complete 
| 124|0x0000000087c00000, 0x0000000087d00000, 0x0000000087d00000|100%| E|CS|TAMS 0x0000000087c00000, 0x0000000087c00000| Complete 
| 125|0x0000000087d00000, 0x0000000087e00000, 0x0000000087e00000|100%| E|CS|TAMS 0x0000000087d00000, 0x0000000087d00000| Complete 

Card table byte_map: [0x000002361ba90000,0x000002361be90000] _byte_map_base: 0x000002361b690000

Marking Bits (Prev, Next): (CMBitMap*) 0x00000236021609e8, (CMBitMap*) 0x0000023602160a20
 Prev Bits: [0x000002361c290000, 0x000002361e290000)
 Next Bits: [0x000002361e290000, 0x0000023620290000)

Polling page: 0x0000023601f10000

Metaspace:

Usage:
  Non-class:     35.97 MB capacity,    35.30 MB ( 98%) used,   585.41 KB (  2%) free+waste,   106.06 KB ( <1%) overhead. 
      Class:      5.44 MB capacity,     5.04 MB ( 93%) used,   362.64 KB (  7%) free+waste,    51.06 KB ( <1%) overhead. 
       Both:     41.41 MB capacity,    40.33 MB ( 97%) used,   948.05 KB (  2%) free+waste,   157.13 KB ( <1%) overhead. 

Virtual space:
  Non-class space:       38.00 MB reserved,      36.08 MB ( 95%) committed 
      Class space:      504.00 MB reserved,       5.50 MB (  1%) committed 
             Both:      542.00 MB reserved,      41.58 MB (  8%) committed 

Chunk freelists:
   Non-Class:  44.00 KB
       Class:  0 bytes
        Both:  44.00 KB

MaxMetaspaceSize: 512.00 MB
CompressedClassSpaceSize: 504.00 MB
Initial GC threshold: 20.80 MB
Current GC threshold: 58.88 MB
CDS: off

CodeHeap 'non-profiled nmethods': size=120064Kb used=2125Kb max_used=2125Kb free=117938Kb
 bounds [0x0000023613b10000, 0x0000023613d80000, 0x000002361b050000]
CodeHeap 'profiled nmethods': size=120000Kb used=8321Kb max_used=8321Kb free=111678Kb
 bounds [0x000002360c5e0000, 0x000002360ce10000, 0x0000023613b10000]
CodeHeap 'non-nmethods': size=5696Kb used=2274Kb max_used=2304Kb free=3421Kb
 bounds [0x000002360c050000, 0x000002360c2c0000, 0x000002360c5e0000]
 total_blobs=4711 nmethods=3943 adapters=680
 compilation: enabled
              stopped_count=0, restarted_count=0
 full_count=0

Compilation events (20 events):
Event: 183.253 Thread 0x0000023623241000 3943  s!   3       java.beans.PropertyDescriptor::getPropertyType (33 bytes)
Event: 183.254 Thread 0x0000023623241000 nmethod 3943 0x000002360cdecd90 code [0x000002360cdecfe0, 0x000002360cdeda48]
Event: 183.254 Thread 0x0000023623241000 3941       3       com.sun.beans.util.Cache::index (7 bytes)
Event: 183.254 Thread 0x0000023623241000 nmethod 3941 0x000002360cdedd90 code [0x000002360cdedf40, 0x000002360cdee038]
Event: 183.255 Thread 0x0000023623241000 3945       3       org.codehaus.groovy.runtime.metaclass.ReflectionMetaMethod::getName (8 bytes)
Event: 183.255 Thread 0x0000023623241000 nmethod 3945 0x000002360cdee110 code [0x000002360cdee2c0, 0x000002360cdee458]
Event: 183.256 Thread 0x0000023623241000 3946       3       org.codehaus.groovy.vmplugin.v9.Java9::checkAccessible (171 bytes)
Event: 183.258 Thread 0x0000023623241000 nmethod 3946 0x000002360cdee590 code [0x000002360cdee960, 0x000002360cdf03f8]
Event: 183.258 Thread 0x0000023623241000 3947       3       java.lang.Module::isOpen (18 bytes)
Event: 183.259 Thread 0x0000023623241000 nmethod 3947 0x000002360cdf0c90 code [0x000002360cdf0e80, 0x000002360cdf1268]
Event: 183.271 Thread 0x0000023623241000 3948       1       sun.reflect.generics.tree.TypeVariableSignature::getIdentifier (5 bytes)
Event: 183.271 Thread 0x0000023623241000 nmethod 3948 0x0000023613d22b90 code [0x0000023613d22d40, 0x0000023613d22df8]
Event: 183.271 Thread 0x0000023623241000 3949       1       sun.reflect.generics.factory.CoreReflectionFactory::getScope (5 bytes)
Event: 183.271 Thread 0x0000023623241000 nmethod 3949 0x0000023613d22e90 code [0x0000023613d23040, 0x0000023613d230f8]
Event: 183.271 Thread 0x0000023623241000 3950       3       java.lang.reflect.Method::isSynthetic (5 bytes)
Event: 183.271 Thread 0x0000023623241000 nmethod 3950 0x000002360cdf1410 code [0x000002360cdf15e0, 0x000002360cdf1818]
Event: 183.271 Thread 0x0000023623241000 3951       1       sun.reflect.generics.tree.MethodTypeSignature::getFormalTypeParameters (5 bytes)
Event: 183.271 Thread 0x0000023623241000 nmethod 3951 0x0000023613d23190 code [0x0000023613d23340, 0x0000023613d233f8]
Event: 183.271 Thread 0x0000023623241000 3952       3       sun.reflect.generics.scope.AbstractScope::lookup (66 bytes)
Event: 183.272 Thread 0x0000023623241000 nmethod 3952 0x000002360cdf1910 code [0x000002360cdf1b40, 0x000002360cdf22e8]

GC Heap History (18 events):
Event: 13.978 GC heap before
{Heap before GC invocations=0 (full 0):
 garbage-first heap   total 129024K, used 13312K [0x0000000080000000, 0x0000000100000000)
  region size 1024K, 14 young (14336K), 0 survivors (0K)
 Metaspace       used 6822K, capacity 7057K, committed 7424K, reserved 524288K
  class space    used 574K, capacity 650K, committed 768K, reserved 516096K
}
Event: 14.449 GC heap after
{Heap after GC invocations=1 (full 0):
 garbage-first heap   total 129024K, used 4286K [0x0000000080000000, 0x0000000100000000)
  region size 1024K, 2 young (2048K), 2 survivors (2048K)
 Metaspace       used 6822K, capacity 7057K, committed 7424K, reserved 524288K
  class space    used 574K, capacity 650K, committed 768K, reserved 516096K
}
Event: 17.478 GC heap before
{Heap before GC invocations=1 (full 0):
 garbage-first heap   total 129024K, used 19646K [0x0000000080000000, 0x0000000100000000)
  region size 1024K, 13 young (13312K), 2 survivors (2048K)
 Metaspace       used 10228K, capacity 10398K, committed 10624K, reserved 526336K
  class space    used 1041K, capacity 1107K, committed 1152K, reserved 516096K
}
Event: 17.482 GC heap after
{Heap after GC invocations=2 (full 0):
 garbage-first heap   total 129024K, used 10470K [0x0000000080000000, 0x0000000100000000)
  region size 1024K, 2 young (2048K), 2 survivors (2048K)
 Metaspace       used 10228K, capacity 10398K, committed 10624K, reserved 526336K
  class space    used 1041K, capacity 1107K, committed 1152K, reserved 516096K
}
Event: 21.943 GC heap before
{Heap before GC invocations=2 (full 0):
 garbage-first heap   total 129024K, used 37094K [0x0000000080000000, 0x0000000100000000)
  region size 1024K, 29 young (29696K), 2 survivors (2048K)
 Metaspace       used 11312K, capacity 11577K, committed 11776K, reserved 528384K
  class space    used 1150K, capacity 1244K, committed 1280K, reserved 516096K
}
Event: 21.947 GC heap after
{Heap after GC invocations=3 (full 0):
 garbage-first heap   total 129024K, used 12598K [0x0000000080000000, 0x0000000100000000)
  region size 1024K, 4 young (4096K), 4 survivors (4096K)
 Metaspace       used 11312K, capacity 11577K, committed 11776K, reserved 528384K
  class space    used 1150K, capacity 1244K, committed 1280K, reserved 516096K
}
Event: 94.064 GC heap before
{Heap before GC invocations=3 (full 0):
 garbage-first heap   total 129024K, used 54582K [0x0000000080000000, 0x0000000100000000)
  region size 1024K, 44 young (45056K), 4 survivors (4096K)
 Metaspace       used 18194K, capacity 18537K, committed 18688K, reserved 532480K
  class space    used 2061K, capacity 2179K, committed 2304K, reserved 516096K
}
Event: 94.970 GC heap after
{Heap after GC invocations=4 (full 0):
 garbage-first heap   total 129024K, used 17612K [0x0000000080000000, 0x0000000100000000)
  region size 1024K, 6 young (6144K), 6 survivors (6144K)
 Metaspace       used 18194K, capacity 18537K, committed 18688K, reserved 532480K
  class space    used 2061K, capacity 2179K, committed 2304K, reserved 516096K
}
Event: 100.334 GC heap before
{Heap before GC invocations=4 (full 0):
 garbage-first heap   total 129024K, used 33996K [0x0000000080000000, 0x0000000100000000)
  region size 1024K, 23 young (23552K), 6 survivors (6144K)
 Metaspace       used 20728K, capacity 21146K, committed 21296K, reserved 536576K
  class space    used 2433K, capacity 2609K, committed 2688K, reserved 516096K
}
Event: 100.348 GC heap after
{Heap after GC invocations=5 (full 0):
 garbage-first heap   total 129024K, used 18830K [0x0000000080000000, 0x0000000100000000)
  region size 1024K, 1 young (1024K), 1 survivors (1024K)
 Metaspace       used 20728K, capacity 21146K, committed 21296K, reserved 536576K
  class space    used 2433K, capacity 2609K, committed 2688K, reserved 516096K
}
Event: 116.925 GC heap before
{Heap before GC invocations=6 (full 0):
 garbage-first heap   total 129024K, used 62862K [0x0000000080000000, 0x0000000100000000)
  region size 1024K, 44 young (45056K), 1 survivors (1024K)
 Metaspace       used 24687K, capacity 25189K, committed 25264K, reserved 538624K
  class space    used 3065K, capacity 3279K, committed 3328K, reserved 516096K
}
Event: 116.930 GC heap after
{Heap after GC invocations=7 (full 0):
 garbage-first heap   total 129024K, used 20059K [0x0000000080000000, 0x0000000100000000)
  region size 1024K, 3 young (3072K), 3 survivors (3072K)
 Metaspace       used 24687K, capacity 25189K, committed 25264K, reserved 538624K
  class space    used 3065K, capacity 3279K, committed 3328K, reserved 516096K
}
Event: 129.128 GC heap before
{Heap before GC invocations=7 (full 0):
 garbage-first heap   total 129024K, used 68187K [0x0000000080000000, 0x0000000100000000)
  region size 1024K, 50 young (51200K), 3 survivors (3072K)
 Metaspace       used 29076K, capacity 29713K, committed 29872K, reserved 542720K
  class space    used 3748K, capacity 4027K, committed 4096K, reserved 516096K
}
Event: 129.139 GC heap after
{Heap after GC invocations=8 (full 0):
 garbage-first heap   total 129024K, used 21822K [0x0000000080000000, 0x0000000100000000)
  region size 1024K, 4 young (4096K), 4 survivors (4096K)
 Metaspace       used 29076K, capacity 29713K, committed 29872K, reserved 542720K
  class space    used 3748K, capacity 4027K, committed 4096K, reserved 516096K
}
Event: 143.563 GC heap before
{Heap before GC invocations=8 (full 0):
 garbage-first heap   total 129024K, used 64830K [0x0000000080000000, 0x0000000100000000)
  region size 1024K, 47 young (48128K), 4 survivors (4096K)
 Metaspace       used 34995K, capacity 35832K, committed 35920K, reserved 548864K
  class space    used 4455K, capacity 4813K, committed 4864K, reserved 516096K
}
Event: 143.576 GC heap after
{Heap after GC invocations=9 (full 0):
 garbage-first heap   total 129024K, used 24192K [0x0000000080000000, 0x0000000100000000)
  region size 1024K, 7 young (7168K), 7 survivors (7168K)
 Metaspace       used 34995K, capacity 35832K, committed 35920K, reserved 548864K
  class space    used 4455K, capacity 4813K, committed 4864K, reserved 516096K
}
Event: 182.447 GC heap before
{Heap before GC invocations=10 (full 0):
 garbage-first heap   total 129024K, used 82560K [0x0000000080000000, 0x0000000100000000)
  region size 1024K, 62 young (63488K), 7 survivors (7168K)
 Metaspace       used 41038K, capacity 42029K, committed 42320K, reserved 552960K
  class space    used 5134K, capacity 5530K, committed 5632K, reserved 516096K
}
Event: 182.469 GC heap after
{Heap after GC invocations=11 (full 0):
 garbage-first heap   total 129024K, used 29168K [0x0000000080000000, 0x0000000100000000)
  region size 1024K, 8 young (8192K), 8 survivors (8192K)
 Metaspace       used 41038K, capacity 42029K, committed 42320K, reserved 552960K
  class space    used 5134K, capacity 5530K, committed 5632K, reserved 516096K
}

Deoptimization events (20 events):
Event: 169.727 Thread 0x0000023624135800 Uncommon trap: trap_request=0xffffffbe fr.pc=0x0000023613cf9b6c relative=0x000000000000070c
Event: 169.727 Thread 0x0000023624135800 Uncommon trap: reason=profile_predicate action=maybe_recompile pc=0x0000023613cf9b6c method=java.lang.PublicMethods$MethodList.filter([Ljava/lang/reflect/Method;Ljava/lang/String;[Ljava/lang/Class;Z)Ljava/lang/PublicMethods$MethodList; @ 21 c2
Event: 169.727 Thread 0x0000023624135800 DEOPT PACKING pc=0x0000023613cf9b6c sp=0x000000b0c24f8cb0
Event: 169.728 Thread 0x0000023624135800 DEOPT UNPACKING pc=0x000002360c09a1af sp=0x000000b0c24f8c68 mode 2
Event: 169.728 Thread 0x0000023624135800 Uncommon trap: trap_request=0xffffffbe fr.pc=0x0000023613cf9b6c relative=0x000000000000070c
Event: 169.728 Thread 0x0000023624135800 Uncommon trap: reason=profile_predicate action=maybe_recompile pc=0x0000023613cf9b6c method=java.lang.PublicMethods$MethodList.filter([Ljava/lang/reflect/Method;Ljava/lang/String;[Ljava/lang/Class;Z)Ljava/lang/PublicMethods$MethodList; @ 21 c2
Event: 169.728 Thread 0x0000023624135800 DEOPT PACKING pc=0x0000023613cf9b6c sp=0x000000b0c24f8c90
Event: 169.728 Thread 0x0000023624135800 DEOPT UNPACKING pc=0x000002360c09a1af sp=0x000000b0c24f8c48 mode 2
Event: 171.882 Thread 0x0000023624135800 Uncommon trap: trap_request=0xffffffde fr.pc=0x0000023613cc9f60 relative=0x0000000000000440
Event: 171.882 Thread 0x0000023624135800 Uncommon trap: reason=class_check action=maybe_recompile pc=0x0000023613cc9f60 method=java.util.regex.Pattern$Start.match(Ljava/util/regex/Matcher;ILjava/lang/CharSequence;)Z @ 44 c2
Event: 171.882 Thread 0x0000023624135800 DEOPT PACKING pc=0x0000023613cc9f60 sp=0x000000b0c24f7d00
Event: 171.882 Thread 0x0000023624135800 DEOPT UNPACKING pc=0x000002360c09a1af sp=0x000000b0c24f7bc8 mode 2
Event: 180.454 Thread 0x0000023625726000 Uncommon trap: trap_request=0xffffffc6 fr.pc=0x0000023613cf6780 relative=0x00000000000007e0
Event: 180.454 Thread 0x0000023625726000 Uncommon trap: reason=bimorphic_or_optimized_type_check action=maybe_recompile pc=0x0000023613cf6780 method=java.io.BufferedInputStream.read([BII)I @ 101 c2
Event: 180.454 Thread 0x0000023625726000 DEOPT PACKING pc=0x0000023613cf6780 sp=0x000000b0c2cfe5b0
Event: 180.454 Thread 0x0000023625726000 DEOPT UNPACKING pc=0x000002360c09a1af sp=0x000000b0c2cfe568 mode 2
Event: 182.138 Thread 0x0000023624132000 Uncommon trap: trap_request=0xffffffc6 fr.pc=0x0000023613cf6780 relative=0x00000000000007e0
Event: 182.151 Thread 0x0000023624132000 Uncommon trap: reason=bimorphic_or_optimized_type_check action=maybe_recompile pc=0x0000023613cf6780 method=java.io.BufferedInputStream.read([BII)I @ 101 c2
Event: 182.151 Thread 0x0000023624132000 DEOPT PACKING pc=0x0000023613cf6780 sp=0x000000b0c29fe0c0
Event: 182.151 Thread 0x0000023624132000 DEOPT UNPACKING pc=0x000002360c09a1af sp=0x000000b0c29fe078 mode 2

Classes redefined (0 events):
No events

Internal exceptions (20 events):
Event: 182.154 Thread 0x0000023624135800 Exception <a 'java/lang/ClassNotFoundException'{0x00000000843970b8}: groovy/lang/ReferenceBeanInfo> (0x00000000843970b8) thrown at [s\src\hotspot\share\classfile\systemDictionary.cpp, line 230]
Event: 182.156 Thread 0x0000023624135800 Exception <a 'java/lang/ClassNotFoundException'{0x00000000843ccbc0}: groovy/lang/ReferenceCustomizer> (0x00000000843ccbc0) thrown at [s\src\hotspot\share\classfile\systemDictionary.cpp, line 230]
Event: 182.171 Thread 0x0000023624135800 Exception <a 'java/lang/ClassNotFoundException'{0x0000000084294250}: groovy/lang/GString$1BeanInfo> (0x0000000084294250) thrown at [s\src\hotspot\share\classfile\systemDictionary.cpp, line 230]
Event: 182.173 Thread 0x0000023624135800 Exception <a 'java/lang/ClassNotFoundException'{0x00000000842c97a0}: groovy/lang/GStringBeanInfo> (0x00000000842c97a0) thrown at [s\src\hotspot\share\classfile\systemDictionary.cpp, line 230]
Event: 182.423 Thread 0x0000023624135800 Exception <a 'java/lang/ClassNotFoundException'{0x00000000842fee08}: groovy/lang/GStringCustomizer> (0x00000000842fee08) thrown at [s\src\hotspot\share\classfile\systemDictionary.cpp, line 230]
Event: 182.428 Thread 0x0000023624135800 Exception <a 'java/lang/ClassNotFoundException'{0x000000008413e9c8}: groovy/lang/GString$1Customizer> (0x000000008413e9c8) thrown at [s\src\hotspot\share\classfile\systemDictionary.cpp, line 230]
Event: 182.480 Thread 0x0000023624135800 Exception <a 'java/lang/ClassNotFoundException'{0x0000000087cf6b10}: org/codehaus/groovy/runtime/GStringImplBeanInfo> (0x0000000087cf6b10) thrown at [s\src\hotspot\share\classfile\systemDictionary.cpp, line 230]
Event: 182.910 Thread 0x0000023624135800 Exception <a 'java/lang/ClassNotFoundException'{0x00000000879ce318}: org/codehaus/groovy/runtime/GStringImplCustomizer> (0x00000000879ce318) thrown at [s\src\hotspot\share\classfile\systemDictionary.cpp, line 230]
Event: 182.923 Thread 0x0000023624135800 Exception <a 'java/lang/ClassNotFoundException'{0x000000008782c280}: ReactNativeModulesBeanInfo> (0x000000008782c280) thrown at [s\src\hotspot\share\classfile\systemDictionary.cpp, line 230]
Event: 182.924 Thread 0x0000023624135800 Exception <a 'java/lang/ClassNotFoundException'{0x0000000087833700}: ReactNativeModulesCustomizer> (0x0000000087833700) thrown at [s\src\hotspot\share\classfile\systemDictionary.cpp, line 230]
Event: 183.241 Thread 0x0000023624135800 Exception <a 'java/lang/ClassNotFoundException'{0x00000000877b2650}: java/util/ArrayListBeanInfo> (0x00000000877b2650) thrown at [s\src\hotspot\share\classfile\systemDictionary.cpp, line 230]
Event: 183.241 Thread 0x0000023624135800 Exception <a 'java/lang/ClassNotFoundException'{0x00000000877b8168}: java/util/AbstractListBeanInfo> (0x00000000877b8168) thrown at [s\src\hotspot\share\classfile\systemDictionary.cpp, line 230]
Event: 183.241 Thread 0x0000023624135800 Exception <a 'java/lang/ClassNotFoundException'{0x00000000877bdb98}: java/util/AbstractCollectionBeanInfo> (0x00000000877bdb98) thrown at [s\src\hotspot\share\classfile\systemDictionary.cpp, line 230]
Event: 183.242 Thread 0x0000023624135800 Exception <a 'java/lang/ClassNotFoundException'{0x00000000877c35a8}: java/util/AbstractCollectionCustomizer> (0x00000000877c35a8) thrown at [s\src\hotspot\share\classfile\systemDictionary.cpp, line 230]
Event: 183.247 Thread 0x0000023624135800 Exception <a 'java/lang/ClassNotFoundException'{0x00000000877d2240}: java/util/AbstractListCustomizer> (0x00000000877d2240) thrown at [s\src\hotspot\share\classfile\systemDictionary.cpp, line 230]
Event: 183.250 Thread 0x0000023624135800 Exception <a 'java/lang/ClassNotFoundException'{0x00000000877e2d28}: java/util/ArrayListCustomizer> (0x00000000877e2d28) thrown at [s\src\hotspot\share\classfile\systemDictionary.cpp, line 230]
Event: 183.267 Thread 0x0000023624135800 Exception <a 'java/lang/ClassNotFoundException'{0x000000008765fdd8}: java/util/HashMapBeanInfo> (0x000000008765fdd8) thrown at [s\src\hotspot\share\classfile\systemDictionary.cpp, line 230]
Event: 183.267 Thread 0x0000023624135800 Exception <a 'java/lang/ClassNotFoundException'{0x0000000087665860}: java/util/AbstractMapBeanInfo> (0x0000000087665860) thrown at [s\src\hotspot\share\classfile\systemDictionary.cpp, line 230]
Event: 183.268 Thread 0x0000023624135800 Exception <a 'java/lang/ClassNotFoundException'{0x000000008766b228}: java/util/AbstractMapCustomizer> (0x000000008766b228) thrown at [s\src\hotspot\share\classfile\systemDictionary.cpp, line 230]
Event: 183.269 Thread 0x0000023624135800 Exception <a 'java/lang/ClassNotFoundException'{0x000000008767a848}: java/util/HashMapCustomizer> (0x000000008767a848) thrown at [s\src\hotspot\share\classfile\systemDictionary.cpp, line 230]

Events (20 events):
Event: 183.264 loading class java/util/HashMapBeanInfo
Event: 183.264 loading class java/util/HashMapBeanInfo done
Event: 183.266 loading class java/util/HashMapBeanInfo
Event: 183.266 loading class java/util/HashMapBeanInfo done
Event: 183.267 loading class java/util/AbstractMapBeanInfo
Event: 183.267 loading class java/util/AbstractMapBeanInfo done
Event: 183.267 loading class java/util/AbstractMapBeanInfo
Event: 183.267 loading class java/util/AbstractMapBeanInfo done
Event: 183.267 loading class java/util/AbstractMapCustomizer
Event: 183.267 loading class java/util/AbstractMapCustomizer done
Event: 183.268 loading class java/util/AbstractMapCustomizer
Event: 183.268 loading class java/util/AbstractMapCustomizer done
Event: 183.269 loading class java/util/HashMapCustomizer
Event: 183.269 loading class java/util/HashMapCustomizer done
Event: 183.269 loading class java/util/HashMapCustomizer
Event: 183.269 loading class java/util/HashMapCustomizer done
Event: 183.273 loading class org/codehaus/groovy/ast/tools/GeneralUtils
Event: 183.273 loading class org/codehaus/groovy/ast/tools/GeneralUtils done
Event: 183.276 loading class org/codehaus/groovy/ast/stmt/EmptyStatement
Event: 183.276 loading class org/codehaus/groovy/ast/stmt/EmptyStatement done


Dynamic libraries:
0x00007ff6f69e0000 - 0x00007ff6f69ed000 	C:\Program Files\Microsoft\jdk-11.0.20.8-hotspot\bin\java.exe
0x00007ffd50850000 - 0x00007ffd50a45000 	C:\Windows\SYSTEM32\ntdll.dll
0x00007ffd4e9b0000 - 0x00007ffd4ea6d000 	C:\Windows\System32\KERNEL32.DLL
0x00007ffd4e290000 - 0x00007ffd4e559000 	C:\Windows\System32\KERNELBASE.dll
0x00007ffd4e190000 - 0x00007ffd4e290000 	C:\Windows\System32\ucrtbase.dll
0x00007ffd3a720000 - 0x00007ffd3a737000 	C:\Program Files\Microsoft\jdk-11.0.20.8-hotspot\bin\jli.dll
0x00007ffd4fa90000 - 0x00007ffd4fc30000 	C:\Windows\System32\USER32.dll
0x00007ffd4e560000 - 0x00007ffd4e582000 	C:\Windows\System32\win32u.dll
0x00007ffd50410000 - 0x00007ffd5043a000 	C:\Windows\System32\GDI32.dll
0x00007ffd4e620000 - 0x00007ffd4e72b000 	C:\Windows\System32\gdi32full.dll
0x00007ffd4e810000 - 0x00007ffd4e8ad000 	C:\Windows\System32\msvcp_win.dll
0x00007ffd39a80000 - 0x00007ffd39d1a000 	C:\Windows\WinSxS\amd64_microsoft.windows.common-controls_6595b64144ccf1df_6.0.19041.1110_none_60b5254171f9507e\COMCTL32.dll
0x00007ffd4ecd0000 - 0x00007ffd4ed6e000 	C:\Windows\System32\msvcrt.dll
0x00007ffd38fe0000 - 0x00007ffd38ff5000 	C:\Program Files\Microsoft\jdk-11.0.20.8-hotspot\bin\VCRUNTIME140.dll
0x00007ffd4eb70000 - 0x00007ffd4eba0000 	C:\Windows\System32\IMM32.DLL
0x00007ffd02f00000 - 0x00007ffd02f9b000 	C:\Program Files\Microsoft\jdk-11.0.20.8-hotspot\bin\msvcp140.dll
0x00007ffcf0db0000 - 0x00007ffcf1946000 	C:\Program Files\Microsoft\jdk-11.0.20.8-hotspot\bin\server\jvm.dll
0x00007ffd50680000 - 0x00007ffd5072c000 	C:\Windows\System32\ADVAPI32.dll
0x00007ffd4e910000 - 0x00007ffd4e9ab000 	C:\Windows\System32\sechost.dll
0x00007ffd4f4c0000 - 0x00007ffd4f5ea000 	C:\Windows\System32\RPCRT4.dll
0x00007ffd4f4b0000 - 0x00007ffd4f4b8000 	C:\Windows\System32\PSAPI.DLL
0x00007ffd36750000 - 0x00007ffd36759000 	C:\Windows\SYSTEM32\WSOCK32.dll
0x00007ffd50390000 - 0x00007ffd503fb000 	C:\Windows\System32\WS2_32.dll
0x00007ffd4c610000 - 0x00007ffd4c637000 	C:\Windows\SYSTEM32\WINMM.dll
0x00007ffd4c600000 - 0x00007ffd4c60a000 	C:\Windows\SYSTEM32\VERSION.dll
0x00007ffd4c800000 - 0x00007ffd4c812000 	C:\Windows\SYSTEM32\kernel.appcore.dll
0x00007ffd476a0000 - 0x00007ffd476b0000 	C:\Program Files\Microsoft\jdk-11.0.20.8-hotspot\bin\verify.dll
0x00007ffd4c410000 - 0x00007ffd4c5f4000 	C:\Windows\SYSTEM32\DBGHELP.DLL
0x00007ffd4c3e0000 - 0x00007ffd4c40c000 	C:\Windows\SYSTEM32\dbgcore.DLL
0x00007ffd4e590000 - 0x00007ffd4e613000 	C:\Windows\System32\bcryptPrimitives.dll
0x00007ffd1f980000 - 0x00007ffd1f9a8000 	C:\Program Files\Microsoft\jdk-11.0.20.8-hotspot\bin\java.dll
0x00007ffd46c60000 - 0x00007ffd46c6a000 	C:\Program Files\Microsoft\jdk-11.0.20.8-hotspot\bin\jimage.dll
0x00007ffd26ae0000 - 0x00007ffd26af8000 	C:\Program Files\Microsoft\jdk-11.0.20.8-hotspot\bin\zip.dll
0x00007ffd4ed70000 - 0x00007ffd4f4af000 	C:\Windows\System32\SHELL32.dll
0x00007ffd4bc40000 - 0x00007ffd4c3d0000 	C:\Windows\SYSTEM32\windows.storage.dll
0x00007ffd4f6a0000 - 0x00007ffd4f9f5000 	C:\Windows\System32\combase.dll
0x00007ffd4d880000 - 0x00007ffd4d8ac000 	C:\Windows\SYSTEM32\Wldp.dll
0x00007ffd505d0000 - 0x00007ffd5067e000 	C:\Windows\System32\SHCORE.dll
0x00007ffd50440000 - 0x00007ffd50495000 	C:\Windows\System32\shlwapi.dll
0x00007ffd4dec0000 - 0x00007ffd4dedf000 	C:\Windows\SYSTEM32\profapi.dll
0x00007ffd23560000 - 0x00007ffd23579000 	C:\Program Files\Microsoft\jdk-11.0.20.8-hotspot\bin\net.dll
0x00007ffd38e20000 - 0x00007ffd38f28000 	C:\Windows\SYSTEM32\WINHTTP.dll
0x00007ffd4d610000 - 0x00007ffd4d67a000 	C:\Windows\system32\mswsock.dll
0x00007ffd232c0000 - 0x00007ffd232d3000 	C:\Program Files\Microsoft\jdk-11.0.20.8-hotspot\bin\nio.dll
0x00007ffd1f950000 - 0x00007ffd1f977000 	C:\Users\Admin\.gradle\native\68d5fa5c4cc2d200863cafc0d521ce42e7d3e7ee720ec0a83991735586a16f82\windows-amd64\native-platform.dll
0x00007ffcf5cb0000 - 0x00007ffcf5df4000 	C:\Users\Admin\.gradle\native\e376f236ea51e6404a007f0833ffe2c6e607c4080706a723a18a27aeea778392\windows-amd64\native-platform-file-events.dll
0x00007ffd46c20000 - 0x00007ffd46c29000 	C:\Program Files\Microsoft\jdk-11.0.20.8-hotspot\bin\management.dll
0x00007ffd45880000 - 0x00007ffd4588b000 	C:\Program Files\Microsoft\jdk-11.0.20.8-hotspot\bin\management_ext.dll
0x00007ffd4dbc0000 - 0x00007ffd4dbd8000 	C:\Windows\SYSTEM32\CRYPTSP.dll
0x00007ffd4cfb0000 - 0x00007ffd4cfe4000 	C:\Windows\system32\rsaenh.dll
0x00007ffd4e7e0000 - 0x00007ffd4e807000 	C:\Windows\System32\bcrypt.dll
0x00007ffd4de40000 - 0x00007ffd4de6e000 	C:\Windows\SYSTEM32\USERENV.dll
0x00007ffd4d920000 - 0x00007ffd4d92c000 	C:\Windows\SYSTEM32\CRYPTBASE.dll
0x00007ffd4d320000 - 0x00007ffd4d35b000 	C:\Windows\SYSTEM32\IPHLPAPI.DLL
0x00007ffd50400000 - 0x00007ffd50408000 	C:\Windows\System32\NSI.dll
0x00007ffd41070000 - 0x00007ffd41087000 	C:\Windows\SYSTEM32\dhcpcsvc6.DLL
0x00007ffd41f90000 - 0x00007ffd41fad000 	C:\Windows\SYSTEM32\dhcpcsvc.DLL
0x00007ffd4d360000 - 0x00007ffd4d42c000 	C:\Windows\SYSTEM32\DNSAPI.dll

dbghelp: loaded successfully - version: 4.0.5 - missing functions: none
symbol engine: initialized successfully - sym options: 0x614 - pdb path: .;C:\Program Files\Microsoft\jdk-11.0.20.8-hotspot\bin;C:\Windows\SYSTEM32;C:\Windows\WinSxS\amd64_microsoft.windows.common-controls_6595b64144ccf1df_6.0.19041.1110_none_60b5254171f9507e;C:\Program Files\Microsoft\jdk-11.0.20.8-hotspot\bin\server;C:\Users\Admin\.gradle\native\68d5fa5c4cc2d200863cafc0d521ce42e7d3e7ee720ec0a83991735586a16f82\windows-amd64;C:\Users\Admin\.gradle\native\e376f236ea51e6404a007f0833ffe2c6e607c4080706a723a18a27aeea778392\windows-amd64

VM Arguments:
jvm_args: -XX:MaxMetaspaceSize=512m --add-opens=java.base/java.util=ALL-UNNAMED --add-opens=java.base/java.lang=ALL-UNNAMED --add-opens=java.base/java.lang.invoke=ALL-UNNAMED --add-opens=java.prefs/java.util.prefs=ALL-UNNAMED --add-opens=java.base/java.nio.charset=ALL-UNNAMED --add-opens=java.base/java.net=ALL-UNNAMED --add-opens=java.base/java.util.concurrent.atomic=ALL-UNNAMED -Xmx2048m -Dfile.encoding=windows-1252 -Duser.country=IN -Duser.language=en -Duser.variant 
java_command: org.gradle.launcher.daemon.bootstrap.GradleDaemon 8.0.1
java_class_path (initial): C:\Users\Admin\.gradle\wrapper\dists\gradle-8.0.1-all\aro4hu1c3oeioove7l0i4i14o\gradle-8.0.1\lib\gradle-launcher-8.0.1.jar
Launcher Type: SUN_STANDARD

[Global flags]
     intx CICompilerCount                          = 3                                         {product} {ergonomic}
   size_t CompressedClassSpaceSize                 = 528482304                                 {product} {ergonomic}
     uint ConcGCThreads                            = 1                                         {product} {ergonomic}
     uint G1ConcRefinementThreads                  = 4                                         {product} {ergonomic}
   size_t G1HeapRegionSize                         = 1048576                                   {product} {ergonomic}
    uintx GCDrainStackTargetSize                   = 64                                        {product} {ergonomic}
   size_t InitialHeapSize                          = 132120576                                 {product} {ergonomic}
   size_t MarkStackSize                            = 4194304                                   {product} {ergonomic}
   size_t MaxHeapSize                              = 2147483648                                {product} {command line}
   size_t MaxMetaspaceSize                         = 536870912                                 {product} {command line}
   size_t MaxNewSize                               = 1287651328                                {product} {ergonomic}
   size_t MinHeapDeltaBytes                        = 1048576                                   {product} {ergonomic}
    uintx NonNMethodCodeHeapSize                   = 5830732                                {pd product} {ergonomic}
    uintx NonProfiledCodeHeapSize                  = 122913754                              {pd product} {ergonomic}
    uintx ProfiledCodeHeapSize                     = 122913754                              {pd product} {ergonomic}
    uintx ReservedCodeCacheSize                    = 251658240                              {pd product} {ergonomic}
     bool SegmentedCodeCache                       = true                                      {product} {ergonomic}
     bool UseCompressedClassPointers               = true                                 {lp64_product} {ergonomic}
     bool UseCompressedOops                        = true                                 {lp64_product} {ergonomic}
     bool UseG1GC                                  = true                                      {product} {ergonomic}
     bool UseLargePagesIndividualAllocation        = false                                  {pd product} {ergonomic}

Logging:
Log output configuration:
 #0: stdout all=warning uptime,level,tags
 #1: stderr all=off uptime,level,tags

Environment Variables:
JAVA_HOME=C:\Program Files\Microsoft\jdk-11.0.20.8-hotspot
CLASSPATH=E:\KitProject\App\eShopApp\android\\gradle\wrapper\gradle-wrapper.jar
PATH=E:\KitProject\App\eShopApp\node_modules\.bin;E:\KitProject\App\eShopApp\node_modules\.bin;E:\KitProject\App\node_modules\.bin;E:\KitProject\node_modules\.bin;E:\node_modules\.bin;C:\Program Files\nodejs\node_modules\npm\node_modules\@npmcli\run-script\lib\node-gyp-bin;E:\KitProject\App\eShopApp\node_modules\.bin;E:\KitProject\App\node_modules\.bin;E:\KitProject\node_modules\.bin;E:\node_modules\.bin;C:\Program Files\nodejs\node_modules\npm\node_modules\@npmcli\run-script\lib\node-gyp-bin;C:\Program Files\Microsoft\jdk-11.0.20.8-hotspot\bin;C:\Windows\system32;C:\Windows;C:\Windows\System32\Wbem;C:\Windows\System32\WindowsPowerShell\v1.0\;C:\Windows\System32\OpenSSH\;C:\ProgramData\chocolatey\bin;C:\Program Files\Git\cmd;C:\Users\Admin\AppData\Roaming\nvm;C:\Program Files\nodejs;C:\xampp\php;C:\ProgramData\ComposerSetup\bin;C:\Program Files\nodejs\;C:\Users\Admin\AppData\Local\Microsoft\WindowsApps;C:\Users\Admin\AppData\Local\Programs\Microsoft VS Code\bin;C:\Users\Admin\AppData\Roaming\nvm;C:\Program Files\nodejs;C:\Users\Admin\AppData\Roaming\Composer\vendor\bin;C:\Users\Admin\AppData\Local\Android\Sdk\platform-tools;C:\Users\Admin\AppData\Roaming\npm;C:\Program Files\Microsoft\jdk-11.0.20.8-hotspot;
USERNAME=Admin
LANG=en_US.UTF-8
OS=Windows_NT
PROCESSOR_IDENTIFIER=Intel64 Family 6 Model 78 Stepping 3, GenuineIntel
TMP=C:\Users\Admin\AppData\Local\Temp
TEMP=C:\Users\Admin\AppData\Local\Temp



---------------  S Y S T E M  ---------------

OS: Windows 10 , 64 bit Build 19041 (10.0.19041.1151)
OS uptime: 11 days 16:40 hours
Hyper-V role detected

CPU:total 4 (initial active 4) (2 cores per cpu, 2 threads per core) family 6 model 78 stepping 3 microcode 0xcc, cmov, cx8, fxsr, mmx, sse, sse2, sse3, ssse3, sse4.1, sse4.2, popcnt, avx, avx2, aes, clmul, erms, rtm, 3dnowpref, lzcnt, ht, tsc, tscinvbit, bmi1, bmi2, adx, fma

Memory: 4k page, system-wide physical 8011M (314M free)
TotalPageFile size 25532M (AvailPageFile size 0M)
current process WorkingSet (physical memory assigned to process): 184M, peak: 185M
current process commit charge ("private bytes"): 290M, peak: 292M

vm_info: OpenJDK 64-Bit Server VM (11.0.20+8-LTS) for windows-amd64 JRE (11.0.20+8-LTS), built on Jul  7 2023 17:05:21 by "MicrosoftCorporation" with MS VC++ 15.9 (VS2017)

END.
